   1               		.file	"keymap.c"
   2               	__SP_H__ = 0x3e
   3               	__SP_L__ = 0x3d
   4               	__SREG__ = 0x3f
   5               	__tmp_reg__ = 0
   6               	__zero_reg__ = 1
   7               		.text
   8               	.Ltext0:
   9               		.cfi_sections	.debug_frame
  10               	.global	keymaps
  11               		.section	.progmem.data.keymaps,"a",@progbits
  14               	keymaps:
  15 0000 00        		.byte	0
  16 0001 7C        		.byte	124
  17 0002 00        		.byte	0
  18 0003 AC        		.byte	-84
  19 0004 AA        		.byte	-86
  20 0005 B0        		.byte	-80
  21 0006 29        		.byte	41
  22 0007 3A        		.byte	58
  23 0008 68        		.byte	104
  24 0009 7D        		.byte	125
  25 000a AD        		.byte	-83
  26 000b AB        		.byte	-85
  27 000c A9        		.byte	-87
  28 000d 2B        		.byte	43
  29 000e 35        		.byte	53
  30 000f 3B        		.byte	59
  31 0010 69        		.byte	105
  32 0011 E0        		.byte	-32
  33 0012 E1        		.byte	-31
  34 0013 00        		.byte	0
  35 0014 E0        		.byte	-32
  36 0015 14        		.byte	20
  37 0016 1E        		.byte	30
  38 0017 3C        		.byte	60
  39 0018 6A        		.byte	106
  40 0019 E2        		.byte	-30
  41 001a 1D        		.byte	29
  42 001b 16        		.byte	22
  43 001c 04        		.byte	4
  44 001d 1A        		.byte	26
  45 001e 1F        		.byte	31
  46 001f 3D        		.byte	61
  47 0020 6B        		.byte	107
  48 0021 06        		.byte	6
  49 0022 1B        		.byte	27
  50 0023 07        		.byte	7
  51 0024 08        		.byte	8
  52 0025 21        		.byte	33
  53 0026 20        		.byte	32
  54 0027 3E        		.byte	62
  55 0028 6C        		.byte	108
  56 0029 2C        		.byte	44
  57 002a 19        		.byte	25
  58 002b 09        		.byte	9
  59 002c 17        		.byte	23
  60 002d 15        		.byte	21
  61 002e 22        		.byte	34
  62 002f 3F        		.byte	63
  63 0030 6D        		.byte	109
  64 0031 11        		.byte	17
  65 0032 05        		.byte	5
  66 0033 0B        		.byte	11
  67 0034 0A        		.byte	10
  68 0035 1C        		.byte	28
  69 0036 23        		.byte	35
  70 0037 40        		.byte	64
  71 0038 6E        		.byte	110
  72 0039 E6        		.byte	-26
  73 003a 10        		.byte	16
  74 003b 0D        		.byte	13
  75 003c 18        		.byte	24
  76 003d 24        		.byte	36
  77 003e 25        		.byte	37
  78 003f 41        		.byte	65
  79 0040 6F        		.byte	111
  80 0041 36        		.byte	54
  81 0042 0E        		.byte	14
  82 0043 0C        		.byte	12
  83 0044 12        		.byte	18
  84 0045 27        		.byte	39
  85 0046 26        		.byte	38
  86 0047 42        		.byte	66
  87 0048 70        		.byte	112
  88 0049 37        		.byte	55
  89 004a 38        		.byte	56
  90 004b 0F        		.byte	15
  91 004c 33        		.byte	51
  92 004d 13        		.byte	19
  93 004e 2D        		.byte	45
  94 004f 43        		.byte	67
  95 0050 71        		.byte	113
  96 0051 87        		.byte	-121
  97 0052 34        		.byte	52
  98 0053 32        		.byte	50
  99 0054 2F        		.byte	47
 100 0055 2E        		.byte	46
 101 0056 44        		.byte	68
 102 0057 72        		.byte	114
 103 0058 E7        		.byte	-25
 104 0059 E5        		.byte	-27
 105 005a 28        		.byte	40
 106 005b 30        		.byte	48
 107 005c 31        		.byte	49
 108 005d 00        		.byte	0
 109 005e 45        		.byte	69
 110 005f 48        		.byte	72
 111 0060 51        		.byte	81
 112 0061 50        		.byte	80
 113 0062 51        		.byte	81
 114 0063 52        		.byte	82
 115 0064 4C        		.byte	76
 116 0065 4D        		.byte	77
 117 0066 2A        		.byte	42
 118 0067 49        		.byte	73
 119 0068 00        		.byte	0
 120 0069 59        		.byte	89
 121 006a 4F        		.byte	79
 122 006b 5C        		.byte	92
 123 006c 5F        		.byte	95
 124 006d 4E        		.byte	78
 125 006e 4A        		.byte	74
 126 006f 4B        		.byte	75
 127 0070 62        		.byte	98
 128 0071 63        		.byte	99
 129 0072 5A        		.byte	90
 130 0073 5D        		.byte	93
 131 0074 5E        		.byte	94
 132 0075 60        		.byte	96
 133 0076 53        		.byte	83
 134 0077 54        		.byte	84
 135 0078 00        		.byte	0
 136 0079 58        		.byte	88
 137 007a 5B        		.byte	91
 138 007b 56        		.byte	86
 139 007c 57        		.byte	87
 140 007d 61        		.byte	97
 141 007e 55        		.byte	85
 142 007f 00        		.byte	0
 143 0080 00        		.byte	0
 144 0081 00        		.byte	0
 145 0082 00        		.byte	0
 146 0083 AE        		.byte	-82
 147 0084 46        		.byte	70
 148 0085 00        		.byte	0
 149 0086 00        		.byte	0
 150 0087 00        		.byte	0
 151               	.global	fn_keycode
 152               		.section	.progmem.data.fn_keycode,"a",@progbits
 155               	fn_keycode:
 156 0000 0000 0000 		.zero	8
 156      0000 0000 
 157               	.global	fn_layer
 158               		.section	.progmem.data.fn_layer,"a",@progbits
 161               	fn_layer:
 162 0000 0000 0000 		.zero	8
 162      0000 0000 
 163               		.text
 164               	.Letext0:
 165               		.file 1 "../../tmk_core/common/keycode.h"
 166               		.file 2 "../../tmk_core/common/debug.h"
 167               		.file 3 "/opt/local/avr/include/stdint.h"
 168               		.file 4 "../../tmk_core/common/avr/xprintf.h"
 169               		.file 5 "keymap.c"
DEFINED SYMBOLS
                            *ABS*:0000000000000000 keymap.c
/var/folders/qj/kb_cqn1j20vbbrqdphlhjt3c0000gn/T//cc5ik6Ku.s:2      *ABS*:000000000000003e __SP_H__
/var/folders/qj/kb_cqn1j20vbbrqdphlhjt3c0000gn/T//cc5ik6Ku.s:3      *ABS*:000000000000003d __SP_L__
/var/folders/qj/kb_cqn1j20vbbrqdphlhjt3c0000gn/T//cc5ik6Ku.s:4      *ABS*:000000000000003f __SREG__
/var/folders/qj/kb_cqn1j20vbbrqdphlhjt3c0000gn/T//cc5ik6Ku.s:5      *ABS*:0000000000000000 __tmp_reg__
/var/folders/qj/kb_cqn1j20vbbrqdphlhjt3c0000gn/T//cc5ik6Ku.s:6      *ABS*:0000000000000001 __zero_reg__
/var/folders/qj/kb_cqn1j20vbbrqdphlhjt3c0000gn/T//cc5ik6Ku.s:14     .progmem.data.keymaps:0000000000000000 keymaps
/var/folders/qj/kb_cqn1j20vbbrqdphlhjt3c0000gn/T//cc5ik6Ku.s:155    .progmem.data.fn_keycode:0000000000000000 fn_keycode
/var/folders/qj/kb_cqn1j20vbbrqdphlhjt3c0000gn/T//cc5ik6Ku.s:161    .progmem.data.fn_layer:0000000000000000 fn_layer

NO UNDEFINED SYMBOLS
