   1               		.file	"led.c"
   2               	__SP_H__ = 0x3e
   3               	__SP_L__ = 0x3d
   4               	__SREG__ = 0x3f
   5               	__tmp_reg__ = 0
   6               	__zero_reg__ = 1
   7               		.text
   8               	.Ltext0:
   9               		.cfi_sections	.debug_frame
  10               		.section	.text.led_set,"ax",@progbits
  11               	.global	led_set
  13               	led_set:
  14               	.LFB13:
  15               		.file 1 "led.c"
   1:led.c         **** /*
   2:led.c         **** Copyright 2011 Jun Wako <wakojun@gmail.com>
   3:led.c         **** 
   4:led.c         **** This program is free software: you can redistribute it and/or modify
   5:led.c         **** it under the terms of the GNU General Public License as published by
   6:led.c         **** the Free Software Foundation, either version 2 of the License, or
   7:led.c         **** (at your option) any later version.
   8:led.c         **** 
   9:led.c         **** This program is distributed in the hope that it will be useful,
  10:led.c         **** but WITHOUT ANY WARRANTY; without even the implied warranty of
  11:led.c         **** MERCHANTABILITY or FITNESS FOR A PARTICULAR PURPOSE.  See the
  12:led.c         **** GNU General Public License for more details.
  13:led.c         **** 
  14:led.c         **** You should have received a copy of the GNU General Public License
  15:led.c         **** along with this program.  If not, see <http://www.gnu.org/licenses/>.
  16:led.c         **** */
  17:led.c         **** 
  18:led.c         **** #include "stdint.h"
  19:led.c         **** #include "ps2.h"
  20:led.c         **** #include "led.h"
  21:led.c         **** 
  22:led.c         **** 
  23:led.c         **** void led_set(uint8_t usb_led)
  24:led.c         **** {
  16               		.loc 1 24 0
  17               		.cfi_startproc
  18               	.LVL0:
  19               	/* prologue: function */
  20               	/* frame size = 0 */
  21               	/* stack size = 0 */
  22               	.L__stack_usage = 0
  23 0000 982F      		mov r25,r24
  24               	.LVL1:
  25:led.c         ****     uint8_t ps2_led = 0;
  26:led.c         ****     if (usb_led &  (1<<USB_LED_SCROLL_LOCK))
  25               		.loc 1 26 0
  26 0002 82FB      		bst r24,2
  27 0004 8827      		clr r24
  28 0006 80F9      		bld r24,0
  29               	.LVL2:
  27:led.c         ****         ps2_led |= (1<<PS2_LED_SCROLL_LOCK);
  28:led.c         ****     if (usb_led &  (1<<USB_LED_NUM_LOCK))
  30               		.loc 1 28 0
  31 0008 90FD      		sbrc r25,0
  29:led.c         ****         ps2_led |= (1<<PS2_LED_NUM_LOCK);
  32               		.loc 1 29 0
  33 000a 8260      		ori r24,lo8(2)
  34               	.LVL3:
  35               	.L2:
  30:led.c         ****     if (usb_led &  (1<<USB_LED_CAPS_LOCK))
  36               		.loc 1 30 0
  37 000c 91FD      		sbrc r25,1
  31:led.c         ****         ps2_led |= (1<<PS2_LED_CAPS_LOCK);
  38               		.loc 1 31 0
  39 000e 8460      		ori r24,lo8(4)
  40               	.LVL4:
  41               	.L3:
  32:led.c         ****     ps2_host_set_led(ps2_led);
  42               		.loc 1 32 0
  43 0010 0C94 0000 		jmp ps2_host_set_led
  44               	.LVL5:
  45               		.cfi_endproc
  46               	.LFE13:
  48               		.text
  49               	.Letext0:
  50               		.file 2 "../../tmk_core/common/avr/xprintf.h"
  51               		.file 3 "../../tmk_core/protocol/ps2.h"
  52               		.file 4 "/opt/local/avr/include/stdint.h"
DEFINED SYMBOLS
                            *ABS*:0000000000000000 led.c
/var/folders/qj/kb_cqn1j20vbbrqdphlhjt3c0000gn/T//ccDRVWc6.s:2      *ABS*:000000000000003e __SP_H__
/var/folders/qj/kb_cqn1j20vbbrqdphlhjt3c0000gn/T//ccDRVWc6.s:3      *ABS*:000000000000003d __SP_L__
/var/folders/qj/kb_cqn1j20vbbrqdphlhjt3c0000gn/T//ccDRVWc6.s:4      *ABS*:000000000000003f __SREG__
/var/folders/qj/kb_cqn1j20vbbrqdphlhjt3c0000gn/T//ccDRVWc6.s:5      *ABS*:0000000000000000 __tmp_reg__
/var/folders/qj/kb_cqn1j20vbbrqdphlhjt3c0000gn/T//ccDRVWc6.s:6      *ABS*:0000000000000001 __zero_reg__
/var/folders/qj/kb_cqn1j20vbbrqdphlhjt3c0000gn/T//ccDRVWc6.s:13     .text.led_set:0000000000000000 led_set

UNDEFINED SYMBOLS
ps2_host_set_led
