   1               		.file	"bootloader.c"
   2               	__SP_H__ = 0x3e
   3               	__SP_L__ = 0x3d
   4               	__SREG__ = 0x3f
   5               	__tmp_reg__ = 0
   6               	__zero_reg__ = 1
   7               		.text
   8               	.Ltext0:
   9               		.cfi_sections	.debug_frame
  10               		.section	.text.bootloader_jump,"ax",@progbits
  11               	.global	bootloader_jump
  13               	bootloader_jump:
  14               	.LFB102:
  15               		.file 1 "/users/hunter/downloads/tmk_core/common/avr/bootloader.c"
   1:/users/hunter/downloads/tmk_core/common/avr/bootloader.c **** #include <stdint.h>
   2:/users/hunter/downloads/tmk_core/common/avr/bootloader.c **** #include <stdbool.h>
   3:/users/hunter/downloads/tmk_core/common/avr/bootloader.c **** #include <avr/io.h>
   4:/users/hunter/downloads/tmk_core/common/avr/bootloader.c **** #include <avr/interrupt.h>
   5:/users/hunter/downloads/tmk_core/common/avr/bootloader.c **** #include <avr/wdt.h>
   6:/users/hunter/downloads/tmk_core/common/avr/bootloader.c **** #include <util/delay.h>
   7:/users/hunter/downloads/tmk_core/common/avr/bootloader.c **** #include "bootloader.h"
   8:/users/hunter/downloads/tmk_core/common/avr/bootloader.c **** 
   9:/users/hunter/downloads/tmk_core/common/avr/bootloader.c **** #ifdef PROTOCOL_LUFA
  10:/users/hunter/downloads/tmk_core/common/avr/bootloader.c **** #include <LUFA/Drivers/USB/USB.h>
  11:/users/hunter/downloads/tmk_core/common/avr/bootloader.c **** #endif
  12:/users/hunter/downloads/tmk_core/common/avr/bootloader.c **** 
  13:/users/hunter/downloads/tmk_core/common/avr/bootloader.c **** 
  14:/users/hunter/downloads/tmk_core/common/avr/bootloader.c **** /* Bootloader Size in *bytes*
  15:/users/hunter/downloads/tmk_core/common/avr/bootloader.c ****  *
  16:/users/hunter/downloads/tmk_core/common/avr/bootloader.c ****  * AVR Boot section size are defined by setting BOOTSZ fuse in fact. Consult with your MCU datashee
  17:/users/hunter/downloads/tmk_core/common/avr/bootloader.c ****  * Note that 'Word'(2 bytes) size and address are used in datasheet while TMK uses 'Byte'.
  18:/users/hunter/downloads/tmk_core/common/avr/bootloader.c ****  *
  19:/users/hunter/downloads/tmk_core/common/avr/bootloader.c ****  *
  20:/users/hunter/downloads/tmk_core/common/avr/bootloader.c ****  * Size of Bootloaders in bytes:
  21:/users/hunter/downloads/tmk_core/common/avr/bootloader.c ****  *   Atmel DFU loader(ATmega32U4)   4096
  22:/users/hunter/downloads/tmk_core/common/avr/bootloader.c ****  *   Atmel DFU loader(AT90USB128)   8192
  23:/users/hunter/downloads/tmk_core/common/avr/bootloader.c ****  *   LUFA bootloader(ATmega32U4)    4096
  24:/users/hunter/downloads/tmk_core/common/avr/bootloader.c ****  *   Arduino Caterina(ATmega32U4)   4096
  25:/users/hunter/downloads/tmk_core/common/avr/bootloader.c ****  *   USBaspLoader(ATmega***)        2048
  26:/users/hunter/downloads/tmk_core/common/avr/bootloader.c ****  *   Teensy   halfKay(ATmega32U4)   512
  27:/users/hunter/downloads/tmk_core/common/avr/bootloader.c ****  *   Teensy++ halfKay(AT90USB128)   1024
  28:/users/hunter/downloads/tmk_core/common/avr/bootloader.c ****  *
  29:/users/hunter/downloads/tmk_core/common/avr/bootloader.c ****  *
  30:/users/hunter/downloads/tmk_core/common/avr/bootloader.c ****  * AVR Boot section is located at the end of Flash memory like the followings.
  31:/users/hunter/downloads/tmk_core/common/avr/bootloader.c ****  *
  32:/users/hunter/downloads/tmk_core/common/avr/bootloader.c ****  *
  33:/users/hunter/downloads/tmk_core/common/avr/bootloader.c ****  * byte     Atmel/LUFA(ATMega32u4)          byte     Atmel(AT90SUB128)
  34:/users/hunter/downloads/tmk_core/common/avr/bootloader.c ****  * 0x0000   +---------------+               0x00000  +---------------+
  35:/users/hunter/downloads/tmk_core/common/avr/bootloader.c ****  *          |               |                        |               |
  36:/users/hunter/downloads/tmk_core/common/avr/bootloader.c ****  *          |               |                        |               |
  37:/users/hunter/downloads/tmk_core/common/avr/bootloader.c ****  *          |  Application  |                        |  Application  |
  38:/users/hunter/downloads/tmk_core/common/avr/bootloader.c ****  *          |               |                        |               |
  39:/users/hunter/downloads/tmk_core/common/avr/bootloader.c ****  *          =               =                        =               =
  40:/users/hunter/downloads/tmk_core/common/avr/bootloader.c ****  *          |               | 32KB-4KB               |               | 128KB-8KB
  41:/users/hunter/downloads/tmk_core/common/avr/bootloader.c ****  * 0x6000   +---------------+               0x1FC00  +---------------+
  42:/users/hunter/downloads/tmk_core/common/avr/bootloader.c ****  *          |  Bootloader   | 4KB                    |  Bootloader   | 8KB
  43:/users/hunter/downloads/tmk_core/common/avr/bootloader.c ****  * 0x7FFF   +---------------+               0x1FFFF  +---------------+
  44:/users/hunter/downloads/tmk_core/common/avr/bootloader.c ****  *
  45:/users/hunter/downloads/tmk_core/common/avr/bootloader.c ****  *
  46:/users/hunter/downloads/tmk_core/common/avr/bootloader.c ****  * byte     Teensy(ATMega32u4)              byte     Teensy++(AT90SUB128)
  47:/users/hunter/downloads/tmk_core/common/avr/bootloader.c ****  * 0x0000   +---------------+               0x00000  +---------------+
  48:/users/hunter/downloads/tmk_core/common/avr/bootloader.c ****  *          |               |                        |               |
  49:/users/hunter/downloads/tmk_core/common/avr/bootloader.c ****  *          |               |                        |               |
  50:/users/hunter/downloads/tmk_core/common/avr/bootloader.c ****  *          |  Application  |                        |  Application  |
  51:/users/hunter/downloads/tmk_core/common/avr/bootloader.c ****  *          |               |                        |               |
  52:/users/hunter/downloads/tmk_core/common/avr/bootloader.c ****  *          =               =                        =               =
  53:/users/hunter/downloads/tmk_core/common/avr/bootloader.c ****  *          |               | 32KB-512B              |               | 128KB-1KB
  54:/users/hunter/downloads/tmk_core/common/avr/bootloader.c ****  * 0x7E00   +---------------+               0x1FC00  +---------------+
  55:/users/hunter/downloads/tmk_core/common/avr/bootloader.c ****  *          |  Bootloader   | 512B                   |  Bootloader   | 1KB
  56:/users/hunter/downloads/tmk_core/common/avr/bootloader.c ****  * 0x7FFF   +---------------+               0x1FFFF  +---------------+
  57:/users/hunter/downloads/tmk_core/common/avr/bootloader.c ****  */
  58:/users/hunter/downloads/tmk_core/common/avr/bootloader.c **** #ifndef BOOTLOADER_SIZE
  59:/users/hunter/downloads/tmk_core/common/avr/bootloader.c **** #warning To use bootloader_jump() you need to define BOOTLOADER_SIZE in config.h.
  60:/users/hunter/downloads/tmk_core/common/avr/bootloader.c **** #define BOOTLOADER_SIZE     4096
  61:/users/hunter/downloads/tmk_core/common/avr/bootloader.c **** #endif
  62:/users/hunter/downloads/tmk_core/common/avr/bootloader.c **** 
  63:/users/hunter/downloads/tmk_core/common/avr/bootloader.c **** #define FLASH_SIZE          (FLASHEND + 1L)
  64:/users/hunter/downloads/tmk_core/common/avr/bootloader.c **** #define BOOTLOADER_START    (FLASH_SIZE - BOOTLOADER_SIZE)
  65:/users/hunter/downloads/tmk_core/common/avr/bootloader.c **** 
  66:/users/hunter/downloads/tmk_core/common/avr/bootloader.c **** 
  67:/users/hunter/downloads/tmk_core/common/avr/bootloader.c **** /* 
  68:/users/hunter/downloads/tmk_core/common/avr/bootloader.c ****  * Entering the Bootloader via Software 
  69:/users/hunter/downloads/tmk_core/common/avr/bootloader.c ****  * http://www.fourwalledcubicle.com/files/LUFA/Doc/120730/html/_page__software_bootloader_start.htm
  70:/users/hunter/downloads/tmk_core/common/avr/bootloader.c ****  */
  71:/users/hunter/downloads/tmk_core/common/avr/bootloader.c **** #define BOOTLOADER_RESET_KEY 0xB007B007
  72:/users/hunter/downloads/tmk_core/common/avr/bootloader.c **** uint32_t reset_key  __attribute__ ((section (".noinit")));
  73:/users/hunter/downloads/tmk_core/common/avr/bootloader.c **** 
  74:/users/hunter/downloads/tmk_core/common/avr/bootloader.c **** /* initialize MCU status by watchdog reset */
  75:/users/hunter/downloads/tmk_core/common/avr/bootloader.c **** void bootloader_jump(void) {
  16               		.loc 1 75 0
  17               		.cfi_startproc
  18               	/* prologue: function */
  19               	/* frame size = 0 */
  20               	/* stack size = 0 */
  21               	.L__stack_usage = 0
  76:/users/hunter/downloads/tmk_core/common/avr/bootloader.c **** #ifdef PROTOCOL_LUFA
  77:/users/hunter/downloads/tmk_core/common/avr/bootloader.c ****     USB_Disable();
  22               		.loc 1 77 0
  23 0000 0E94 0000 		call USB_Disable
  24               	.LVL0:
  78:/users/hunter/downloads/tmk_core/common/avr/bootloader.c ****     cli();
  25               		.loc 1 78 0
  26               	/* #APP */
  27               	 ;  78 "/users/hunter/downloads/tmk_core/common/avr/bootloader.c" 1
  28 0004 F894      		cli
  29               	 ;  0 "" 2
  30               	.LVL1:
  31               	/* #NOAPP */
  32               	.LBB9:
  33               	.LBB10:
  34               		.file 2 "/opt/local/avr/include/util/delay.h"
   1:/opt/local/avr/include/util/delay.h **** /* Copyright (c) 2002, Marek Michalkiewicz
   2:/opt/local/avr/include/util/delay.h ****    Copyright (c) 2004,2005,2007 Joerg Wunsch
   3:/opt/local/avr/include/util/delay.h ****    Copyright (c) 2007  Florin-Viorel Petrov
   4:/opt/local/avr/include/util/delay.h ****    All rights reserved.
   5:/opt/local/avr/include/util/delay.h **** 
   6:/opt/local/avr/include/util/delay.h ****    Redistribution and use in source and binary forms, with or without
   7:/opt/local/avr/include/util/delay.h ****    modification, are permitted provided that the following conditions are met:
   8:/opt/local/avr/include/util/delay.h **** 
   9:/opt/local/avr/include/util/delay.h ****    * Redistributions of source code must retain the above copyright
  10:/opt/local/avr/include/util/delay.h ****      notice, this list of conditions and the following disclaimer.
  11:/opt/local/avr/include/util/delay.h **** 
  12:/opt/local/avr/include/util/delay.h ****    * Redistributions in binary form must reproduce the above copyright
  13:/opt/local/avr/include/util/delay.h ****      notice, this list of conditions and the following disclaimer in
  14:/opt/local/avr/include/util/delay.h ****      the documentation and/or other materials provided with the
  15:/opt/local/avr/include/util/delay.h ****      distribution.
  16:/opt/local/avr/include/util/delay.h **** 
  17:/opt/local/avr/include/util/delay.h ****    * Neither the name of the copyright holders nor the names of
  18:/opt/local/avr/include/util/delay.h ****      contributors may be used to endorse or promote products derived
  19:/opt/local/avr/include/util/delay.h ****      from this software without specific prior written permission.
  20:/opt/local/avr/include/util/delay.h **** 
  21:/opt/local/avr/include/util/delay.h ****   THIS SOFTWARE IS PROVIDED BY THE COPYRIGHT HOLDERS AND CONTRIBUTORS "AS IS"
  22:/opt/local/avr/include/util/delay.h ****   AND ANY EXPRESS OR IMPLIED WARRANTIES, INCLUDING, BUT NOT LIMITED TO, THE
  23:/opt/local/avr/include/util/delay.h ****   IMPLIED WARRANTIES OF MERCHANTABILITY AND FITNESS FOR A PARTICULAR PURPOSE
  24:/opt/local/avr/include/util/delay.h ****   ARE DISCLAIMED. IN NO EVENT SHALL THE COPYRIGHT OWNER OR CONTRIBUTORS BE
  25:/opt/local/avr/include/util/delay.h ****   LIABLE FOR ANY DIRECT, INDIRECT, INCIDENTAL, SPECIAL, EXEMPLARY, OR
  26:/opt/local/avr/include/util/delay.h ****   CONSEQUENTIAL DAMAGES (INCLUDING, BUT NOT LIMITED TO, PROCUREMENT OF
  27:/opt/local/avr/include/util/delay.h ****   SUBSTITUTE GOODS OR SERVICES; LOSS OF USE, DATA, OR PROFITS; OR BUSINESS
  28:/opt/local/avr/include/util/delay.h ****   INTERRUPTION) HOWEVER CAUSED AND ON ANY THEORY OF LIABILITY, WHETHER IN
  29:/opt/local/avr/include/util/delay.h ****   CONTRACT, STRICT LIABILITY, OR TORT (INCLUDING NEGLIGENCE OR OTHERWISE)
  30:/opt/local/avr/include/util/delay.h ****   ARISING IN ANY WAY OUT OF THE USE OF THIS SOFTWARE, EVEN IF ADVISED OF THE
  31:/opt/local/avr/include/util/delay.h ****   POSSIBILITY OF SUCH DAMAGE. */
  32:/opt/local/avr/include/util/delay.h **** 
  33:/opt/local/avr/include/util/delay.h **** /* $Id: delay.h.in 2506 2016-02-08 10:05:45Z joerg_wunsch $ */
  34:/opt/local/avr/include/util/delay.h **** 
  35:/opt/local/avr/include/util/delay.h **** #ifndef _UTIL_DELAY_H_
  36:/opt/local/avr/include/util/delay.h **** #define _UTIL_DELAY_H_ 1
  37:/opt/local/avr/include/util/delay.h **** 
  38:/opt/local/avr/include/util/delay.h **** #ifndef __DOXYGEN__
  39:/opt/local/avr/include/util/delay.h **** #  ifndef __HAS_DELAY_CYCLES
  40:/opt/local/avr/include/util/delay.h **** #    define __HAS_DELAY_CYCLES 1
  41:/opt/local/avr/include/util/delay.h **** #  endif
  42:/opt/local/avr/include/util/delay.h **** #endif  /* __DOXYGEN__ */
  43:/opt/local/avr/include/util/delay.h **** 
  44:/opt/local/avr/include/util/delay.h **** #include <inttypes.h>
  45:/opt/local/avr/include/util/delay.h **** #include <util/delay_basic.h>
  46:/opt/local/avr/include/util/delay.h **** #include <math.h>
  47:/opt/local/avr/include/util/delay.h **** 
  48:/opt/local/avr/include/util/delay.h **** /** \file */
  49:/opt/local/avr/include/util/delay.h **** /** \defgroup util_delay <util/delay.h>: Convenience functions for busy-wait delay loops
  50:/opt/local/avr/include/util/delay.h ****     \code
  51:/opt/local/avr/include/util/delay.h ****     #define F_CPU 1000000UL  // 1 MHz
  52:/opt/local/avr/include/util/delay.h ****     //#define F_CPU 14.7456E6
  53:/opt/local/avr/include/util/delay.h ****     #include <util/delay.h>
  54:/opt/local/avr/include/util/delay.h ****     \endcode
  55:/opt/local/avr/include/util/delay.h **** 
  56:/opt/local/avr/include/util/delay.h ****     \note As an alternative method, it is possible to pass the
  57:/opt/local/avr/include/util/delay.h ****     F_CPU macro down to the compiler from the Makefile.
  58:/opt/local/avr/include/util/delay.h ****     Obviously, in that case, no \c \#define statement should be
  59:/opt/local/avr/include/util/delay.h ****     used.
  60:/opt/local/avr/include/util/delay.h **** 
  61:/opt/local/avr/include/util/delay.h ****     The functions in this header file are wrappers around the basic
  62:/opt/local/avr/include/util/delay.h ****     busy-wait functions from <util/delay_basic.h>.  They are meant as
  63:/opt/local/avr/include/util/delay.h ****     convenience functions where actual time values can be specified
  64:/opt/local/avr/include/util/delay.h ****     rather than a number of cycles to wait for.  The idea behind is
  65:/opt/local/avr/include/util/delay.h ****     that compile-time constant expressions will be eliminated by
  66:/opt/local/avr/include/util/delay.h ****     compiler optimization so floating-point expressions can be used
  67:/opt/local/avr/include/util/delay.h ****     to calculate the number of delay cycles needed based on the CPU
  68:/opt/local/avr/include/util/delay.h ****     frequency passed by the macro F_CPU.
  69:/opt/local/avr/include/util/delay.h **** 
  70:/opt/local/avr/include/util/delay.h ****     \note In order for these functions to work as intended, compiler
  71:/opt/local/avr/include/util/delay.h ****     optimizations <em>must</em> be enabled, and the delay time
  72:/opt/local/avr/include/util/delay.h ****     <em>must</em> be an expression that is a known constant at
  73:/opt/local/avr/include/util/delay.h ****     compile-time.  If these requirements are not met, the resulting
  74:/opt/local/avr/include/util/delay.h ****     delay will be much longer (and basically unpredictable), and
  75:/opt/local/avr/include/util/delay.h ****     applications that otherwise do not use floating-point calculations
  76:/opt/local/avr/include/util/delay.h ****     will experience severe code bloat by the floating-point library
  77:/opt/local/avr/include/util/delay.h ****     routines linked into the application.
  78:/opt/local/avr/include/util/delay.h **** 
  79:/opt/local/avr/include/util/delay.h ****     The functions available allow the specification of microsecond, and
  80:/opt/local/avr/include/util/delay.h ****     millisecond delays directly, using the application-supplied macro
  81:/opt/local/avr/include/util/delay.h ****     F_CPU as the CPU clock frequency (in Hertz).
  82:/opt/local/avr/include/util/delay.h **** 
  83:/opt/local/avr/include/util/delay.h **** */
  84:/opt/local/avr/include/util/delay.h **** 
  85:/opt/local/avr/include/util/delay.h **** #if !defined(__DOXYGEN__)
  86:/opt/local/avr/include/util/delay.h **** static __inline__ void _delay_us(double __us) __attribute__((__always_inline__));
  87:/opt/local/avr/include/util/delay.h **** static __inline__ void _delay_ms(double __ms) __attribute__((__always_inline__));
  88:/opt/local/avr/include/util/delay.h **** #endif
  89:/opt/local/avr/include/util/delay.h **** 
  90:/opt/local/avr/include/util/delay.h **** #ifndef F_CPU
  91:/opt/local/avr/include/util/delay.h **** /* prevent compiler error by supplying a default */
  92:/opt/local/avr/include/util/delay.h **** # warning "F_CPU not defined for <util/delay.h>"
  93:/opt/local/avr/include/util/delay.h **** /** \ingroup util_delay
  94:/opt/local/avr/include/util/delay.h ****     \def F_CPU
  95:/opt/local/avr/include/util/delay.h ****     \brief CPU frequency in Hz
  96:/opt/local/avr/include/util/delay.h **** 
  97:/opt/local/avr/include/util/delay.h ****     The macro F_CPU specifies the CPU frequency to be considered by
  98:/opt/local/avr/include/util/delay.h ****     the delay macros.  This macro is normally supplied by the
  99:/opt/local/avr/include/util/delay.h ****     environment (e.g. from within a project header, or the project's
 100:/opt/local/avr/include/util/delay.h ****     Makefile).  The value 1 MHz here is only provided as a "vanilla"
 101:/opt/local/avr/include/util/delay.h ****     fallback if no such user-provided definition could be found.
 102:/opt/local/avr/include/util/delay.h **** 
 103:/opt/local/avr/include/util/delay.h ****     In terms of the delay functions, the CPU frequency can be given as
 104:/opt/local/avr/include/util/delay.h ****     a floating-point constant (e.g. 3.6864E6 for 3.6864 MHz).
 105:/opt/local/avr/include/util/delay.h ****     However, the macros in <util/setbaud.h> require it to be an
 106:/opt/local/avr/include/util/delay.h ****     integer value.
 107:/opt/local/avr/include/util/delay.h ****  */
 108:/opt/local/avr/include/util/delay.h **** # define F_CPU 1000000UL
 109:/opt/local/avr/include/util/delay.h **** #endif
 110:/opt/local/avr/include/util/delay.h **** 
 111:/opt/local/avr/include/util/delay.h **** #ifndef __OPTIMIZE__
 112:/opt/local/avr/include/util/delay.h **** # warning "Compiler optimizations disabled; functions from <util/delay.h> won't work as designed"
 113:/opt/local/avr/include/util/delay.h **** #endif
 114:/opt/local/avr/include/util/delay.h **** 
 115:/opt/local/avr/include/util/delay.h **** #if __HAS_DELAY_CYCLES && defined(__OPTIMIZE__) && \
 116:/opt/local/avr/include/util/delay.h ****   !defined(__DELAY_BACKWARD_COMPATIBLE__) &&	   \
 117:/opt/local/avr/include/util/delay.h ****   __STDC_HOSTED__
 118:/opt/local/avr/include/util/delay.h **** #  include <math.h>
 119:/opt/local/avr/include/util/delay.h **** #endif
 120:/opt/local/avr/include/util/delay.h **** 
 121:/opt/local/avr/include/util/delay.h **** /**
 122:/opt/local/avr/include/util/delay.h ****    \ingroup util_delay
 123:/opt/local/avr/include/util/delay.h **** 
 124:/opt/local/avr/include/util/delay.h ****    Perform a delay of \c __ms milliseconds, using _delay_loop_2().
 125:/opt/local/avr/include/util/delay.h **** 
 126:/opt/local/avr/include/util/delay.h ****    The macro F_CPU is supposed to be defined to a
 127:/opt/local/avr/include/util/delay.h ****    constant defining the CPU clock frequency (in Hertz).
 128:/opt/local/avr/include/util/delay.h **** 
 129:/opt/local/avr/include/util/delay.h ****    The maximal possible delay is 262.14 ms / F_CPU in MHz.
 130:/opt/local/avr/include/util/delay.h **** 
 131:/opt/local/avr/include/util/delay.h ****    When the user request delay which exceed the maximum possible one,
 132:/opt/local/avr/include/util/delay.h ****    _delay_ms() provides a decreased resolution functionality. In this
 133:/opt/local/avr/include/util/delay.h ****    mode _delay_ms() will work with a resolution of 1/10 ms, providing
 134:/opt/local/avr/include/util/delay.h ****    delays up to 6.5535 seconds (independent from CPU frequency).  The
 135:/opt/local/avr/include/util/delay.h ****    user will not be informed about decreased resolution.
 136:/opt/local/avr/include/util/delay.h **** 
 137:/opt/local/avr/include/util/delay.h ****    If the avr-gcc toolchain has __builtin_avr_delay_cycles()
 138:/opt/local/avr/include/util/delay.h ****    support, maximal possible delay is 4294967.295 ms/ F_CPU in MHz. For
 139:/opt/local/avr/include/util/delay.h ****    values greater than the maximal possible delay, overflows results in
 140:/opt/local/avr/include/util/delay.h ****    no delay i.e., 0ms.
 141:/opt/local/avr/include/util/delay.h **** 
 142:/opt/local/avr/include/util/delay.h ****    Conversion of \c __ms into clock cycles may not always result in
 143:/opt/local/avr/include/util/delay.h ****    integer.  By default, the clock cycles rounded up to next
 144:/opt/local/avr/include/util/delay.h ****    integer. This ensures that the user gets at least \c __ms
 145:/opt/local/avr/include/util/delay.h ****    microseconds of delay.
 146:/opt/local/avr/include/util/delay.h **** 
 147:/opt/local/avr/include/util/delay.h ****    Alternatively, by defining the macro \c __DELAY_ROUND_DOWN__, or
 148:/opt/local/avr/include/util/delay.h ****    \c __DELAY_ROUND_CLOSEST__, before including this header file, the
 149:/opt/local/avr/include/util/delay.h ****    algorithm can be made to round down, or round to closest integer,
 150:/opt/local/avr/include/util/delay.h ****    respectively.
 151:/opt/local/avr/include/util/delay.h **** 
 152:/opt/local/avr/include/util/delay.h ****    \note
 153:/opt/local/avr/include/util/delay.h **** 
 154:/opt/local/avr/include/util/delay.h ****    The implementation of _delay_ms() based on
 155:/opt/local/avr/include/util/delay.h ****    __builtin_avr_delay_cycles() is not backward compatible with older
 156:/opt/local/avr/include/util/delay.h ****    implementations.  In order to get functionality backward compatible
 157:/opt/local/avr/include/util/delay.h ****    with previous versions, the macro \c "__DELAY_BACKWARD_COMPATIBLE__"
 158:/opt/local/avr/include/util/delay.h ****    must be defined before including this header file. Also, the
 159:/opt/local/avr/include/util/delay.h ****    backward compatible algorithm will be chosen if the code is
 160:/opt/local/avr/include/util/delay.h ****    compiled in a <em>freestanding environment</em> (GCC option
 161:/opt/local/avr/include/util/delay.h ****    \c -ffreestanding), as the math functions required for rounding are
 162:/opt/local/avr/include/util/delay.h ****    not available to the compiler then.
 163:/opt/local/avr/include/util/delay.h **** 
 164:/opt/local/avr/include/util/delay.h ****  */
 165:/opt/local/avr/include/util/delay.h **** void
 166:/opt/local/avr/include/util/delay.h **** _delay_ms(double __ms)
 167:/opt/local/avr/include/util/delay.h **** {
 168:/opt/local/avr/include/util/delay.h **** 	double __tmp ;
 169:/opt/local/avr/include/util/delay.h **** #if __HAS_DELAY_CYCLES && defined(__OPTIMIZE__) && \
 170:/opt/local/avr/include/util/delay.h ****   !defined(__DELAY_BACKWARD_COMPATIBLE__) &&	   \
 171:/opt/local/avr/include/util/delay.h ****   __STDC_HOSTED__
 172:/opt/local/avr/include/util/delay.h **** 	uint32_t __ticks_dc;
 173:/opt/local/avr/include/util/delay.h **** 	extern void __builtin_avr_delay_cycles(unsigned long);
 174:/opt/local/avr/include/util/delay.h **** 	__tmp = ((F_CPU) / 1e3) * __ms;
 175:/opt/local/avr/include/util/delay.h **** 
 176:/opt/local/avr/include/util/delay.h **** 	#if defined(__DELAY_ROUND_DOWN__)
 177:/opt/local/avr/include/util/delay.h **** 		__ticks_dc = (uint32_t)fabs(__tmp);
 178:/opt/local/avr/include/util/delay.h **** 
 179:/opt/local/avr/include/util/delay.h **** 	#elif defined(__DELAY_ROUND_CLOSEST__)
 180:/opt/local/avr/include/util/delay.h **** 		__ticks_dc = (uint32_t)(fabs(__tmp)+0.5);
 181:/opt/local/avr/include/util/delay.h **** 
 182:/opt/local/avr/include/util/delay.h **** 	#else
 183:/opt/local/avr/include/util/delay.h **** 		//round up by default
 184:/opt/local/avr/include/util/delay.h **** 		__ticks_dc = (uint32_t)(ceil(fabs(__tmp)));
 185:/opt/local/avr/include/util/delay.h **** 	#endif
 186:/opt/local/avr/include/util/delay.h **** 
 187:/opt/local/avr/include/util/delay.h **** 	__builtin_avr_delay_cycles(__ticks_dc);
  35               		.loc 2 187 0
  36 0006 2FEF      		ldi r18,lo8(6399999)
  37 0008 87EA      		ldi r24,hi8(6399999)
  38 000a 91E6      		ldi r25,hlo8(6399999)
  39 000c 2150      	1:	subi r18,1
  40 000e 8040      		sbci r24,0
  41 0010 9040      		sbci r25,0
  42 0012 01F4      		brne 1b
  43 0014 00C0      		rjmp .
  44 0016 0000      		nop
  45               	.LVL2:
  46               	.LBE10:
  47               	.LBE9:
  79:/users/hunter/downloads/tmk_core/common/avr/bootloader.c ****     _delay_ms(2000);
  80:/users/hunter/downloads/tmk_core/common/avr/bootloader.c **** #endif
  81:/users/hunter/downloads/tmk_core/common/avr/bootloader.c **** 
  82:/users/hunter/downloads/tmk_core/common/avr/bootloader.c **** #ifdef PROTOCOL_PJRC
  83:/users/hunter/downloads/tmk_core/common/avr/bootloader.c ****     cli();
  84:/users/hunter/downloads/tmk_core/common/avr/bootloader.c ****     UDCON = 1;
  85:/users/hunter/downloads/tmk_core/common/avr/bootloader.c ****     USBCON = (1<<FRZCLK);
  86:/users/hunter/downloads/tmk_core/common/avr/bootloader.c ****     UCSR1B = 0;
  87:/users/hunter/downloads/tmk_core/common/avr/bootloader.c ****     _delay_ms(5);
  88:/users/hunter/downloads/tmk_core/common/avr/bootloader.c **** #endif
  89:/users/hunter/downloads/tmk_core/common/avr/bootloader.c **** 
  90:/users/hunter/downloads/tmk_core/common/avr/bootloader.c ****     // watchdog reset
  91:/users/hunter/downloads/tmk_core/common/avr/bootloader.c ****     reset_key = BOOTLOADER_RESET_KEY;
  48               		.loc 1 91 0
  49 0018 87E0      		ldi r24,lo8(7)
  50 001a 90EB      		ldi r25,lo8(-80)
  51 001c DC01      		movw r26,r24
  52 001e 8093 0000 		sts reset_key,r24
  53 0022 9093 0000 		sts reset_key+1,r25
  54 0026 A093 0000 		sts reset_key+2,r26
  55 002a B093 0000 		sts reset_key+3,r27
  56               	.LVL3:
  57               	.LBB11:
  58               	.LBB12:
  59               		.file 3 "/opt/local/avr/include/avr/wdt.h"
   1:/opt/local/avr/include/avr/wdt.h **** /* Copyright (c) 2002, 2004 Marek Michalkiewicz
   2:/opt/local/avr/include/avr/wdt.h ****    Copyright (c) 2005, 2006, 2007 Eric B. Weddington
   3:/opt/local/avr/include/avr/wdt.h ****    All rights reserved.
   4:/opt/local/avr/include/avr/wdt.h **** 
   5:/opt/local/avr/include/avr/wdt.h ****    Redistribution and use in source and binary forms, with or without
   6:/opt/local/avr/include/avr/wdt.h ****    modification, are permitted provided that the following conditions are met:
   7:/opt/local/avr/include/avr/wdt.h **** 
   8:/opt/local/avr/include/avr/wdt.h ****    * Redistributions of source code must retain the above copyright
   9:/opt/local/avr/include/avr/wdt.h ****      notice, this list of conditions and the following disclaimer.
  10:/opt/local/avr/include/avr/wdt.h **** 
  11:/opt/local/avr/include/avr/wdt.h ****    * Redistributions in binary form must reproduce the above copyright
  12:/opt/local/avr/include/avr/wdt.h ****      notice, this list of conditions and the following disclaimer in
  13:/opt/local/avr/include/avr/wdt.h ****      the documentation and/or other materials provided with the
  14:/opt/local/avr/include/avr/wdt.h ****      distribution.
  15:/opt/local/avr/include/avr/wdt.h **** 
  16:/opt/local/avr/include/avr/wdt.h ****    * Neither the name of the copyright holders nor the names of
  17:/opt/local/avr/include/avr/wdt.h ****      contributors may be used to endorse or promote products derived
  18:/opt/local/avr/include/avr/wdt.h ****      from this software without specific prior written permission.
  19:/opt/local/avr/include/avr/wdt.h **** 
  20:/opt/local/avr/include/avr/wdt.h ****   THIS SOFTWARE IS PROVIDED BY THE COPYRIGHT HOLDERS AND CONTRIBUTORS "AS IS"
  21:/opt/local/avr/include/avr/wdt.h ****   AND ANY EXPRESS OR IMPLIED WARRANTIES, INCLUDING, BUT NOT LIMITED TO, THE
  22:/opt/local/avr/include/avr/wdt.h ****   IMPLIED WARRANTIES OF MERCHANTABILITY AND FITNESS FOR A PARTICULAR PURPOSE
  23:/opt/local/avr/include/avr/wdt.h ****   ARE DISCLAIMED. IN NO EVENT SHALL THE COPYRIGHT OWNER OR CONTRIBUTORS BE
  24:/opt/local/avr/include/avr/wdt.h ****   LIABLE FOR ANY DIRECT, INDIRECT, INCIDENTAL, SPECIAL, EXEMPLARY, OR
  25:/opt/local/avr/include/avr/wdt.h ****   CONSEQUENTIAL DAMAGES (INCLUDING, BUT NOT LIMITED TO, PROCUREMENT OF
  26:/opt/local/avr/include/avr/wdt.h ****   SUBSTITUTE GOODS OR SERVICES; LOSS OF USE, DATA, OR PROFITS; OR BUSINESS
  27:/opt/local/avr/include/avr/wdt.h ****   INTERRUPTION) HOWEVER CAUSED AND ON ANY THEORY OF LIABILITY, WHETHER IN
  28:/opt/local/avr/include/avr/wdt.h ****   CONTRACT, STRICT LIABILITY, OR TORT (INCLUDING NEGLIGENCE OR OTHERWISE)
  29:/opt/local/avr/include/avr/wdt.h ****   ARISING IN ANY WAY OUT OF THE USE OF THIS SOFTWARE, EVEN IF ADVISED OF THE
  30:/opt/local/avr/include/avr/wdt.h ****   POSSIBILITY OF SUCH DAMAGE. */
  31:/opt/local/avr/include/avr/wdt.h **** 
  32:/opt/local/avr/include/avr/wdt.h **** /* $Id: wdt.h 2503 2016-02-07 22:59:47Z joerg_wunsch $ */
  33:/opt/local/avr/include/avr/wdt.h **** 
  34:/opt/local/avr/include/avr/wdt.h **** /*
  35:/opt/local/avr/include/avr/wdt.h ****    avr/wdt.h - macros for AVR watchdog timer
  36:/opt/local/avr/include/avr/wdt.h ****  */
  37:/opt/local/avr/include/avr/wdt.h **** 
  38:/opt/local/avr/include/avr/wdt.h **** #ifndef _AVR_WDT_H_
  39:/opt/local/avr/include/avr/wdt.h **** #define _AVR_WDT_H_
  40:/opt/local/avr/include/avr/wdt.h **** 
  41:/opt/local/avr/include/avr/wdt.h **** #include <avr/io.h>
  42:/opt/local/avr/include/avr/wdt.h **** #include <stdint.h>
  43:/opt/local/avr/include/avr/wdt.h **** 
  44:/opt/local/avr/include/avr/wdt.h **** /** \file */
  45:/opt/local/avr/include/avr/wdt.h **** /** \defgroup avr_watchdog <avr/wdt.h>: Watchdog timer handling
  46:/opt/local/avr/include/avr/wdt.h ****     \code #include <avr/wdt.h> \endcode
  47:/opt/local/avr/include/avr/wdt.h **** 
  48:/opt/local/avr/include/avr/wdt.h ****     This header file declares the interface to some inline macros
  49:/opt/local/avr/include/avr/wdt.h ****     handling the watchdog timer present in many AVR devices.  In order
  50:/opt/local/avr/include/avr/wdt.h ****     to prevent the watchdog timer configuration from being
  51:/opt/local/avr/include/avr/wdt.h ****     accidentally altered by a crashing application, a special timed
  52:/opt/local/avr/include/avr/wdt.h ****     sequence is required in order to change it.  The macros within
  53:/opt/local/avr/include/avr/wdt.h ****     this header file handle the required sequence automatically
  54:/opt/local/avr/include/avr/wdt.h ****     before changing any value.  Interrupts will be disabled during
  55:/opt/local/avr/include/avr/wdt.h ****     the manipulation.
  56:/opt/local/avr/include/avr/wdt.h **** 
  57:/opt/local/avr/include/avr/wdt.h ****     \note Depending on the fuse configuration of the particular
  58:/opt/local/avr/include/avr/wdt.h ****     device, further restrictions might apply, in particular it might
  59:/opt/local/avr/include/avr/wdt.h ****     be disallowed to turn off the watchdog timer.
  60:/opt/local/avr/include/avr/wdt.h **** 
  61:/opt/local/avr/include/avr/wdt.h ****     Note that for newer devices (ATmega88 and newer, effectively any
  62:/opt/local/avr/include/avr/wdt.h ****     AVR that has the option to also generate interrupts), the watchdog
  63:/opt/local/avr/include/avr/wdt.h ****     timer remains active even after a system reset (except a power-on
  64:/opt/local/avr/include/avr/wdt.h ****     condition), using the fastest prescaler value (approximately 15
  65:/opt/local/avr/include/avr/wdt.h ****     ms).  It is therefore required to turn off the watchdog early
  66:/opt/local/avr/include/avr/wdt.h ****     during program startup, the datasheet recommends a sequence like
  67:/opt/local/avr/include/avr/wdt.h ****     the following:
  68:/opt/local/avr/include/avr/wdt.h **** 
  69:/opt/local/avr/include/avr/wdt.h ****     \code
  70:/opt/local/avr/include/avr/wdt.h ****     #include <stdint.h>
  71:/opt/local/avr/include/avr/wdt.h ****     #include <avr/wdt.h>
  72:/opt/local/avr/include/avr/wdt.h **** 
  73:/opt/local/avr/include/avr/wdt.h ****     uint8_t mcusr_mirror __attribute__ ((section (".noinit")));
  74:/opt/local/avr/include/avr/wdt.h **** 
  75:/opt/local/avr/include/avr/wdt.h ****     void get_mcusr(void) \
  76:/opt/local/avr/include/avr/wdt.h ****       __attribute__((naked)) \
  77:/opt/local/avr/include/avr/wdt.h ****       __attribute__((section(".init3")));
  78:/opt/local/avr/include/avr/wdt.h ****     void get_mcusr(void)
  79:/opt/local/avr/include/avr/wdt.h ****     {
  80:/opt/local/avr/include/avr/wdt.h ****       mcusr_mirror = MCUSR;
  81:/opt/local/avr/include/avr/wdt.h ****       MCUSR = 0;
  82:/opt/local/avr/include/avr/wdt.h ****       wdt_disable();
  83:/opt/local/avr/include/avr/wdt.h ****     }
  84:/opt/local/avr/include/avr/wdt.h ****     \endcode
  85:/opt/local/avr/include/avr/wdt.h **** 
  86:/opt/local/avr/include/avr/wdt.h ****     Saving the value of MCUSR in \c mcusr_mirror is only needed if the
  87:/opt/local/avr/include/avr/wdt.h ****     application later wants to examine the reset source, but in particular, 
  88:/opt/local/avr/include/avr/wdt.h ****     clearing the watchdog reset flag before disabling the
  89:/opt/local/avr/include/avr/wdt.h ****     watchdog is required, according to the datasheet.
  90:/opt/local/avr/include/avr/wdt.h **** */
  91:/opt/local/avr/include/avr/wdt.h **** 
  92:/opt/local/avr/include/avr/wdt.h **** /**
  93:/opt/local/avr/include/avr/wdt.h ****    \ingroup avr_watchdog
  94:/opt/local/avr/include/avr/wdt.h ****    Reset the watchdog timer.  When the watchdog timer is enabled,
  95:/opt/local/avr/include/avr/wdt.h ****    a call to this instruction is required before the timer expires,
  96:/opt/local/avr/include/avr/wdt.h ****    otherwise a watchdog-initiated device reset will occur. 
  97:/opt/local/avr/include/avr/wdt.h **** */
  98:/opt/local/avr/include/avr/wdt.h **** 
  99:/opt/local/avr/include/avr/wdt.h **** #define wdt_reset() __asm__ __volatile__ ("wdr")
 100:/opt/local/avr/include/avr/wdt.h **** 
 101:/opt/local/avr/include/avr/wdt.h **** #ifndef __DOXYGEN__
 102:/opt/local/avr/include/avr/wdt.h **** 
 103:/opt/local/avr/include/avr/wdt.h **** #if defined(WDP3)
 104:/opt/local/avr/include/avr/wdt.h **** # define _WD_PS3_MASK       _BV(WDP3)
 105:/opt/local/avr/include/avr/wdt.h **** #else
 106:/opt/local/avr/include/avr/wdt.h **** # define _WD_PS3_MASK       0x00
 107:/opt/local/avr/include/avr/wdt.h **** #endif
 108:/opt/local/avr/include/avr/wdt.h **** 
 109:/opt/local/avr/include/avr/wdt.h **** #if defined(WDTCSR)
 110:/opt/local/avr/include/avr/wdt.h **** #  define _WD_CONTROL_REG     WDTCSR
 111:/opt/local/avr/include/avr/wdt.h **** #elif defined(WDTCR)
 112:/opt/local/avr/include/avr/wdt.h **** #  define _WD_CONTROL_REG     WDTCR
 113:/opt/local/avr/include/avr/wdt.h **** #else
 114:/opt/local/avr/include/avr/wdt.h **** #  define _WD_CONTROL_REG     WDT
 115:/opt/local/avr/include/avr/wdt.h **** #endif
 116:/opt/local/avr/include/avr/wdt.h **** 
 117:/opt/local/avr/include/avr/wdt.h **** #if defined(WDTOE)
 118:/opt/local/avr/include/avr/wdt.h **** #define _WD_CHANGE_BIT      WDTOE
 119:/opt/local/avr/include/avr/wdt.h **** #else
 120:/opt/local/avr/include/avr/wdt.h **** #define _WD_CHANGE_BIT      WDCE
 121:/opt/local/avr/include/avr/wdt.h **** #endif
 122:/opt/local/avr/include/avr/wdt.h **** 
 123:/opt/local/avr/include/avr/wdt.h **** #endif	/* !__DOXYGEN__ */
 124:/opt/local/avr/include/avr/wdt.h **** 
 125:/opt/local/avr/include/avr/wdt.h **** 
 126:/opt/local/avr/include/avr/wdt.h **** /**
 127:/opt/local/avr/include/avr/wdt.h ****    \ingroup avr_watchdog
 128:/opt/local/avr/include/avr/wdt.h ****    Enable the watchdog timer, configuring it for expiry after
 129:/opt/local/avr/include/avr/wdt.h ****    \c timeout (which is a combination of the \c WDP0 through
 130:/opt/local/avr/include/avr/wdt.h ****    \c WDP2 bits to write into the \c WDTCR register; For those devices 
 131:/opt/local/avr/include/avr/wdt.h ****    that have a \c WDTCSR register, it uses the combination of the \c WDP0 
 132:/opt/local/avr/include/avr/wdt.h ****    through \c WDP3 bits).
 133:/opt/local/avr/include/avr/wdt.h **** 
 134:/opt/local/avr/include/avr/wdt.h ****    See also the symbolic constants \c WDTO_15MS et al.
 135:/opt/local/avr/include/avr/wdt.h **** */
 136:/opt/local/avr/include/avr/wdt.h **** 
 137:/opt/local/avr/include/avr/wdt.h **** 
 138:/opt/local/avr/include/avr/wdt.h **** #if defined(__AVR_XMEGA__)
 139:/opt/local/avr/include/avr/wdt.h **** 
 140:/opt/local/avr/include/avr/wdt.h **** /*
 141:/opt/local/avr/include/avr/wdt.h ****    wdt_enable(timeout) for xmega devices
 142:/opt/local/avr/include/avr/wdt.h **** ** write signature (CCP_IOREG_gc) that enables change of protected I/O
 143:/opt/local/avr/include/avr/wdt.h ****    registers to the CCP register
 144:/opt/local/avr/include/avr/wdt.h **** ** At the same time,
 145:/opt/local/avr/include/avr/wdt.h ****    1) set WDT change enable (WDT_CEN_bm)
 146:/opt/local/avr/include/avr/wdt.h ****    2) enable WDT (WDT_ENABLE_bm)
 147:/opt/local/avr/include/avr/wdt.h ****    3) set timeout (timeout)
 148:/opt/local/avr/include/avr/wdt.h **** ** Synchronization starts when ENABLE bit of WDT is set. So, wait till it
 149:/opt/local/avr/include/avr/wdt.h ****    finishes (SYNCBUSY of STATUS register is automatically cleared after the
 150:/opt/local/avr/include/avr/wdt.h ****    sync is finished).
 151:/opt/local/avr/include/avr/wdt.h **** */
 152:/opt/local/avr/include/avr/wdt.h **** #define wdt_enable(timeout) \
 153:/opt/local/avr/include/avr/wdt.h **** do { \
 154:/opt/local/avr/include/avr/wdt.h **** uint8_t temp; \
 155:/opt/local/avr/include/avr/wdt.h **** __asm__ __volatile__ (         \
 156:/opt/local/avr/include/avr/wdt.h ****     "in __tmp_reg__, %[rampd]"              "\n\t" \
 157:/opt/local/avr/include/avr/wdt.h ****     "out %[rampd], __zero_reg__"            "\n\t" \
 158:/opt/local/avr/include/avr/wdt.h ****     "out %[ccp_reg], %[ioreg_cen_mask]"     "\n\t" \
 159:/opt/local/avr/include/avr/wdt.h ****     "sts %[wdt_reg], %[wdt_enable_timeout]" "\n\t" \
 160:/opt/local/avr/include/avr/wdt.h ****     "1:lds %[tmp], %[wdt_status_reg]"       "\n\t" \
 161:/opt/local/avr/include/avr/wdt.h ****     "sbrc %[tmp], %[wdt_syncbusy_bit]"      "\n\t" \
 162:/opt/local/avr/include/avr/wdt.h ****     "rjmp 1b"                               "\n\t" \
 163:/opt/local/avr/include/avr/wdt.h ****     "out %[rampd], __tmp_reg__"             "\n\t" \
 164:/opt/local/avr/include/avr/wdt.h ****     : [tmp]                "=r" (temp) \
 165:/opt/local/avr/include/avr/wdt.h ****     : [rampd]              "I" (_SFR_IO_ADDR(RAMPD)),      \
 166:/opt/local/avr/include/avr/wdt.h ****       [ccp_reg]            "I" (_SFR_IO_ADDR(CCP)),        \
 167:/opt/local/avr/include/avr/wdt.h ****       [ioreg_cen_mask]     "r" ((uint8_t)CCP_IOREG_gc),     \
 168:/opt/local/avr/include/avr/wdt.h ****       [wdt_reg]            "n" (_SFR_MEM_ADDR(WDT_CTRL)),   \
 169:/opt/local/avr/include/avr/wdt.h ****       [wdt_enable_timeout] "r" ((uint8_t)(WDT_CEN_bm | WDT_ENABLE_bm | timeout)), \
 170:/opt/local/avr/include/avr/wdt.h ****       [wdt_status_reg]     "n" (_SFR_MEM_ADDR(WDT_STATUS)), \
 171:/opt/local/avr/include/avr/wdt.h ****       [wdt_syncbusy_bit]   "I" (WDT_SYNCBUSY_bm)            \
 172:/opt/local/avr/include/avr/wdt.h ****     : "r0" \
 173:/opt/local/avr/include/avr/wdt.h **** ); \
 174:/opt/local/avr/include/avr/wdt.h **** } while(0)
 175:/opt/local/avr/include/avr/wdt.h **** 
 176:/opt/local/avr/include/avr/wdt.h **** #define wdt_disable() \
 177:/opt/local/avr/include/avr/wdt.h **** __asm__ __volatile__ (  \
 178:/opt/local/avr/include/avr/wdt.h ****     "in __tmp_reg__, %[rampd]"          "\n\t" \
 179:/opt/local/avr/include/avr/wdt.h ****     "out %[rampd], __zero_reg__"        "\n\t" \
 180:/opt/local/avr/include/avr/wdt.h ****     "out %[ccp_reg], %[ioreg_cen_mask]" "\n\t" \
 181:/opt/local/avr/include/avr/wdt.h ****     "sts %[wdt_reg], %[disable_mask]"   "\n\t" \
 182:/opt/local/avr/include/avr/wdt.h ****     "out %[rampd], __tmp_reg__"         "\n\t" \
 183:/opt/local/avr/include/avr/wdt.h ****     : \
 184:/opt/local/avr/include/avr/wdt.h ****     : [rampd]             "I" (_SFR_IO_ADDR(RAMPD)),    \
 185:/opt/local/avr/include/avr/wdt.h ****       [ccp_reg]           "I" (_SFR_IO_ADDR(CCP)),      \
 186:/opt/local/avr/include/avr/wdt.h ****       [ioreg_cen_mask]    "r" ((uint8_t)CCP_IOREG_gc),   \
 187:/opt/local/avr/include/avr/wdt.h ****       [wdt_reg]           "n" (_SFR_MEM_ADDR(WDT_CTRL)), \
 188:/opt/local/avr/include/avr/wdt.h ****       [disable_mask]      "r" ((uint8_t)((~WDT_ENABLE_bm) | WDT_CEN_bm)) \
 189:/opt/local/avr/include/avr/wdt.h ****     : "r0" \
 190:/opt/local/avr/include/avr/wdt.h **** );
 191:/opt/local/avr/include/avr/wdt.h **** 
 192:/opt/local/avr/include/avr/wdt.h **** #elif defined(__AVR_TINY__)
 193:/opt/local/avr/include/avr/wdt.h **** 
 194:/opt/local/avr/include/avr/wdt.h **** #define wdt_enable(value) \
 195:/opt/local/avr/include/avr/wdt.h **** __asm__ __volatile__ ( \
 196:/opt/local/avr/include/avr/wdt.h ****     "in __tmp_reg__,__SREG__" "\n\t"  \
 197:/opt/local/avr/include/avr/wdt.h ****     "cli" "\n\t"  \
 198:/opt/local/avr/include/avr/wdt.h ****     "wdr" "\n\t"  \
 199:/opt/local/avr/include/avr/wdt.h ****     "out %[CCPADDRESS],%[SIGNATURE]" "\n\t"  \
 200:/opt/local/avr/include/avr/wdt.h ****     "out %[WDTREG],%[WDVALUE]" "\n\t"  \
 201:/opt/local/avr/include/avr/wdt.h ****     "out __SREG__,__tmp_reg__" "\n\t"  \
 202:/opt/local/avr/include/avr/wdt.h ****     : /* no outputs */  \
 203:/opt/local/avr/include/avr/wdt.h ****     : [CCPADDRESS] "I" (_SFR_IO_ADDR(CCP)),  \
 204:/opt/local/avr/include/avr/wdt.h ****       [SIGNATURE] "r" ((uint8_t)0xD8), \
 205:/opt/local/avr/include/avr/wdt.h ****       [WDTREG] "I" (_SFR_IO_ADDR(_WD_CONTROL_REG)), \
 206:/opt/local/avr/include/avr/wdt.h ****       [WDVALUE] "r" ((uint8_t)((value & 0x08 ? _WD_PS3_MASK : 0x00) \
 207:/opt/local/avr/include/avr/wdt.h ****       | _BV(WDE) | (value & 0x07) )) \
 208:/opt/local/avr/include/avr/wdt.h ****     : "r16" \
 209:/opt/local/avr/include/avr/wdt.h **** )
 210:/opt/local/avr/include/avr/wdt.h **** 
 211:/opt/local/avr/include/avr/wdt.h **** #define wdt_disable() \
 212:/opt/local/avr/include/avr/wdt.h **** do { \
 213:/opt/local/avr/include/avr/wdt.h **** uint8_t temp_wd; \
 214:/opt/local/avr/include/avr/wdt.h **** __asm__ __volatile__ ( \
 215:/opt/local/avr/include/avr/wdt.h ****     "in __tmp_reg__,__SREG__" "\n\t"  \
 216:/opt/local/avr/include/avr/wdt.h ****     "cli" "\n\t"  \
 217:/opt/local/avr/include/avr/wdt.h ****     "wdr" "\n\t"  \
 218:/opt/local/avr/include/avr/wdt.h ****     "out %[CCPADDRESS],%[SIGNATURE]" "\n\t"  \
 219:/opt/local/avr/include/avr/wdt.h ****     "in  %[TEMP_WD],%[WDTREG]" "\n\t" \
 220:/opt/local/avr/include/avr/wdt.h ****     "cbr %[TEMP_WD],%[WDVALUE]" "\n\t" \
 221:/opt/local/avr/include/avr/wdt.h ****     "out %[WDTREG],%[TEMP_WD]" "\n\t" \
 222:/opt/local/avr/include/avr/wdt.h ****     "out __SREG__,__tmp_reg__" "\n\t" \
 223:/opt/local/avr/include/avr/wdt.h ****     : /*no output */ \
 224:/opt/local/avr/include/avr/wdt.h ****     : [CCPADDRESS] "I" (_SFR_IO_ADDR(CCP)), \
 225:/opt/local/avr/include/avr/wdt.h ****       [SIGNATURE] "r" ((uint8_t)0xD8), \
 226:/opt/local/avr/include/avr/wdt.h ****       [WDTREG] "I" (_SFR_IO_ADDR(_WD_CONTROL_REG)), \
 227:/opt/local/avr/include/avr/wdt.h ****       [TEMP_WD] "d" (temp_wd), \
 228:/opt/local/avr/include/avr/wdt.h ****       [WDVALUE] "n" (1 << WDE) \
 229:/opt/local/avr/include/avr/wdt.h ****     : "r16" \
 230:/opt/local/avr/include/avr/wdt.h **** ); \
 231:/opt/local/avr/include/avr/wdt.h **** }while(0)
 232:/opt/local/avr/include/avr/wdt.h **** 
 233:/opt/local/avr/include/avr/wdt.h **** #elif defined(CCP)
 234:/opt/local/avr/include/avr/wdt.h **** 
 235:/opt/local/avr/include/avr/wdt.h **** static __inline__
 236:/opt/local/avr/include/avr/wdt.h **** __attribute__ ((__always_inline__))
 237:/opt/local/avr/include/avr/wdt.h **** void wdt_enable (const uint8_t value)
 238:/opt/local/avr/include/avr/wdt.h **** {
 239:/opt/local/avr/include/avr/wdt.h **** 	if (!_SFR_IO_REG_P (CCP) && !_SFR_IO_REG_P (_WD_CONTROL_REG))
 240:/opt/local/avr/include/avr/wdt.h **** 	{
 241:/opt/local/avr/include/avr/wdt.h **** 		__asm__ __volatile__ (
 242:/opt/local/avr/include/avr/wdt.h **** 			"in __tmp_reg__,__SREG__" "\n\t"
 243:/opt/local/avr/include/avr/wdt.h **** 			"cli" "\n\t"
 244:/opt/local/avr/include/avr/wdt.h **** 			"wdr" "\n\t"
 245:/opt/local/avr/include/avr/wdt.h **** 			"sts %[CCPADDRESS],%[SIGNATURE]" "\n\t"
 246:/opt/local/avr/include/avr/wdt.h **** 			"sts %[WDTREG],%[WDVALUE]" "\n\t"
 247:/opt/local/avr/include/avr/wdt.h **** 			"out __SREG__,__tmp_reg__" "\n\t"
 248:/opt/local/avr/include/avr/wdt.h **** 			: /* no outputs */
 249:/opt/local/avr/include/avr/wdt.h **** 			: [CCPADDRESS] "n" (_SFR_MEM_ADDR(CCP)),
 250:/opt/local/avr/include/avr/wdt.h **** 			[SIGNATURE] "r" ((uint8_t)0xD8),
 251:/opt/local/avr/include/avr/wdt.h **** 			[WDTREG] "n" (_SFR_MEM_ADDR(_WD_CONTROL_REG)),
 252:/opt/local/avr/include/avr/wdt.h **** 			[WDVALUE] "r" ((uint8_t)((value & 0x08 ? _WD_PS3_MASK : 0x00)
 253:/opt/local/avr/include/avr/wdt.h **** 				| _BV(WDE) | (value & 0x07) ))
 254:/opt/local/avr/include/avr/wdt.h **** 			: "r0"
 255:/opt/local/avr/include/avr/wdt.h **** 			);
 256:/opt/local/avr/include/avr/wdt.h **** 	}
 257:/opt/local/avr/include/avr/wdt.h **** 	else if (!_SFR_IO_REG_P (CCP) && _SFR_IO_REG_P (_WD_CONTROL_REG))
 258:/opt/local/avr/include/avr/wdt.h **** 	{
 259:/opt/local/avr/include/avr/wdt.h **** 		__asm__ __volatile__ (
 260:/opt/local/avr/include/avr/wdt.h **** 			"in __tmp_reg__,__SREG__" "\n\t"
 261:/opt/local/avr/include/avr/wdt.h **** 			"cli" "\n\t"
 262:/opt/local/avr/include/avr/wdt.h **** 			"wdr" "\n\t"
 263:/opt/local/avr/include/avr/wdt.h **** 			"sts %[CCPADDRESS],%[SIGNATURE]" "\n\t"
 264:/opt/local/avr/include/avr/wdt.h **** 			"out %[WDTREG],%[WDVALUE]" "\n\t"
 265:/opt/local/avr/include/avr/wdt.h **** 			"out __SREG__,__tmp_reg__" "\n\t"
 266:/opt/local/avr/include/avr/wdt.h **** 			: /* no outputs */
 267:/opt/local/avr/include/avr/wdt.h **** 			: [CCPADDRESS] "n" (_SFR_MEM_ADDR(CCP)),
 268:/opt/local/avr/include/avr/wdt.h **** 			[SIGNATURE] "r" ((uint8_t)0xD8),
 269:/opt/local/avr/include/avr/wdt.h **** 			[WDTREG] "I" (_SFR_IO_ADDR(_WD_CONTROL_REG)),
 270:/opt/local/avr/include/avr/wdt.h **** 			[WDVALUE] "r" ((uint8_t)((value & 0x08 ? _WD_PS3_MASK : 0x00)
 271:/opt/local/avr/include/avr/wdt.h **** 				| _BV(WDE) | (value & 0x07) ))
 272:/opt/local/avr/include/avr/wdt.h **** 			: "r0"
 273:/opt/local/avr/include/avr/wdt.h **** 			);
 274:/opt/local/avr/include/avr/wdt.h **** 	}
 275:/opt/local/avr/include/avr/wdt.h **** 	else if (_SFR_IO_REG_P (CCP) && !_SFR_IO_REG_P (_WD_CONTROL_REG))
 276:/opt/local/avr/include/avr/wdt.h **** 	{
 277:/opt/local/avr/include/avr/wdt.h **** 		__asm__ __volatile__ (
 278:/opt/local/avr/include/avr/wdt.h **** 			"in __tmp_reg__,__SREG__" "\n\t"
 279:/opt/local/avr/include/avr/wdt.h **** 			"cli" "\n\t"
 280:/opt/local/avr/include/avr/wdt.h **** 			"wdr" "\n\t"
 281:/opt/local/avr/include/avr/wdt.h **** 			"out %[CCPADDRESS],%[SIGNATURE]" "\n\t"
 282:/opt/local/avr/include/avr/wdt.h **** 			"sts %[WDTREG],%[WDVALUE]" "\n\t"
 283:/opt/local/avr/include/avr/wdt.h **** 			"out __SREG__,__tmp_reg__" "\n\t"
 284:/opt/local/avr/include/avr/wdt.h **** 			: /* no outputs */
 285:/opt/local/avr/include/avr/wdt.h **** 			: [CCPADDRESS] "I" (_SFR_IO_ADDR(CCP)),
 286:/opt/local/avr/include/avr/wdt.h **** 			[SIGNATURE] "r" ((uint8_t)0xD8),
 287:/opt/local/avr/include/avr/wdt.h **** 			[WDTREG] "n" (_SFR_MEM_ADDR(_WD_CONTROL_REG)),
 288:/opt/local/avr/include/avr/wdt.h **** 			[WDVALUE] "r" ((uint8_t)((value & 0x08 ? _WD_PS3_MASK : 0x00)
 289:/opt/local/avr/include/avr/wdt.h **** 				| _BV(WDE) | (value & 0x07) ))
 290:/opt/local/avr/include/avr/wdt.h **** 			: "r0"
 291:/opt/local/avr/include/avr/wdt.h **** 			);
 292:/opt/local/avr/include/avr/wdt.h **** 	}
 293:/opt/local/avr/include/avr/wdt.h **** 	else
 294:/opt/local/avr/include/avr/wdt.h ****  	{
 295:/opt/local/avr/include/avr/wdt.h **** 		__asm__ __volatile__ (
 296:/opt/local/avr/include/avr/wdt.h **** 			"in __tmp_reg__,__SREG__" "\n\t"
 297:/opt/local/avr/include/avr/wdt.h **** 			"cli" "\n\t"
 298:/opt/local/avr/include/avr/wdt.h **** 			"wdr" "\n\t"
 299:/opt/local/avr/include/avr/wdt.h **** 			"out %[CCPADDRESS],%[SIGNATURE]" "\n\t"
 300:/opt/local/avr/include/avr/wdt.h **** 			"out %[WDTREG],%[WDVALUE]" "\n\t"
 301:/opt/local/avr/include/avr/wdt.h **** 			"out __SREG__,__tmp_reg__" "\n\t"
 302:/opt/local/avr/include/avr/wdt.h **** 			: /* no outputs */
 303:/opt/local/avr/include/avr/wdt.h **** 			: [CCPADDRESS] "I" (_SFR_IO_ADDR(CCP)),
 304:/opt/local/avr/include/avr/wdt.h **** 			[SIGNATURE] "r" ((uint8_t)0xD8),
 305:/opt/local/avr/include/avr/wdt.h **** 			[WDTREG] "I" (_SFR_IO_ADDR(_WD_CONTROL_REG)),
 306:/opt/local/avr/include/avr/wdt.h **** 			[WDVALUE] "r" ((uint8_t)((value & 0x08 ? _WD_PS3_MASK : 0x00)
 307:/opt/local/avr/include/avr/wdt.h **** 				| _BV(WDE) | (value & 0x07) ))
 308:/opt/local/avr/include/avr/wdt.h **** 			: "r0"
 309:/opt/local/avr/include/avr/wdt.h **** 			);
 310:/opt/local/avr/include/avr/wdt.h **** 	}
 311:/opt/local/avr/include/avr/wdt.h **** }
 312:/opt/local/avr/include/avr/wdt.h **** 
 313:/opt/local/avr/include/avr/wdt.h **** static __inline__
 314:/opt/local/avr/include/avr/wdt.h **** __attribute__ ((__always_inline__))
 315:/opt/local/avr/include/avr/wdt.h **** void wdt_disable (void)
 316:/opt/local/avr/include/avr/wdt.h **** {
 317:/opt/local/avr/include/avr/wdt.h **** 	if (!_SFR_IO_REG_P (CCP) && !_SFR_IO_REG_P(_WD_CONTROL_REG))
 318:/opt/local/avr/include/avr/wdt.h **** 	{
 319:/opt/local/avr/include/avr/wdt.h ****         uint8_t temp_wd;
 320:/opt/local/avr/include/avr/wdt.h ****         __asm__ __volatile__ (
 321:/opt/local/avr/include/avr/wdt.h **** 				"in __tmp_reg__,__SREG__" "\n\t"
 322:/opt/local/avr/include/avr/wdt.h **** 				"cli" "\n\t"
 323:/opt/local/avr/include/avr/wdt.h **** 				"wdr" "\n\t"
 324:/opt/local/avr/include/avr/wdt.h **** 				"sts %[CCPADDRESS],%[SIGNATURE]" "\n\t"
 325:/opt/local/avr/include/avr/wdt.h **** 				"lds %[TEMP_WD],%[WDTREG]" "\n\t"
 326:/opt/local/avr/include/avr/wdt.h **** 				"cbr %[TEMP_WD],%[WDVALUE]" "\n\t"
 327:/opt/local/avr/include/avr/wdt.h **** 				"sts %[WDTREG],%[TEMP_WD]" "\n\t"
 328:/opt/local/avr/include/avr/wdt.h **** 				"out __SREG__,__tmp_reg__" "\n\t"
 329:/opt/local/avr/include/avr/wdt.h **** 				: /*no output */
 330:/opt/local/avr/include/avr/wdt.h **** 				: [CCPADDRESS] "n" (_SFR_MEM_ADDR(CCP)),
 331:/opt/local/avr/include/avr/wdt.h **** 				[SIGNATURE] "r" ((uint8_t)0xD8),
 332:/opt/local/avr/include/avr/wdt.h **** 				[WDTREG] "n" (_SFR_MEM_ADDR(_WD_CONTROL_REG)),
 333:/opt/local/avr/include/avr/wdt.h **** 				[TEMP_WD] "d" (temp_wd),
 334:/opt/local/avr/include/avr/wdt.h **** 				[WDVALUE] "n" (1 << WDE)
 335:/opt/local/avr/include/avr/wdt.h **** 				: "r0"
 336:/opt/local/avr/include/avr/wdt.h **** 				);
 337:/opt/local/avr/include/avr/wdt.h **** 	}
 338:/opt/local/avr/include/avr/wdt.h **** 	else if (!_SFR_IO_REG_P (CCP) && _SFR_IO_REG_P(_WD_CONTROL_REG))
 339:/opt/local/avr/include/avr/wdt.h **** 	{
 340:/opt/local/avr/include/avr/wdt.h ****         uint8_t temp_wd;
 341:/opt/local/avr/include/avr/wdt.h ****         __asm__ __volatile__ (
 342:/opt/local/avr/include/avr/wdt.h **** 				"in __tmp_reg__,__SREG__" "\n\t"
 343:/opt/local/avr/include/avr/wdt.h **** 				"cli" "\n\t"
 344:/opt/local/avr/include/avr/wdt.h **** 				"wdr" "\n\t"
 345:/opt/local/avr/include/avr/wdt.h **** 				"sts %[CCPADDRESS],%[SIGNATURE]" "\n\t"
 346:/opt/local/avr/include/avr/wdt.h **** 				"in %[TEMP_WD],%[WDTREG]" "\n\t"
 347:/opt/local/avr/include/avr/wdt.h **** 				"cbr %[TEMP_WD],%[WDVALUE]" "\n\t"
 348:/opt/local/avr/include/avr/wdt.h **** 				"out %[WDTREG],%[TEMP_WD]" "\n\t"
 349:/opt/local/avr/include/avr/wdt.h **** 				"out __SREG__,__tmp_reg__" "\n\t"
 350:/opt/local/avr/include/avr/wdt.h **** 				: /*no output */
 351:/opt/local/avr/include/avr/wdt.h **** 				: [CCPADDRESS] "n" (_SFR_MEM_ADDR(CCP)),
 352:/opt/local/avr/include/avr/wdt.h **** 				[SIGNATURE] "r" ((uint8_t)0xD8),
 353:/opt/local/avr/include/avr/wdt.h **** 				[WDTREG] "I" (_SFR_IO_ADDR(_WD_CONTROL_REG)),
 354:/opt/local/avr/include/avr/wdt.h **** 				[TEMP_WD] "d" (temp_wd),
 355:/opt/local/avr/include/avr/wdt.h **** 				[WDVALUE] "n" (1 << WDE)
 356:/opt/local/avr/include/avr/wdt.h **** 				: "r0"
 357:/opt/local/avr/include/avr/wdt.h **** 				);
 358:/opt/local/avr/include/avr/wdt.h **** 	}
 359:/opt/local/avr/include/avr/wdt.h **** 	else if (_SFR_IO_REG_P (CCP) && !_SFR_IO_REG_P(_WD_CONTROL_REG))
 360:/opt/local/avr/include/avr/wdt.h **** 	{
 361:/opt/local/avr/include/avr/wdt.h ****         uint8_t temp_wd;
 362:/opt/local/avr/include/avr/wdt.h ****         __asm__ __volatile__ (
 363:/opt/local/avr/include/avr/wdt.h **** 				"in __tmp_reg__,__SREG__" "\n\t"
 364:/opt/local/avr/include/avr/wdt.h **** 				"cli" "\n\t"
 365:/opt/local/avr/include/avr/wdt.h **** 				"wdr" "\n\t"
 366:/opt/local/avr/include/avr/wdt.h **** 				"out %[CCPADDRESS],%[SIGNATURE]" "\n\t"
 367:/opt/local/avr/include/avr/wdt.h **** 				"lds %[TEMP_WD],%[WDTREG]" "\n\t"
 368:/opt/local/avr/include/avr/wdt.h **** 				"cbr %[TEMP_WD],%[WDVALUE]" "\n\t"
 369:/opt/local/avr/include/avr/wdt.h **** 				"sts %[WDTREG],%[TEMP_WD]" "\n\t"
 370:/opt/local/avr/include/avr/wdt.h **** 				"out __SREG__,__tmp_reg__" "\n\t"
 371:/opt/local/avr/include/avr/wdt.h **** 				: /*no output */
 372:/opt/local/avr/include/avr/wdt.h **** 				: [CCPADDRESS] "I" (_SFR_IO_ADDR(CCP)),
 373:/opt/local/avr/include/avr/wdt.h **** 				[SIGNATURE] "r" ((uint8_t)0xD8),
 374:/opt/local/avr/include/avr/wdt.h **** 				[WDTREG] "n" (_SFR_MEM_ADDR(_WD_CONTROL_REG)),
 375:/opt/local/avr/include/avr/wdt.h **** 				[TEMP_WD] "d" (temp_wd),
 376:/opt/local/avr/include/avr/wdt.h **** 				[WDVALUE] "n" (1 << WDE)
 377:/opt/local/avr/include/avr/wdt.h **** 				: "r0"
 378:/opt/local/avr/include/avr/wdt.h **** 				);
 379:/opt/local/avr/include/avr/wdt.h **** 	}
 380:/opt/local/avr/include/avr/wdt.h **** 	else
 381:/opt/local/avr/include/avr/wdt.h **** 	{
 382:/opt/local/avr/include/avr/wdt.h ****         uint8_t temp_wd;
 383:/opt/local/avr/include/avr/wdt.h ****         __asm__ __volatile__ (
 384:/opt/local/avr/include/avr/wdt.h **** 				"in __tmp_reg__,__SREG__" "\n\t"
 385:/opt/local/avr/include/avr/wdt.h **** 				"cli" "\n\t"
 386:/opt/local/avr/include/avr/wdt.h **** 				"wdr" "\n\t"
 387:/opt/local/avr/include/avr/wdt.h **** 				"out %[CCPADDRESS],%[SIGNATURE]" "\n\t"
 388:/opt/local/avr/include/avr/wdt.h **** 				"in %[TEMP_WD],%[WDTREG]" "\n\t"
 389:/opt/local/avr/include/avr/wdt.h **** 				"cbr %[TEMP_WD],%[WDVALUE]" "\n\t"
 390:/opt/local/avr/include/avr/wdt.h **** 				"out %[WDTREG],%[TEMP_WD]" "\n\t"
 391:/opt/local/avr/include/avr/wdt.h **** 				"out __SREG__,__tmp_reg__" "\n\t"
 392:/opt/local/avr/include/avr/wdt.h **** 				: /*no output */
 393:/opt/local/avr/include/avr/wdt.h **** 				: [CCPADDRESS] "I" (_SFR_IO_ADDR(CCP)),
 394:/opt/local/avr/include/avr/wdt.h **** 				[SIGNATURE] "r" ((uint8_t)0xD8),
 395:/opt/local/avr/include/avr/wdt.h **** 				[WDTREG] "I" (_SFR_IO_ADDR(_WD_CONTROL_REG)),
 396:/opt/local/avr/include/avr/wdt.h **** 				[TEMP_WD] "d" (temp_wd),
 397:/opt/local/avr/include/avr/wdt.h **** 				[WDVALUE] "n" (1 << WDE)
 398:/opt/local/avr/include/avr/wdt.h **** 				: "r0"
 399:/opt/local/avr/include/avr/wdt.h **** 				);
 400:/opt/local/avr/include/avr/wdt.h **** 	}
 401:/opt/local/avr/include/avr/wdt.h **** }
 402:/opt/local/avr/include/avr/wdt.h **** 
 403:/opt/local/avr/include/avr/wdt.h **** #else
 404:/opt/local/avr/include/avr/wdt.h **** 
 405:/opt/local/avr/include/avr/wdt.h **** static __inline__
 406:/opt/local/avr/include/avr/wdt.h **** __attribute__ ((__always_inline__))
 407:/opt/local/avr/include/avr/wdt.h **** void wdt_enable (const uint8_t value)
 408:/opt/local/avr/include/avr/wdt.h **** {
 409:/opt/local/avr/include/avr/wdt.h **** 	if (_SFR_IO_REG_P (_WD_CONTROL_REG))
 410:/opt/local/avr/include/avr/wdt.h **** 	{
 411:/opt/local/avr/include/avr/wdt.h **** 		__asm__ __volatile__ (
 412:/opt/local/avr/include/avr/wdt.h **** 				"in __tmp_reg__,__SREG__" "\n\t"
 413:/opt/local/avr/include/avr/wdt.h **** 				"cli" "\n\t"
 414:/opt/local/avr/include/avr/wdt.h **** 				"wdr" "\n\t"
 415:/opt/local/avr/include/avr/wdt.h **** 				"out %0, %1" "\n\t"
 416:/opt/local/avr/include/avr/wdt.h **** 				"out __SREG__,__tmp_reg__" "\n\t"
 417:/opt/local/avr/include/avr/wdt.h **** 				"out %0, %2" "\n \t"
 418:/opt/local/avr/include/avr/wdt.h **** 				: /* no outputs */
 419:/opt/local/avr/include/avr/wdt.h **** 				: "I" (_SFR_IO_ADDR(_WD_CONTROL_REG)),
 420:/opt/local/avr/include/avr/wdt.h **** 				"r" ((uint8_t)(_BV(_WD_CHANGE_BIT) | _BV(WDE))),
 421:/opt/local/avr/include/avr/wdt.h **** 				"r" ((uint8_t) ((value & 0x08 ? _WD_PS3_MASK : 0x00) |
 422:/opt/local/avr/include/avr/wdt.h **** 						_BV(WDE) | (value & 0x07)) )
 423:/opt/local/avr/include/avr/wdt.h **** 				: "r0"
 424:/opt/local/avr/include/avr/wdt.h **** 		);
 425:/opt/local/avr/include/avr/wdt.h **** 	}
 426:/opt/local/avr/include/avr/wdt.h **** 	else
 427:/opt/local/avr/include/avr/wdt.h **** 	{
 428:/opt/local/avr/include/avr/wdt.h **** 		__asm__ __volatile__ (
  60               		.loc 3 428 0
  61 002e 88E1      		ldi r24,lo8(24)
  62 0030 9CE0      		ldi r25,lo8(12)
  63               	/* #APP */
  64               	 ;  428 "/opt/local/avr/include/avr/wdt.h" 1
  65 0032 0FB6      		in __tmp_reg__,__SREG__
  66 0034 F894      		cli
  67 0036 A895      		wdr
  68 0038 8093 6000 		sts 96, r24
  69 003c 0FBE      		out __SREG__,__tmp_reg__
  70 003e 9093 6000 		sts 96, r25
  71               	 	
  72               	 ;  0 "" 2
  73               	/* #NOAPP */
  74               	.L2:
  75 0042 00C0      		rjmp .L2
  76               	.LBE12:
  77               	.LBE11:
  78               		.cfi_endproc
  79               	.LFE102:
  81               		.section	.init3,"ax",@progbits
  82               	.global	bootloader_jump_after_watchdog_reset
  84               	bootloader_jump_after_watchdog_reset:
  85               	.LFB103:
  92:/users/hunter/downloads/tmk_core/common/avr/bootloader.c ****     wdt_enable(WDTO_250MS);
  93:/users/hunter/downloads/tmk_core/common/avr/bootloader.c ****     for (;;);
  94:/users/hunter/downloads/tmk_core/common/avr/bootloader.c **** }
  95:/users/hunter/downloads/tmk_core/common/avr/bootloader.c **** 
  96:/users/hunter/downloads/tmk_core/common/avr/bootloader.c **** 
  97:/users/hunter/downloads/tmk_core/common/avr/bootloader.c **** /* this runs before main() */
  98:/users/hunter/downloads/tmk_core/common/avr/bootloader.c **** void bootloader_jump_after_watchdog_reset(void) __attribute__ ((used, naked, section (".init3")));
  99:/users/hunter/downloads/tmk_core/common/avr/bootloader.c **** void bootloader_jump_after_watchdog_reset(void)
 100:/users/hunter/downloads/tmk_core/common/avr/bootloader.c **** {
  86               		.loc 1 100 0
  87               		.cfi_startproc
  88               	/* prologue: naked */
  89               	/* frame size = 0 */
  90               	/* stack size = 0 */
  91               	.L__stack_usage = 0
 101:/users/hunter/downloads/tmk_core/common/avr/bootloader.c ****     if ((MCUSR & (1<<WDRF)) && reset_key == BOOTLOADER_RESET_KEY) {
  92               		.loc 1 101 0
  93 0000 04B6      		in __tmp_reg__,0x34
  94 0002 03FE      		sbrs __tmp_reg__,3
  95 0004 00C0      		rjmp .L3
  96               		.loc 1 101 0 is_stmt 0 discriminator 1
  97 0006 8091 0000 		lds r24,reset_key
  98 000a 9091 0000 		lds r25,reset_key+1
  99 000e A091 0000 		lds r26,reset_key+2
 100 0012 B091 0000 		lds r27,reset_key+3
 101 0016 8730      		cpi r24,7
 102 0018 904B      		sbci r25,-80
 103 001a A740      		sbci r26,7
 104 001c B04B      		sbci r27,-80
 105 001e 01F4      		brne .L3
 102:/users/hunter/downloads/tmk_core/common/avr/bootloader.c ****         reset_key = 0;
 106               		.loc 1 102 0 is_stmt 1
 107 0020 1092 0000 		sts reset_key,__zero_reg__
 108 0024 1092 0000 		sts reset_key+1,__zero_reg__
 109 0028 1092 0000 		sts reset_key+2,__zero_reg__
 110 002c 1092 0000 		sts reset_key+3,__zero_reg__
 103:/users/hunter/downloads/tmk_core/common/avr/bootloader.c **** 
 104:/users/hunter/downloads/tmk_core/common/avr/bootloader.c ****         // My custom USBasploader requires this to come up.
 105:/users/hunter/downloads/tmk_core/common/avr/bootloader.c ****         MCUSR = 0;
 111               		.loc 1 105 0
 112 0030 14BE      		out 0x34,__zero_reg__
 106:/users/hunter/downloads/tmk_core/common/avr/bootloader.c **** 
 107:/users/hunter/downloads/tmk_core/common/avr/bootloader.c ****         // Seems like Teensy halfkay loader requires clearing WDRF and disabling watchdog.
 108:/users/hunter/downloads/tmk_core/common/avr/bootloader.c ****         MCUSR &= ~(1<<WDRF);
 113               		.loc 1 108 0
 114 0032 84B7      		in r24,0x34
 115 0034 877F      		andi r24,lo8(-9)
 116 0036 84BF      		out 0x34,r24
 117               	.LBB13:
 118               	.LBB14:
 429:/opt/local/avr/include/avr/wdt.h **** 				"in __tmp_reg__,__SREG__" "\n\t"
 430:/opt/local/avr/include/avr/wdt.h **** 				"cli" "\n\t"
 431:/opt/local/avr/include/avr/wdt.h **** 				"wdr" "\n\t"
 432:/opt/local/avr/include/avr/wdt.h **** 				"sts %0, %1" "\n\t"
 433:/opt/local/avr/include/avr/wdt.h **** 				"out __SREG__,__tmp_reg__" "\n\t"
 434:/opt/local/avr/include/avr/wdt.h **** 				"sts %0, %2" "\n \t"
 435:/opt/local/avr/include/avr/wdt.h **** 				: /* no outputs */
 436:/opt/local/avr/include/avr/wdt.h **** 				: "n" (_SFR_MEM_ADDR(_WD_CONTROL_REG)),
 437:/opt/local/avr/include/avr/wdt.h **** 				"r" ((uint8_t)(_BV(_WD_CHANGE_BIT) | _BV(WDE))),
 438:/opt/local/avr/include/avr/wdt.h **** 				"r" ((uint8_t) ((value & 0x08 ? _WD_PS3_MASK : 0x00) |
 439:/opt/local/avr/include/avr/wdt.h **** 						_BV(WDE) | (value & 0x07)) )
 440:/opt/local/avr/include/avr/wdt.h **** 				: "r0"
 441:/opt/local/avr/include/avr/wdt.h **** 		);
 442:/opt/local/avr/include/avr/wdt.h **** 	}
 443:/opt/local/avr/include/avr/wdt.h **** }
 444:/opt/local/avr/include/avr/wdt.h **** 
 445:/opt/local/avr/include/avr/wdt.h **** static __inline__
 446:/opt/local/avr/include/avr/wdt.h **** __attribute__ ((__always_inline__))
 447:/opt/local/avr/include/avr/wdt.h **** void wdt_disable (void)
 448:/opt/local/avr/include/avr/wdt.h **** {
 449:/opt/local/avr/include/avr/wdt.h **** 	if (_SFR_IO_REG_P (_WD_CONTROL_REG))
 450:/opt/local/avr/include/avr/wdt.h **** 	{
 451:/opt/local/avr/include/avr/wdt.h ****         uint8_t register temp_reg;
 452:/opt/local/avr/include/avr/wdt.h **** 		__asm__ __volatile__ (
 453:/opt/local/avr/include/avr/wdt.h **** 				"in __tmp_reg__,__SREG__"    "\n\t"
 454:/opt/local/avr/include/avr/wdt.h **** 				"cli"                        "\n\t"
 455:/opt/local/avr/include/avr/wdt.h **** 				"wdr"                        "\n\t"
 456:/opt/local/avr/include/avr/wdt.h **** 				"in  %[TEMPREG],%[WDTREG]"   "\n\t"
 457:/opt/local/avr/include/avr/wdt.h **** 				"ori %[TEMPREG],%[WDCE_WDE]" "\n\t"
 458:/opt/local/avr/include/avr/wdt.h **** 				"out %[WDTREG],%[TEMPREG]"   "\n\t"
 459:/opt/local/avr/include/avr/wdt.h **** 				"out %[WDTREG],__zero_reg__" "\n\t"
 460:/opt/local/avr/include/avr/wdt.h **** 				"out __SREG__,__tmp_reg__"   "\n\t"
 461:/opt/local/avr/include/avr/wdt.h **** 				: [TEMPREG] "=d" (temp_reg)
 462:/opt/local/avr/include/avr/wdt.h **** 				: [WDTREG]  "I"  (_SFR_IO_ADDR(_WD_CONTROL_REG)),
 463:/opt/local/avr/include/avr/wdt.h **** 				[WDCE_WDE]  "n"  ((uint8_t)(_BV(_WD_CHANGE_BIT) | _BV(WDE)))
 464:/opt/local/avr/include/avr/wdt.h **** 				: "r0"
 465:/opt/local/avr/include/avr/wdt.h **** 		);
 466:/opt/local/avr/include/avr/wdt.h **** 	}
 467:/opt/local/avr/include/avr/wdt.h **** 	else
 468:/opt/local/avr/include/avr/wdt.h **** 	{
 469:/opt/local/avr/include/avr/wdt.h ****         uint8_t register temp_reg;
 470:/opt/local/avr/include/avr/wdt.h **** 		__asm__ __volatile__ (
 119               		.loc 3 470 0
 120               	/* #APP */
 121               	 ;  470 "/opt/local/avr/include/avr/wdt.h" 1
 122 0038 0FB6      		in __tmp_reg__,__SREG__
 123 003a F894      		cli
 124 003c A895      		wdr
 125 003e 8091 6000 		lds r24,96
 126 0042 8861      		ori r24,24
 127 0044 8093 6000 		sts 96,r24
 128 0048 1092 6000 		sts 96,__zero_reg__
 129 004c 0FBE      		out __SREG__,__tmp_reg__
 130               		
 131               	 ;  0 "" 2
 132               	/* #NOAPP */
 133               	.LBE14:
 134               	.LBE13:
 109:/users/hunter/downloads/tmk_core/common/avr/bootloader.c ****         wdt_disable();
 110:/users/hunter/downloads/tmk_core/common/avr/bootloader.c **** 
 111:/users/hunter/downloads/tmk_core/common/avr/bootloader.c ****         // This is compled into 'icall', address should be in word unit, not byte.
 112:/users/hunter/downloads/tmk_core/common/avr/bootloader.c ****         ((void (*)(void))(BOOTLOADER_START/2))();
 135               		.loc 1 112 0
 136 004e E0E0      		ldi r30,0
 137 0050 F8E3      		ldi r31,lo8(56)
 138 0052 0995      		icall
 139               	.LVL4:
 140               	.L3:
 141               	/* epilogue start */
 113:/users/hunter/downloads/tmk_core/common/avr/bootloader.c ****     }
 114:/users/hunter/downloads/tmk_core/common/avr/bootloader.c **** }
 142               		.loc 1 114 0
 143               		.cfi_endproc
 144               	.LFE103:
 146               	.global	reset_key
 147               		.section	.noinit,"aw",@nobits
 150               	reset_key:
 151 0000 0000 0000 		.zero	4
 152               		.text
 153               	.Letext0:
 154               		.file 4 "/opt/local/avr/include/stdint.h"
 155               		.file 5 "/users/hunter/downloads/tmk_core/protocol/lufa/LUFA-git/LUFA/Drivers/USB/Core/AVR8/../Std
 156               		.file 6 "/users/hunter/downloads/tmk_core/protocol/lufa/LUFA-git/LUFA/Drivers/USB/Core/AVR8/../Dev
 157               		.file 7 "/users/hunter/downloads/tmk_core/protocol/lufa/LUFA-git/LUFA/Drivers/USB/Core/USBTask.h"
 158               		.file 8 "/users/hunter/downloads/tmk_core/protocol/lufa/LUFA-git/LUFA/Drivers/USB/Core/HostStandar
 159               		.file 9 "/opt/local/avr/include/stdio.h"
 160               		.file 10 "/users/hunter/downloads/tmk_core/protocol/lufa/LUFA-git/LUFA/Drivers/USB/Core/AVR8/USBCo
DEFINED SYMBOLS
                            *ABS*:0000000000000000 bootloader.c
/var/folders/qj/kb_cqn1j20vbbrqdphlhjt3c0000gn/T//ccsOOAUf.s:2      *ABS*:000000000000003e __SP_H__
/var/folders/qj/kb_cqn1j20vbbrqdphlhjt3c0000gn/T//ccsOOAUf.s:3      *ABS*:000000000000003d __SP_L__
/var/folders/qj/kb_cqn1j20vbbrqdphlhjt3c0000gn/T//ccsOOAUf.s:4      *ABS*:000000000000003f __SREG__
/var/folders/qj/kb_cqn1j20vbbrqdphlhjt3c0000gn/T//ccsOOAUf.s:5      *ABS*:0000000000000000 __tmp_reg__
/var/folders/qj/kb_cqn1j20vbbrqdphlhjt3c0000gn/T//ccsOOAUf.s:6      *ABS*:0000000000000001 __zero_reg__
/var/folders/qj/kb_cqn1j20vbbrqdphlhjt3c0000gn/T//ccsOOAUf.s:13     .text.bootloader_jump:0000000000000000 bootloader_jump
/var/folders/qj/kb_cqn1j20vbbrqdphlhjt3c0000gn/T//ccsOOAUf.s:150    .noinit:0000000000000000 reset_key
/var/folders/qj/kb_cqn1j20vbbrqdphlhjt3c0000gn/T//ccsOOAUf.s:84     .init3:0000000000000000 bootloader_jump_after_watchdog_reset

UNDEFINED SYMBOLS
USB_Disable
