   1               		.file	"USBTask.c"
   2               	__SP_H__ = 0x3e
   3               	__SP_L__ = 0x3d
   4               	__SREG__ = 0x3f
   5               	__tmp_reg__ = 0
   6               	__zero_reg__ = 1
   7               		.text
   8               	.Ltext0:
   9               		.cfi_sections	.debug_frame
  10               		.section	.text.USB_USBTask,"ax",@progbits
  11               	.global	USB_USBTask
  13               	USB_USBTask:
  14               	.LFB85:
  15               		.file 1 "/users/hunter/downloads/tmk_core/protocol/lufa/LUFA-git/LUFA/Drivers/USB/Core/USBTask.c"
   1:/users/hunter/downloads/tmk_core/protocol/lufa/LUFA-git/LUFA/Drivers/USB/Core/USBTask.c **** /*
   2:/users/hunter/downloads/tmk_core/protocol/lufa/LUFA-git/LUFA/Drivers/USB/Core/USBTask.c ****              LUFA Library
   3:/users/hunter/downloads/tmk_core/protocol/lufa/LUFA-git/LUFA/Drivers/USB/Core/USBTask.c ****      Copyright (C) Dean Camera, 2014.
   4:/users/hunter/downloads/tmk_core/protocol/lufa/LUFA-git/LUFA/Drivers/USB/Core/USBTask.c **** 
   5:/users/hunter/downloads/tmk_core/protocol/lufa/LUFA-git/LUFA/Drivers/USB/Core/USBTask.c ****   dean [at] fourwalledcubicle [dot] com
   6:/users/hunter/downloads/tmk_core/protocol/lufa/LUFA-git/LUFA/Drivers/USB/Core/USBTask.c ****            www.lufa-lib.org
   7:/users/hunter/downloads/tmk_core/protocol/lufa/LUFA-git/LUFA/Drivers/USB/Core/USBTask.c **** */
   8:/users/hunter/downloads/tmk_core/protocol/lufa/LUFA-git/LUFA/Drivers/USB/Core/USBTask.c **** 
   9:/users/hunter/downloads/tmk_core/protocol/lufa/LUFA-git/LUFA/Drivers/USB/Core/USBTask.c **** /*
  10:/users/hunter/downloads/tmk_core/protocol/lufa/LUFA-git/LUFA/Drivers/USB/Core/USBTask.c ****   Copyright 2014  Dean Camera (dean [at] fourwalledcubicle [dot] com)
  11:/users/hunter/downloads/tmk_core/protocol/lufa/LUFA-git/LUFA/Drivers/USB/Core/USBTask.c **** 
  12:/users/hunter/downloads/tmk_core/protocol/lufa/LUFA-git/LUFA/Drivers/USB/Core/USBTask.c ****   Permission to use, copy, modify, distribute, and sell this
  13:/users/hunter/downloads/tmk_core/protocol/lufa/LUFA-git/LUFA/Drivers/USB/Core/USBTask.c ****   software and its documentation for any purpose is hereby granted
  14:/users/hunter/downloads/tmk_core/protocol/lufa/LUFA-git/LUFA/Drivers/USB/Core/USBTask.c ****   without fee, provided that the above copyright notice appear in
  15:/users/hunter/downloads/tmk_core/protocol/lufa/LUFA-git/LUFA/Drivers/USB/Core/USBTask.c ****   all copies and that both that the copyright notice and this
  16:/users/hunter/downloads/tmk_core/protocol/lufa/LUFA-git/LUFA/Drivers/USB/Core/USBTask.c ****   permission notice and warranty disclaimer appear in supporting
  17:/users/hunter/downloads/tmk_core/protocol/lufa/LUFA-git/LUFA/Drivers/USB/Core/USBTask.c ****   documentation, and that the name of the author not be used in
  18:/users/hunter/downloads/tmk_core/protocol/lufa/LUFA-git/LUFA/Drivers/USB/Core/USBTask.c ****   advertising or publicity pertaining to distribution of the
  19:/users/hunter/downloads/tmk_core/protocol/lufa/LUFA-git/LUFA/Drivers/USB/Core/USBTask.c ****   software without specific, written prior permission.
  20:/users/hunter/downloads/tmk_core/protocol/lufa/LUFA-git/LUFA/Drivers/USB/Core/USBTask.c **** 
  21:/users/hunter/downloads/tmk_core/protocol/lufa/LUFA-git/LUFA/Drivers/USB/Core/USBTask.c ****   The author disclaims all warranties with regard to this
  22:/users/hunter/downloads/tmk_core/protocol/lufa/LUFA-git/LUFA/Drivers/USB/Core/USBTask.c ****   software, including all implied warranties of merchantability
  23:/users/hunter/downloads/tmk_core/protocol/lufa/LUFA-git/LUFA/Drivers/USB/Core/USBTask.c ****   and fitness.  In no event shall the author be liable for any
  24:/users/hunter/downloads/tmk_core/protocol/lufa/LUFA-git/LUFA/Drivers/USB/Core/USBTask.c ****   special, indirect or consequential damages or any damages
  25:/users/hunter/downloads/tmk_core/protocol/lufa/LUFA-git/LUFA/Drivers/USB/Core/USBTask.c ****   whatsoever resulting from loss of use, data or profits, whether
  26:/users/hunter/downloads/tmk_core/protocol/lufa/LUFA-git/LUFA/Drivers/USB/Core/USBTask.c ****   in an action of contract, negligence or other tortious action,
  27:/users/hunter/downloads/tmk_core/protocol/lufa/LUFA-git/LUFA/Drivers/USB/Core/USBTask.c ****   arising out of or in connection with the use or performance of
  28:/users/hunter/downloads/tmk_core/protocol/lufa/LUFA-git/LUFA/Drivers/USB/Core/USBTask.c ****   this software.
  29:/users/hunter/downloads/tmk_core/protocol/lufa/LUFA-git/LUFA/Drivers/USB/Core/USBTask.c **** */
  30:/users/hunter/downloads/tmk_core/protocol/lufa/LUFA-git/LUFA/Drivers/USB/Core/USBTask.c **** 
  31:/users/hunter/downloads/tmk_core/protocol/lufa/LUFA-git/LUFA/Drivers/USB/Core/USBTask.c **** #define  __INCLUDE_FROM_USBTASK_C
  32:/users/hunter/downloads/tmk_core/protocol/lufa/LUFA-git/LUFA/Drivers/USB/Core/USBTask.c **** #define  __INCLUDE_FROM_USB_DRIVER
  33:/users/hunter/downloads/tmk_core/protocol/lufa/LUFA-git/LUFA/Drivers/USB/Core/USBTask.c **** #include "USBTask.h"
  34:/users/hunter/downloads/tmk_core/protocol/lufa/LUFA-git/LUFA/Drivers/USB/Core/USBTask.c **** 
  35:/users/hunter/downloads/tmk_core/protocol/lufa/LUFA-git/LUFA/Drivers/USB/Core/USBTask.c **** volatile bool        USB_IsInitialized;
  36:/users/hunter/downloads/tmk_core/protocol/lufa/LUFA-git/LUFA/Drivers/USB/Core/USBTask.c **** USB_Request_Header_t USB_ControlRequest;
  37:/users/hunter/downloads/tmk_core/protocol/lufa/LUFA-git/LUFA/Drivers/USB/Core/USBTask.c **** 
  38:/users/hunter/downloads/tmk_core/protocol/lufa/LUFA-git/LUFA/Drivers/USB/Core/USBTask.c **** #if defined(USB_CAN_BE_HOST) && !defined(HOST_STATE_AS_GPIOR)
  39:/users/hunter/downloads/tmk_core/protocol/lufa/LUFA-git/LUFA/Drivers/USB/Core/USBTask.c **** volatile uint8_t     USB_HostState;
  40:/users/hunter/downloads/tmk_core/protocol/lufa/LUFA-git/LUFA/Drivers/USB/Core/USBTask.c **** #endif
  41:/users/hunter/downloads/tmk_core/protocol/lufa/LUFA-git/LUFA/Drivers/USB/Core/USBTask.c **** 
  42:/users/hunter/downloads/tmk_core/protocol/lufa/LUFA-git/LUFA/Drivers/USB/Core/USBTask.c **** #if defined(USB_CAN_BE_DEVICE) && !defined(DEVICE_STATE_AS_GPIOR)
  43:/users/hunter/downloads/tmk_core/protocol/lufa/LUFA-git/LUFA/Drivers/USB/Core/USBTask.c **** volatile uint8_t     USB_DeviceState;
  44:/users/hunter/downloads/tmk_core/protocol/lufa/LUFA-git/LUFA/Drivers/USB/Core/USBTask.c **** #endif
  45:/users/hunter/downloads/tmk_core/protocol/lufa/LUFA-git/LUFA/Drivers/USB/Core/USBTask.c **** 
  46:/users/hunter/downloads/tmk_core/protocol/lufa/LUFA-git/LUFA/Drivers/USB/Core/USBTask.c **** void USB_USBTask(void)
  47:/users/hunter/downloads/tmk_core/protocol/lufa/LUFA-git/LUFA/Drivers/USB/Core/USBTask.c **** {
  16               		.loc 1 47 0
  17               		.cfi_startproc
  18 0000 CF93      		push r28
  19               	.LCFI0:
  20               		.cfi_def_cfa_offset 3
  21               		.cfi_offset 28, -2
  22               	/* prologue: function */
  23               	/* frame size = 0 */
  24               	/* stack size = 1 */
  25               	.L__stack_usage = 1
  26               	.LBB26:
  27               	.LBB27:
  48:/users/hunter/downloads/tmk_core/protocol/lufa/LUFA-git/LUFA/Drivers/USB/Core/USBTask.c **** 	#if defined(USB_CAN_BE_BOTH)
  49:/users/hunter/downloads/tmk_core/protocol/lufa/LUFA-git/LUFA/Drivers/USB/Core/USBTask.c **** 		if (USB_CurrentMode == USB_MODE_Device)
  50:/users/hunter/downloads/tmk_core/protocol/lufa/LUFA-git/LUFA/Drivers/USB/Core/USBTask.c **** 		  USB_DeviceTask();
  51:/users/hunter/downloads/tmk_core/protocol/lufa/LUFA-git/LUFA/Drivers/USB/Core/USBTask.c **** 		else if (USB_CurrentMode == USB_MODE_Host)
  52:/users/hunter/downloads/tmk_core/protocol/lufa/LUFA-git/LUFA/Drivers/USB/Core/USBTask.c **** 		  USB_HostTask();
  53:/users/hunter/downloads/tmk_core/protocol/lufa/LUFA-git/LUFA/Drivers/USB/Core/USBTask.c **** 	#elif defined(USB_CAN_BE_HOST)
  54:/users/hunter/downloads/tmk_core/protocol/lufa/LUFA-git/LUFA/Drivers/USB/Core/USBTask.c **** 		USB_HostTask();
  55:/users/hunter/downloads/tmk_core/protocol/lufa/LUFA-git/LUFA/Drivers/USB/Core/USBTask.c **** 	#elif defined(USB_CAN_BE_DEVICE)
  56:/users/hunter/downloads/tmk_core/protocol/lufa/LUFA-git/LUFA/Drivers/USB/Core/USBTask.c **** 		USB_DeviceTask();
  57:/users/hunter/downloads/tmk_core/protocol/lufa/LUFA-git/LUFA/Drivers/USB/Core/USBTask.c **** 	#endif
  58:/users/hunter/downloads/tmk_core/protocol/lufa/LUFA-git/LUFA/Drivers/USB/Core/USBTask.c **** }
  59:/users/hunter/downloads/tmk_core/protocol/lufa/LUFA-git/LUFA/Drivers/USB/Core/USBTask.c **** 
  60:/users/hunter/downloads/tmk_core/protocol/lufa/LUFA-git/LUFA/Drivers/USB/Core/USBTask.c **** #if defined(USB_CAN_BE_DEVICE)
  61:/users/hunter/downloads/tmk_core/protocol/lufa/LUFA-git/LUFA/Drivers/USB/Core/USBTask.c **** static void USB_DeviceTask(void)
  62:/users/hunter/downloads/tmk_core/protocol/lufa/LUFA-git/LUFA/Drivers/USB/Core/USBTask.c **** {
  63:/users/hunter/downloads/tmk_core/protocol/lufa/LUFA-git/LUFA/Drivers/USB/Core/USBTask.c **** 	if (USB_DeviceState == DEVICE_STATE_Unattached)
  28               		.loc 1 63 0
  29 0002 8091 0000 		lds r24,USB_DeviceState
  30 0006 8823      		tst r24
  31 0008 01F0      		breq .L1
  32               	.LBB28:
  33               	.LBB29:
  34               		.file 2 "/users/hunter/downloads/tmk_core/protocol/lufa/LUFA-git/LUFA/Drivers/USB/Core/AVR8/../AVR
   1:/users/hunter/downloads/tmk_core/protocol/lufa/LUFA-git/LUFA/Drivers/USB/Core/AVR8/../AVR8/Endpoint_AVR8.h **** /*
   2:/users/hunter/downloads/tmk_core/protocol/lufa/LUFA-git/LUFA/Drivers/USB/Core/AVR8/../AVR8/Endpoint_AVR8.h ****              LUFA Library
   3:/users/hunter/downloads/tmk_core/protocol/lufa/LUFA-git/LUFA/Drivers/USB/Core/AVR8/../AVR8/Endpoint_AVR8.h ****      Copyright (C) Dean Camera, 2014.
   4:/users/hunter/downloads/tmk_core/protocol/lufa/LUFA-git/LUFA/Drivers/USB/Core/AVR8/../AVR8/Endpoint_AVR8.h **** 
   5:/users/hunter/downloads/tmk_core/protocol/lufa/LUFA-git/LUFA/Drivers/USB/Core/AVR8/../AVR8/Endpoint_AVR8.h ****   dean [at] fourwalledcubicle [dot] com
   6:/users/hunter/downloads/tmk_core/protocol/lufa/LUFA-git/LUFA/Drivers/USB/Core/AVR8/../AVR8/Endpoint_AVR8.h ****            www.lufa-lib.org
   7:/users/hunter/downloads/tmk_core/protocol/lufa/LUFA-git/LUFA/Drivers/USB/Core/AVR8/../AVR8/Endpoint_AVR8.h **** */
   8:/users/hunter/downloads/tmk_core/protocol/lufa/LUFA-git/LUFA/Drivers/USB/Core/AVR8/../AVR8/Endpoint_AVR8.h **** 
   9:/users/hunter/downloads/tmk_core/protocol/lufa/LUFA-git/LUFA/Drivers/USB/Core/AVR8/../AVR8/Endpoint_AVR8.h **** /*
  10:/users/hunter/downloads/tmk_core/protocol/lufa/LUFA-git/LUFA/Drivers/USB/Core/AVR8/../AVR8/Endpoint_AVR8.h ****   Copyright 2014  Dean Camera (dean [at] fourwalledcubicle [dot] com)
  11:/users/hunter/downloads/tmk_core/protocol/lufa/LUFA-git/LUFA/Drivers/USB/Core/AVR8/../AVR8/Endpoint_AVR8.h **** 
  12:/users/hunter/downloads/tmk_core/protocol/lufa/LUFA-git/LUFA/Drivers/USB/Core/AVR8/../AVR8/Endpoint_AVR8.h ****   Permission to use, copy, modify, distribute, and sell this
  13:/users/hunter/downloads/tmk_core/protocol/lufa/LUFA-git/LUFA/Drivers/USB/Core/AVR8/../AVR8/Endpoint_AVR8.h ****   software and its documentation for any purpose is hereby granted
  14:/users/hunter/downloads/tmk_core/protocol/lufa/LUFA-git/LUFA/Drivers/USB/Core/AVR8/../AVR8/Endpoint_AVR8.h ****   without fee, provided that the above copyright notice appear in
  15:/users/hunter/downloads/tmk_core/protocol/lufa/LUFA-git/LUFA/Drivers/USB/Core/AVR8/../AVR8/Endpoint_AVR8.h ****   all copies and that both that the copyright notice and this
  16:/users/hunter/downloads/tmk_core/protocol/lufa/LUFA-git/LUFA/Drivers/USB/Core/AVR8/../AVR8/Endpoint_AVR8.h ****   permission notice and warranty disclaimer appear in supporting
  17:/users/hunter/downloads/tmk_core/protocol/lufa/LUFA-git/LUFA/Drivers/USB/Core/AVR8/../AVR8/Endpoint_AVR8.h ****   documentation, and that the name of the author not be used in
  18:/users/hunter/downloads/tmk_core/protocol/lufa/LUFA-git/LUFA/Drivers/USB/Core/AVR8/../AVR8/Endpoint_AVR8.h ****   advertising or publicity pertaining to distribution of the
  19:/users/hunter/downloads/tmk_core/protocol/lufa/LUFA-git/LUFA/Drivers/USB/Core/AVR8/../AVR8/Endpoint_AVR8.h ****   software without specific, written prior permission.
  20:/users/hunter/downloads/tmk_core/protocol/lufa/LUFA-git/LUFA/Drivers/USB/Core/AVR8/../AVR8/Endpoint_AVR8.h **** 
  21:/users/hunter/downloads/tmk_core/protocol/lufa/LUFA-git/LUFA/Drivers/USB/Core/AVR8/../AVR8/Endpoint_AVR8.h ****   The author disclaims all warranties with regard to this
  22:/users/hunter/downloads/tmk_core/protocol/lufa/LUFA-git/LUFA/Drivers/USB/Core/AVR8/../AVR8/Endpoint_AVR8.h ****   software, including all implied warranties of merchantability
  23:/users/hunter/downloads/tmk_core/protocol/lufa/LUFA-git/LUFA/Drivers/USB/Core/AVR8/../AVR8/Endpoint_AVR8.h ****   and fitness.  In no event shall the author be liable for any
  24:/users/hunter/downloads/tmk_core/protocol/lufa/LUFA-git/LUFA/Drivers/USB/Core/AVR8/../AVR8/Endpoint_AVR8.h ****   special, indirect or consequential damages or any damages
  25:/users/hunter/downloads/tmk_core/protocol/lufa/LUFA-git/LUFA/Drivers/USB/Core/AVR8/../AVR8/Endpoint_AVR8.h ****   whatsoever resulting from loss of use, data or profits, whether
  26:/users/hunter/downloads/tmk_core/protocol/lufa/LUFA-git/LUFA/Drivers/USB/Core/AVR8/../AVR8/Endpoint_AVR8.h ****   in an action of contract, negligence or other tortious action,
  27:/users/hunter/downloads/tmk_core/protocol/lufa/LUFA-git/LUFA/Drivers/USB/Core/AVR8/../AVR8/Endpoint_AVR8.h ****   arising out of or in connection with the use or performance of
  28:/users/hunter/downloads/tmk_core/protocol/lufa/LUFA-git/LUFA/Drivers/USB/Core/AVR8/../AVR8/Endpoint_AVR8.h ****   this software.
  29:/users/hunter/downloads/tmk_core/protocol/lufa/LUFA-git/LUFA/Drivers/USB/Core/AVR8/../AVR8/Endpoint_AVR8.h **** */
  30:/users/hunter/downloads/tmk_core/protocol/lufa/LUFA-git/LUFA/Drivers/USB/Core/AVR8/../AVR8/Endpoint_AVR8.h **** 
  31:/users/hunter/downloads/tmk_core/protocol/lufa/LUFA-git/LUFA/Drivers/USB/Core/AVR8/../AVR8/Endpoint_AVR8.h **** /** \file
  32:/users/hunter/downloads/tmk_core/protocol/lufa/LUFA-git/LUFA/Drivers/USB/Core/AVR8/../AVR8/Endpoint_AVR8.h ****  *  \brief USB Endpoint definitions for the AVR8 microcontrollers.
  33:/users/hunter/downloads/tmk_core/protocol/lufa/LUFA-git/LUFA/Drivers/USB/Core/AVR8/../AVR8/Endpoint_AVR8.h ****  *  \copydetails Group_EndpointManagement_AVR8
  34:/users/hunter/downloads/tmk_core/protocol/lufa/LUFA-git/LUFA/Drivers/USB/Core/AVR8/../AVR8/Endpoint_AVR8.h ****  *
  35:/users/hunter/downloads/tmk_core/protocol/lufa/LUFA-git/LUFA/Drivers/USB/Core/AVR8/../AVR8/Endpoint_AVR8.h ****  *  \note This file should not be included directly. It is automatically included as needed by the 
  36:/users/hunter/downloads/tmk_core/protocol/lufa/LUFA-git/LUFA/Drivers/USB/Core/AVR8/../AVR8/Endpoint_AVR8.h ****  *        dispatch header located in LUFA/Drivers/USB/USB.h.
  37:/users/hunter/downloads/tmk_core/protocol/lufa/LUFA-git/LUFA/Drivers/USB/Core/AVR8/../AVR8/Endpoint_AVR8.h ****  */
  38:/users/hunter/downloads/tmk_core/protocol/lufa/LUFA-git/LUFA/Drivers/USB/Core/AVR8/../AVR8/Endpoint_AVR8.h **** 
  39:/users/hunter/downloads/tmk_core/protocol/lufa/LUFA-git/LUFA/Drivers/USB/Core/AVR8/../AVR8/Endpoint_AVR8.h **** /** \ingroup Group_EndpointRW
  40:/users/hunter/downloads/tmk_core/protocol/lufa/LUFA-git/LUFA/Drivers/USB/Core/AVR8/../AVR8/Endpoint_AVR8.h ****  *  \defgroup Group_EndpointRW_AVR8 Endpoint Data Reading and Writing (AVR8)
  41:/users/hunter/downloads/tmk_core/protocol/lufa/LUFA-git/LUFA/Drivers/USB/Core/AVR8/../AVR8/Endpoint_AVR8.h ****  *  \brief Endpoint data read/write definitions for the Atmel AVR8 architecture.
  42:/users/hunter/downloads/tmk_core/protocol/lufa/LUFA-git/LUFA/Drivers/USB/Core/AVR8/../AVR8/Endpoint_AVR8.h ****  *
  43:/users/hunter/downloads/tmk_core/protocol/lufa/LUFA-git/LUFA/Drivers/USB/Core/AVR8/../AVR8/Endpoint_AVR8.h ****  *  Functions, macros, variables, enums and types related to data reading and writing from and to e
  44:/users/hunter/downloads/tmk_core/protocol/lufa/LUFA-git/LUFA/Drivers/USB/Core/AVR8/../AVR8/Endpoint_AVR8.h ****  */
  45:/users/hunter/downloads/tmk_core/protocol/lufa/LUFA-git/LUFA/Drivers/USB/Core/AVR8/../AVR8/Endpoint_AVR8.h **** 
  46:/users/hunter/downloads/tmk_core/protocol/lufa/LUFA-git/LUFA/Drivers/USB/Core/AVR8/../AVR8/Endpoint_AVR8.h **** /** \ingroup Group_EndpointPrimitiveRW
  47:/users/hunter/downloads/tmk_core/protocol/lufa/LUFA-git/LUFA/Drivers/USB/Core/AVR8/../AVR8/Endpoint_AVR8.h ****  *  \defgroup Group_EndpointPrimitiveRW_AVR8 Read/Write of Primitive Data Types (AVR8)
  48:/users/hunter/downloads/tmk_core/protocol/lufa/LUFA-git/LUFA/Drivers/USB/Core/AVR8/../AVR8/Endpoint_AVR8.h ****  *  \brief Endpoint primitive read/write definitions for the Atmel AVR8 architecture.
  49:/users/hunter/downloads/tmk_core/protocol/lufa/LUFA-git/LUFA/Drivers/USB/Core/AVR8/../AVR8/Endpoint_AVR8.h ****  *
  50:/users/hunter/downloads/tmk_core/protocol/lufa/LUFA-git/LUFA/Drivers/USB/Core/AVR8/../AVR8/Endpoint_AVR8.h ****  *  Functions, macros, variables, enums and types related to data reading and writing of primitive 
  51:/users/hunter/downloads/tmk_core/protocol/lufa/LUFA-git/LUFA/Drivers/USB/Core/AVR8/../AVR8/Endpoint_AVR8.h ****  *  from and to endpoints.
  52:/users/hunter/downloads/tmk_core/protocol/lufa/LUFA-git/LUFA/Drivers/USB/Core/AVR8/../AVR8/Endpoint_AVR8.h ****  */
  53:/users/hunter/downloads/tmk_core/protocol/lufa/LUFA-git/LUFA/Drivers/USB/Core/AVR8/../AVR8/Endpoint_AVR8.h **** 
  54:/users/hunter/downloads/tmk_core/protocol/lufa/LUFA-git/LUFA/Drivers/USB/Core/AVR8/../AVR8/Endpoint_AVR8.h **** /** \ingroup Group_EndpointPacketManagement
  55:/users/hunter/downloads/tmk_core/protocol/lufa/LUFA-git/LUFA/Drivers/USB/Core/AVR8/../AVR8/Endpoint_AVR8.h ****  *  \defgroup Group_EndpointPacketManagement_AVR8 Endpoint Packet Management (AVR8)
  56:/users/hunter/downloads/tmk_core/protocol/lufa/LUFA-git/LUFA/Drivers/USB/Core/AVR8/../AVR8/Endpoint_AVR8.h ****  *  \brief Endpoint packet management definitions for the Atmel AVR8 architecture.
  57:/users/hunter/downloads/tmk_core/protocol/lufa/LUFA-git/LUFA/Drivers/USB/Core/AVR8/../AVR8/Endpoint_AVR8.h ****  *
  58:/users/hunter/downloads/tmk_core/protocol/lufa/LUFA-git/LUFA/Drivers/USB/Core/AVR8/../AVR8/Endpoint_AVR8.h ****  *  Functions, macros, variables, enums and types related to packet management of endpoints.
  59:/users/hunter/downloads/tmk_core/protocol/lufa/LUFA-git/LUFA/Drivers/USB/Core/AVR8/../AVR8/Endpoint_AVR8.h ****  */
  60:/users/hunter/downloads/tmk_core/protocol/lufa/LUFA-git/LUFA/Drivers/USB/Core/AVR8/../AVR8/Endpoint_AVR8.h **** 
  61:/users/hunter/downloads/tmk_core/protocol/lufa/LUFA-git/LUFA/Drivers/USB/Core/AVR8/../AVR8/Endpoint_AVR8.h **** /** \ingroup Group_EndpointManagement
  62:/users/hunter/downloads/tmk_core/protocol/lufa/LUFA-git/LUFA/Drivers/USB/Core/AVR8/../AVR8/Endpoint_AVR8.h ****  *  \defgroup Group_EndpointManagement_AVR8 Endpoint Management (AVR8)
  63:/users/hunter/downloads/tmk_core/protocol/lufa/LUFA-git/LUFA/Drivers/USB/Core/AVR8/../AVR8/Endpoint_AVR8.h ****  *  \brief Endpoint management definitions for the Atmel AVR8 architecture.
  64:/users/hunter/downloads/tmk_core/protocol/lufa/LUFA-git/LUFA/Drivers/USB/Core/AVR8/../AVR8/Endpoint_AVR8.h ****  *
  65:/users/hunter/downloads/tmk_core/protocol/lufa/LUFA-git/LUFA/Drivers/USB/Core/AVR8/../AVR8/Endpoint_AVR8.h ****  *  Functions, macros and enums related to endpoint management when in USB Device mode. This
  66:/users/hunter/downloads/tmk_core/protocol/lufa/LUFA-git/LUFA/Drivers/USB/Core/AVR8/../AVR8/Endpoint_AVR8.h ****  *  module contains the endpoint management macros, as well as endpoint interrupt and data
  67:/users/hunter/downloads/tmk_core/protocol/lufa/LUFA-git/LUFA/Drivers/USB/Core/AVR8/../AVR8/Endpoint_AVR8.h ****  *  send/receive functions for various data types.
  68:/users/hunter/downloads/tmk_core/protocol/lufa/LUFA-git/LUFA/Drivers/USB/Core/AVR8/../AVR8/Endpoint_AVR8.h ****  *
  69:/users/hunter/downloads/tmk_core/protocol/lufa/LUFA-git/LUFA/Drivers/USB/Core/AVR8/../AVR8/Endpoint_AVR8.h ****  *  @{
  70:/users/hunter/downloads/tmk_core/protocol/lufa/LUFA-git/LUFA/Drivers/USB/Core/AVR8/../AVR8/Endpoint_AVR8.h ****  */
  71:/users/hunter/downloads/tmk_core/protocol/lufa/LUFA-git/LUFA/Drivers/USB/Core/AVR8/../AVR8/Endpoint_AVR8.h **** 
  72:/users/hunter/downloads/tmk_core/protocol/lufa/LUFA-git/LUFA/Drivers/USB/Core/AVR8/../AVR8/Endpoint_AVR8.h **** #ifndef __ENDPOINT_AVR8_H__
  73:/users/hunter/downloads/tmk_core/protocol/lufa/LUFA-git/LUFA/Drivers/USB/Core/AVR8/../AVR8/Endpoint_AVR8.h **** #define __ENDPOINT_AVR8_H__
  74:/users/hunter/downloads/tmk_core/protocol/lufa/LUFA-git/LUFA/Drivers/USB/Core/AVR8/../AVR8/Endpoint_AVR8.h **** 
  75:/users/hunter/downloads/tmk_core/protocol/lufa/LUFA-git/LUFA/Drivers/USB/Core/AVR8/../AVR8/Endpoint_AVR8.h **** 	/* Includes: */
  76:/users/hunter/downloads/tmk_core/protocol/lufa/LUFA-git/LUFA/Drivers/USB/Core/AVR8/../AVR8/Endpoint_AVR8.h **** 		#include "../../../../Common/Common.h"
  77:/users/hunter/downloads/tmk_core/protocol/lufa/LUFA-git/LUFA/Drivers/USB/Core/AVR8/../AVR8/Endpoint_AVR8.h **** 		#include "../USBTask.h"
  78:/users/hunter/downloads/tmk_core/protocol/lufa/LUFA-git/LUFA/Drivers/USB/Core/AVR8/../AVR8/Endpoint_AVR8.h **** 		#include "../USBInterrupt.h"
  79:/users/hunter/downloads/tmk_core/protocol/lufa/LUFA-git/LUFA/Drivers/USB/Core/AVR8/../AVR8/Endpoint_AVR8.h **** 
  80:/users/hunter/downloads/tmk_core/protocol/lufa/LUFA-git/LUFA/Drivers/USB/Core/AVR8/../AVR8/Endpoint_AVR8.h **** 	/* Enable C linkage for C++ Compilers: */
  81:/users/hunter/downloads/tmk_core/protocol/lufa/LUFA-git/LUFA/Drivers/USB/Core/AVR8/../AVR8/Endpoint_AVR8.h **** 		#if defined(__cplusplus)
  82:/users/hunter/downloads/tmk_core/protocol/lufa/LUFA-git/LUFA/Drivers/USB/Core/AVR8/../AVR8/Endpoint_AVR8.h **** 			extern "C" {
  83:/users/hunter/downloads/tmk_core/protocol/lufa/LUFA-git/LUFA/Drivers/USB/Core/AVR8/../AVR8/Endpoint_AVR8.h **** 		#endif
  84:/users/hunter/downloads/tmk_core/protocol/lufa/LUFA-git/LUFA/Drivers/USB/Core/AVR8/../AVR8/Endpoint_AVR8.h **** 
  85:/users/hunter/downloads/tmk_core/protocol/lufa/LUFA-git/LUFA/Drivers/USB/Core/AVR8/../AVR8/Endpoint_AVR8.h **** 	/* Preprocessor Checks: */
  86:/users/hunter/downloads/tmk_core/protocol/lufa/LUFA-git/LUFA/Drivers/USB/Core/AVR8/../AVR8/Endpoint_AVR8.h **** 		#if !defined(__INCLUDE_FROM_USB_DRIVER)
  87:/users/hunter/downloads/tmk_core/protocol/lufa/LUFA-git/LUFA/Drivers/USB/Core/AVR8/../AVR8/Endpoint_AVR8.h **** 			#error Do not include this file directly. Include LUFA/Drivers/USB/USB.h instead.
  88:/users/hunter/downloads/tmk_core/protocol/lufa/LUFA-git/LUFA/Drivers/USB/Core/AVR8/../AVR8/Endpoint_AVR8.h **** 		#endif
  89:/users/hunter/downloads/tmk_core/protocol/lufa/LUFA-git/LUFA/Drivers/USB/Core/AVR8/../AVR8/Endpoint_AVR8.h **** 
  90:/users/hunter/downloads/tmk_core/protocol/lufa/LUFA-git/LUFA/Drivers/USB/Core/AVR8/../AVR8/Endpoint_AVR8.h **** 	/* Private Interface - For use in library only: */
  91:/users/hunter/downloads/tmk_core/protocol/lufa/LUFA-git/LUFA/Drivers/USB/Core/AVR8/../AVR8/Endpoint_AVR8.h **** 	#if !defined(__DOXYGEN__)
  92:/users/hunter/downloads/tmk_core/protocol/lufa/LUFA-git/LUFA/Drivers/USB/Core/AVR8/../AVR8/Endpoint_AVR8.h **** 		/* Inline Functions: */
  93:/users/hunter/downloads/tmk_core/protocol/lufa/LUFA-git/LUFA/Drivers/USB/Core/AVR8/../AVR8/Endpoint_AVR8.h **** 			static inline uint8_t Endpoint_BytesToEPSizeMask(const uint16_t Bytes) ATTR_WARN_UNUSED_RESULT A
  94:/users/hunter/downloads/tmk_core/protocol/lufa/LUFA-git/LUFA/Drivers/USB/Core/AVR8/../AVR8/Endpoint_AVR8.h **** 			                                                                       ATTR_ALWAYS_INLINE;
  95:/users/hunter/downloads/tmk_core/protocol/lufa/LUFA-git/LUFA/Drivers/USB/Core/AVR8/../AVR8/Endpoint_AVR8.h **** 			static inline uint8_t Endpoint_BytesToEPSizeMask(const uint16_t Bytes)
  96:/users/hunter/downloads/tmk_core/protocol/lufa/LUFA-git/LUFA/Drivers/USB/Core/AVR8/../AVR8/Endpoint_AVR8.h **** 			{
  97:/users/hunter/downloads/tmk_core/protocol/lufa/LUFA-git/LUFA/Drivers/USB/Core/AVR8/../AVR8/Endpoint_AVR8.h **** 				uint8_t  MaskVal    = 0;
  98:/users/hunter/downloads/tmk_core/protocol/lufa/LUFA-git/LUFA/Drivers/USB/Core/AVR8/../AVR8/Endpoint_AVR8.h **** 				uint16_t CheckBytes = 8;
  99:/users/hunter/downloads/tmk_core/protocol/lufa/LUFA-git/LUFA/Drivers/USB/Core/AVR8/../AVR8/Endpoint_AVR8.h **** 
 100:/users/hunter/downloads/tmk_core/protocol/lufa/LUFA-git/LUFA/Drivers/USB/Core/AVR8/../AVR8/Endpoint_AVR8.h **** 				while (CheckBytes < Bytes)
 101:/users/hunter/downloads/tmk_core/protocol/lufa/LUFA-git/LUFA/Drivers/USB/Core/AVR8/../AVR8/Endpoint_AVR8.h **** 				{
 102:/users/hunter/downloads/tmk_core/protocol/lufa/LUFA-git/LUFA/Drivers/USB/Core/AVR8/../AVR8/Endpoint_AVR8.h **** 					MaskVal++;
 103:/users/hunter/downloads/tmk_core/protocol/lufa/LUFA-git/LUFA/Drivers/USB/Core/AVR8/../AVR8/Endpoint_AVR8.h **** 					CheckBytes <<= 1;
 104:/users/hunter/downloads/tmk_core/protocol/lufa/LUFA-git/LUFA/Drivers/USB/Core/AVR8/../AVR8/Endpoint_AVR8.h **** 				}
 105:/users/hunter/downloads/tmk_core/protocol/lufa/LUFA-git/LUFA/Drivers/USB/Core/AVR8/../AVR8/Endpoint_AVR8.h **** 
 106:/users/hunter/downloads/tmk_core/protocol/lufa/LUFA-git/LUFA/Drivers/USB/Core/AVR8/../AVR8/Endpoint_AVR8.h **** 				return (MaskVal << EPSIZE0);
 107:/users/hunter/downloads/tmk_core/protocol/lufa/LUFA-git/LUFA/Drivers/USB/Core/AVR8/../AVR8/Endpoint_AVR8.h **** 			}
 108:/users/hunter/downloads/tmk_core/protocol/lufa/LUFA-git/LUFA/Drivers/USB/Core/AVR8/../AVR8/Endpoint_AVR8.h **** 
 109:/users/hunter/downloads/tmk_core/protocol/lufa/LUFA-git/LUFA/Drivers/USB/Core/AVR8/../AVR8/Endpoint_AVR8.h **** 		/* Function Prototypes: */
 110:/users/hunter/downloads/tmk_core/protocol/lufa/LUFA-git/LUFA/Drivers/USB/Core/AVR8/../AVR8/Endpoint_AVR8.h **** 			void Endpoint_ClearEndpoints(void);
 111:/users/hunter/downloads/tmk_core/protocol/lufa/LUFA-git/LUFA/Drivers/USB/Core/AVR8/../AVR8/Endpoint_AVR8.h **** 			bool Endpoint_ConfigureEndpoint_Prv(const uint8_t Number,
 112:/users/hunter/downloads/tmk_core/protocol/lufa/LUFA-git/LUFA/Drivers/USB/Core/AVR8/../AVR8/Endpoint_AVR8.h **** 			                                    const uint8_t UECFG0XData,
 113:/users/hunter/downloads/tmk_core/protocol/lufa/LUFA-git/LUFA/Drivers/USB/Core/AVR8/../AVR8/Endpoint_AVR8.h **** 			                                    const uint8_t UECFG1XData);
 114:/users/hunter/downloads/tmk_core/protocol/lufa/LUFA-git/LUFA/Drivers/USB/Core/AVR8/../AVR8/Endpoint_AVR8.h **** 
 115:/users/hunter/downloads/tmk_core/protocol/lufa/LUFA-git/LUFA/Drivers/USB/Core/AVR8/../AVR8/Endpoint_AVR8.h **** 	#endif
 116:/users/hunter/downloads/tmk_core/protocol/lufa/LUFA-git/LUFA/Drivers/USB/Core/AVR8/../AVR8/Endpoint_AVR8.h **** 
 117:/users/hunter/downloads/tmk_core/protocol/lufa/LUFA-git/LUFA/Drivers/USB/Core/AVR8/../AVR8/Endpoint_AVR8.h **** 	/* Public Interface - May be used in end-application: */
 118:/users/hunter/downloads/tmk_core/protocol/lufa/LUFA-git/LUFA/Drivers/USB/Core/AVR8/../AVR8/Endpoint_AVR8.h **** 		/* Macros: */
 119:/users/hunter/downloads/tmk_core/protocol/lufa/LUFA-git/LUFA/Drivers/USB/Core/AVR8/../AVR8/Endpoint_AVR8.h **** 			#if (!defined(FIXED_CONTROL_ENDPOINT_SIZE) || defined(__DOXYGEN__))
 120:/users/hunter/downloads/tmk_core/protocol/lufa/LUFA-git/LUFA/Drivers/USB/Core/AVR8/../AVR8/Endpoint_AVR8.h **** 				/** Default size of the default control endpoint's bank, until altered by the control endpoint 
 121:/users/hunter/downloads/tmk_core/protocol/lufa/LUFA-git/LUFA/Drivers/USB/Core/AVR8/../AVR8/Endpoint_AVR8.h **** 				 *  value in the device descriptor. Not available if the \c FIXED_CONTROL_ENDPOINT_SIZE token i
 122:/users/hunter/downloads/tmk_core/protocol/lufa/LUFA-git/LUFA/Drivers/USB/Core/AVR8/../AVR8/Endpoint_AVR8.h **** 				 */
 123:/users/hunter/downloads/tmk_core/protocol/lufa/LUFA-git/LUFA/Drivers/USB/Core/AVR8/../AVR8/Endpoint_AVR8.h **** 				#define ENDPOINT_CONTROLEP_DEFAULT_SIZE     8
 124:/users/hunter/downloads/tmk_core/protocol/lufa/LUFA-git/LUFA/Drivers/USB/Core/AVR8/../AVR8/Endpoint_AVR8.h **** 			#endif
 125:/users/hunter/downloads/tmk_core/protocol/lufa/LUFA-git/LUFA/Drivers/USB/Core/AVR8/../AVR8/Endpoint_AVR8.h **** 
 126:/users/hunter/downloads/tmk_core/protocol/lufa/LUFA-git/LUFA/Drivers/USB/Core/AVR8/../AVR8/Endpoint_AVR8.h **** 			#if !defined(CONTROL_ONLY_DEVICE) || defined(__DOXYGEN__)
 127:/users/hunter/downloads/tmk_core/protocol/lufa/LUFA-git/LUFA/Drivers/USB/Core/AVR8/../AVR8/Endpoint_AVR8.h **** 				#if defined(USB_SERIES_4_AVR) || defined(USB_SERIES_6_AVR) || defined(USB_SERIES_7_AVR) || defi
 128:/users/hunter/downloads/tmk_core/protocol/lufa/LUFA-git/LUFA/Drivers/USB/Core/AVR8/../AVR8/Endpoint_AVR8.h **** 					/** Total number of endpoints (including the default control endpoint at address 0) which may
 129:/users/hunter/downloads/tmk_core/protocol/lufa/LUFA-git/LUFA/Drivers/USB/Core/AVR8/../AVR8/Endpoint_AVR8.h **** 					 *  be used in the device. Different USB AVR models support different amounts of endpoints,
 130:/users/hunter/downloads/tmk_core/protocol/lufa/LUFA-git/LUFA/Drivers/USB/Core/AVR8/../AVR8/Endpoint_AVR8.h **** 					 *  this value reflects the maximum number of endpoints for the currently selected AVR model.
 131:/users/hunter/downloads/tmk_core/protocol/lufa/LUFA-git/LUFA/Drivers/USB/Core/AVR8/../AVR8/Endpoint_AVR8.h **** 					 */
 132:/users/hunter/downloads/tmk_core/protocol/lufa/LUFA-git/LUFA/Drivers/USB/Core/AVR8/../AVR8/Endpoint_AVR8.h **** 					#define ENDPOINT_TOTAL_ENDPOINTS        7
 133:/users/hunter/downloads/tmk_core/protocol/lufa/LUFA-git/LUFA/Drivers/USB/Core/AVR8/../AVR8/Endpoint_AVR8.h **** 				#else
 134:/users/hunter/downloads/tmk_core/protocol/lufa/LUFA-git/LUFA/Drivers/USB/Core/AVR8/../AVR8/Endpoint_AVR8.h **** 					#define ENDPOINT_TOTAL_ENDPOINTS        5
 135:/users/hunter/downloads/tmk_core/protocol/lufa/LUFA-git/LUFA/Drivers/USB/Core/AVR8/../AVR8/Endpoint_AVR8.h **** 				#endif
 136:/users/hunter/downloads/tmk_core/protocol/lufa/LUFA-git/LUFA/Drivers/USB/Core/AVR8/../AVR8/Endpoint_AVR8.h **** 			#else
 137:/users/hunter/downloads/tmk_core/protocol/lufa/LUFA-git/LUFA/Drivers/USB/Core/AVR8/../AVR8/Endpoint_AVR8.h **** 				#define ENDPOINT_TOTAL_ENDPOINTS            1
 138:/users/hunter/downloads/tmk_core/protocol/lufa/LUFA-git/LUFA/Drivers/USB/Core/AVR8/../AVR8/Endpoint_AVR8.h **** 			#endif
 139:/users/hunter/downloads/tmk_core/protocol/lufa/LUFA-git/LUFA/Drivers/USB/Core/AVR8/../AVR8/Endpoint_AVR8.h **** 
 140:/users/hunter/downloads/tmk_core/protocol/lufa/LUFA-git/LUFA/Drivers/USB/Core/AVR8/../AVR8/Endpoint_AVR8.h **** 		/* Enums: */
 141:/users/hunter/downloads/tmk_core/protocol/lufa/LUFA-git/LUFA/Drivers/USB/Core/AVR8/../AVR8/Endpoint_AVR8.h **** 			/** Enum for the possible error return codes of the \ref Endpoint_WaitUntilReady() function.
 142:/users/hunter/downloads/tmk_core/protocol/lufa/LUFA-git/LUFA/Drivers/USB/Core/AVR8/../AVR8/Endpoint_AVR8.h **** 			 *
 143:/users/hunter/downloads/tmk_core/protocol/lufa/LUFA-git/LUFA/Drivers/USB/Core/AVR8/../AVR8/Endpoint_AVR8.h **** 			 *  \ingroup Group_EndpointRW_AVR8
 144:/users/hunter/downloads/tmk_core/protocol/lufa/LUFA-git/LUFA/Drivers/USB/Core/AVR8/../AVR8/Endpoint_AVR8.h **** 			 */
 145:/users/hunter/downloads/tmk_core/protocol/lufa/LUFA-git/LUFA/Drivers/USB/Core/AVR8/../AVR8/Endpoint_AVR8.h **** 			enum Endpoint_WaitUntilReady_ErrorCodes_t
 146:/users/hunter/downloads/tmk_core/protocol/lufa/LUFA-git/LUFA/Drivers/USB/Core/AVR8/../AVR8/Endpoint_AVR8.h **** 			{
 147:/users/hunter/downloads/tmk_core/protocol/lufa/LUFA-git/LUFA/Drivers/USB/Core/AVR8/../AVR8/Endpoint_AVR8.h **** 				ENDPOINT_READYWAIT_NoError                 = 0, /**< Endpoint is ready for next packet, no erro
 148:/users/hunter/downloads/tmk_core/protocol/lufa/LUFA-git/LUFA/Drivers/USB/Core/AVR8/../AVR8/Endpoint_AVR8.h **** 				ENDPOINT_READYWAIT_EndpointStalled         = 1, /**< The endpoint was stalled during the stream
 149:/users/hunter/downloads/tmk_core/protocol/lufa/LUFA-git/LUFA/Drivers/USB/Core/AVR8/../AVR8/Endpoint_AVR8.h **** 				                                                 *   transfer by the host or device.
 150:/users/hunter/downloads/tmk_core/protocol/lufa/LUFA-git/LUFA/Drivers/USB/Core/AVR8/../AVR8/Endpoint_AVR8.h **** 				                                                 */
 151:/users/hunter/downloads/tmk_core/protocol/lufa/LUFA-git/LUFA/Drivers/USB/Core/AVR8/../AVR8/Endpoint_AVR8.h **** 				ENDPOINT_READYWAIT_DeviceDisconnected      = 2,	/**< Device was disconnected from the host whil
 152:/users/hunter/downloads/tmk_core/protocol/lufa/LUFA-git/LUFA/Drivers/USB/Core/AVR8/../AVR8/Endpoint_AVR8.h **** 				                                                 *   waiting for the endpoint to become ready.
 153:/users/hunter/downloads/tmk_core/protocol/lufa/LUFA-git/LUFA/Drivers/USB/Core/AVR8/../AVR8/Endpoint_AVR8.h **** 				                                                 */
 154:/users/hunter/downloads/tmk_core/protocol/lufa/LUFA-git/LUFA/Drivers/USB/Core/AVR8/../AVR8/Endpoint_AVR8.h **** 				ENDPOINT_READYWAIT_BusSuspended            = 3, /**< The USB bus has been suspended by the host
 155:/users/hunter/downloads/tmk_core/protocol/lufa/LUFA-git/LUFA/Drivers/USB/Core/AVR8/../AVR8/Endpoint_AVR8.h **** 				                                                 *   no USB endpoint traffic can occur until th
 156:/users/hunter/downloads/tmk_core/protocol/lufa/LUFA-git/LUFA/Drivers/USB/Core/AVR8/../AVR8/Endpoint_AVR8.h **** 				                                                 *   has resumed.
 157:/users/hunter/downloads/tmk_core/protocol/lufa/LUFA-git/LUFA/Drivers/USB/Core/AVR8/../AVR8/Endpoint_AVR8.h **** 				                                                 */
 158:/users/hunter/downloads/tmk_core/protocol/lufa/LUFA-git/LUFA/Drivers/USB/Core/AVR8/../AVR8/Endpoint_AVR8.h **** 				ENDPOINT_READYWAIT_Timeout                 = 4, /**< The host failed to accept or send the next
 159:/users/hunter/downloads/tmk_core/protocol/lufa/LUFA-git/LUFA/Drivers/USB/Core/AVR8/../AVR8/Endpoint_AVR8.h **** 				                                                 *   within the software timeout period set by 
 160:/users/hunter/downloads/tmk_core/protocol/lufa/LUFA-git/LUFA/Drivers/USB/Core/AVR8/../AVR8/Endpoint_AVR8.h **** 				                                                 *   \ref USB_STREAM_TIMEOUT_MS macro.
 161:/users/hunter/downloads/tmk_core/protocol/lufa/LUFA-git/LUFA/Drivers/USB/Core/AVR8/../AVR8/Endpoint_AVR8.h **** 				                                                 */
 162:/users/hunter/downloads/tmk_core/protocol/lufa/LUFA-git/LUFA/Drivers/USB/Core/AVR8/../AVR8/Endpoint_AVR8.h **** 			};
 163:/users/hunter/downloads/tmk_core/protocol/lufa/LUFA-git/LUFA/Drivers/USB/Core/AVR8/../AVR8/Endpoint_AVR8.h **** 
 164:/users/hunter/downloads/tmk_core/protocol/lufa/LUFA-git/LUFA/Drivers/USB/Core/AVR8/../AVR8/Endpoint_AVR8.h **** 		/* Inline Functions: */
 165:/users/hunter/downloads/tmk_core/protocol/lufa/LUFA-git/LUFA/Drivers/USB/Core/AVR8/../AVR8/Endpoint_AVR8.h **** 			/** Configures the specified endpoint address with the given endpoint type, bank size and number
 166:/users/hunter/downloads/tmk_core/protocol/lufa/LUFA-git/LUFA/Drivers/USB/Core/AVR8/../AVR8/Endpoint_AVR8.h **** 			 *  banks. Once configured, the endpoint may be read from or written to, depending on its direct
 167:/users/hunter/downloads/tmk_core/protocol/lufa/LUFA-git/LUFA/Drivers/USB/Core/AVR8/../AVR8/Endpoint_AVR8.h **** 			 *
 168:/users/hunter/downloads/tmk_core/protocol/lufa/LUFA-git/LUFA/Drivers/USB/Core/AVR8/../AVR8/Endpoint_AVR8.h **** 			 *  \param[in] Address    Endpoint address to configure.
 169:/users/hunter/downloads/tmk_core/protocol/lufa/LUFA-git/LUFA/Drivers/USB/Core/AVR8/../AVR8/Endpoint_AVR8.h **** 			 *
 170:/users/hunter/downloads/tmk_core/protocol/lufa/LUFA-git/LUFA/Drivers/USB/Core/AVR8/../AVR8/Endpoint_AVR8.h **** 			 *  \param[in] Type       Type of endpoint to configure, a \c EP_TYPE_* mask. Not all endpoint t
 171:/users/hunter/downloads/tmk_core/protocol/lufa/LUFA-git/LUFA/Drivers/USB/Core/AVR8/../AVR8/Endpoint_AVR8.h **** 			 *                        are available on Low Speed USB devices - refer to the USB 2.0 specific
 172:/users/hunter/downloads/tmk_core/protocol/lufa/LUFA-git/LUFA/Drivers/USB/Core/AVR8/../AVR8/Endpoint_AVR8.h **** 			 *
 173:/users/hunter/downloads/tmk_core/protocol/lufa/LUFA-git/LUFA/Drivers/USB/Core/AVR8/../AVR8/Endpoint_AVR8.h **** 			 *  \param[in] Size       Size of the endpoint's bank, where packets are stored before they are 
 174:/users/hunter/downloads/tmk_core/protocol/lufa/LUFA-git/LUFA/Drivers/USB/Core/AVR8/../AVR8/Endpoint_AVR8.h **** 			 *                        to the USB host, or after they have been received from the USB host (d
 175:/users/hunter/downloads/tmk_core/protocol/lufa/LUFA-git/LUFA/Drivers/USB/Core/AVR8/../AVR8/Endpoint_AVR8.h **** 			 *                        the endpoint's data direction). The bank size must indicate the maximu
 176:/users/hunter/downloads/tmk_core/protocol/lufa/LUFA-git/LUFA/Drivers/USB/Core/AVR8/../AVR8/Endpoint_AVR8.h **** 			 *                        that the endpoint can handle.
 177:/users/hunter/downloads/tmk_core/protocol/lufa/LUFA-git/LUFA/Drivers/USB/Core/AVR8/../AVR8/Endpoint_AVR8.h **** 			 *
 178:/users/hunter/downloads/tmk_core/protocol/lufa/LUFA-git/LUFA/Drivers/USB/Core/AVR8/../AVR8/Endpoint_AVR8.h **** 			 *  \param[in] Banks      Number of banks to use for the endpoint being configured.
 179:/users/hunter/downloads/tmk_core/protocol/lufa/LUFA-git/LUFA/Drivers/USB/Core/AVR8/../AVR8/Endpoint_AVR8.h **** 			 *
 180:/users/hunter/downloads/tmk_core/protocol/lufa/LUFA-git/LUFA/Drivers/USB/Core/AVR8/../AVR8/Endpoint_AVR8.h **** 			 *  \attention When the \c ORDERED_EP_CONFIG compile time option is used, Endpoints <b>must</b> 
 181:/users/hunter/downloads/tmk_core/protocol/lufa/LUFA-git/LUFA/Drivers/USB/Core/AVR8/../AVR8/Endpoint_AVR8.h **** 			 *             ascending order, or bank corruption will occur.
 182:/users/hunter/downloads/tmk_core/protocol/lufa/LUFA-git/LUFA/Drivers/USB/Core/AVR8/../AVR8/Endpoint_AVR8.h **** 			 *
 183:/users/hunter/downloads/tmk_core/protocol/lufa/LUFA-git/LUFA/Drivers/USB/Core/AVR8/../AVR8/Endpoint_AVR8.h **** 			 *  \note Different endpoints may have different maximum packet sizes based on the endpoint's in
 184:/users/hunter/downloads/tmk_core/protocol/lufa/LUFA-git/LUFA/Drivers/USB/Core/AVR8/../AVR8/Endpoint_AVR8.h **** 			 *        refer to the chosen microcontroller model's datasheet to determine the maximum bank si
 185:/users/hunter/downloads/tmk_core/protocol/lufa/LUFA-git/LUFA/Drivers/USB/Core/AVR8/../AVR8/Endpoint_AVR8.h **** 			 *        \n\n
 186:/users/hunter/downloads/tmk_core/protocol/lufa/LUFA-git/LUFA/Drivers/USB/Core/AVR8/../AVR8/Endpoint_AVR8.h **** 			 *
 187:/users/hunter/downloads/tmk_core/protocol/lufa/LUFA-git/LUFA/Drivers/USB/Core/AVR8/../AVR8/Endpoint_AVR8.h **** 			 *  \note The default control endpoint should not be manually configured by the user application
 188:/users/hunter/downloads/tmk_core/protocol/lufa/LUFA-git/LUFA/Drivers/USB/Core/AVR8/../AVR8/Endpoint_AVR8.h **** 			 *        it is automatically configured by the library internally.
 189:/users/hunter/downloads/tmk_core/protocol/lufa/LUFA-git/LUFA/Drivers/USB/Core/AVR8/../AVR8/Endpoint_AVR8.h **** 			 *        \n\n
 190:/users/hunter/downloads/tmk_core/protocol/lufa/LUFA-git/LUFA/Drivers/USB/Core/AVR8/../AVR8/Endpoint_AVR8.h **** 			 *
 191:/users/hunter/downloads/tmk_core/protocol/lufa/LUFA-git/LUFA/Drivers/USB/Core/AVR8/../AVR8/Endpoint_AVR8.h **** 			 *  \note This routine will automatically select the specified endpoint upon success. Upon failu
 192:/users/hunter/downloads/tmk_core/protocol/lufa/LUFA-git/LUFA/Drivers/USB/Core/AVR8/../AVR8/Endpoint_AVR8.h **** 			 *        which failed to reconfigure correctly will be selected.
 193:/users/hunter/downloads/tmk_core/protocol/lufa/LUFA-git/LUFA/Drivers/USB/Core/AVR8/../AVR8/Endpoint_AVR8.h **** 			 *
 194:/users/hunter/downloads/tmk_core/protocol/lufa/LUFA-git/LUFA/Drivers/USB/Core/AVR8/../AVR8/Endpoint_AVR8.h **** 			 *  \return Boolean \c true if the configuration succeeded, \c false otherwise.
 195:/users/hunter/downloads/tmk_core/protocol/lufa/LUFA-git/LUFA/Drivers/USB/Core/AVR8/../AVR8/Endpoint_AVR8.h **** 			 */
 196:/users/hunter/downloads/tmk_core/protocol/lufa/LUFA-git/LUFA/Drivers/USB/Core/AVR8/../AVR8/Endpoint_AVR8.h **** 			static inline bool Endpoint_ConfigureEndpoint(const uint8_t Address,
 197:/users/hunter/downloads/tmk_core/protocol/lufa/LUFA-git/LUFA/Drivers/USB/Core/AVR8/../AVR8/Endpoint_AVR8.h **** 			                                              const uint8_t Type,
 198:/users/hunter/downloads/tmk_core/protocol/lufa/LUFA-git/LUFA/Drivers/USB/Core/AVR8/../AVR8/Endpoint_AVR8.h **** 			                                              const uint16_t Size,
 199:/users/hunter/downloads/tmk_core/protocol/lufa/LUFA-git/LUFA/Drivers/USB/Core/AVR8/../AVR8/Endpoint_AVR8.h **** 			                                              const uint8_t Banks) ATTR_ALWAYS_INLINE;
 200:/users/hunter/downloads/tmk_core/protocol/lufa/LUFA-git/LUFA/Drivers/USB/Core/AVR8/../AVR8/Endpoint_AVR8.h **** 			static inline bool Endpoint_ConfigureEndpoint(const uint8_t Address,
 201:/users/hunter/downloads/tmk_core/protocol/lufa/LUFA-git/LUFA/Drivers/USB/Core/AVR8/../AVR8/Endpoint_AVR8.h **** 			                                              const uint8_t Type,
 202:/users/hunter/downloads/tmk_core/protocol/lufa/LUFA-git/LUFA/Drivers/USB/Core/AVR8/../AVR8/Endpoint_AVR8.h **** 			                                              const uint16_t Size,
 203:/users/hunter/downloads/tmk_core/protocol/lufa/LUFA-git/LUFA/Drivers/USB/Core/AVR8/../AVR8/Endpoint_AVR8.h **** 			                                              const uint8_t Banks)
 204:/users/hunter/downloads/tmk_core/protocol/lufa/LUFA-git/LUFA/Drivers/USB/Core/AVR8/../AVR8/Endpoint_AVR8.h **** 			{
 205:/users/hunter/downloads/tmk_core/protocol/lufa/LUFA-git/LUFA/Drivers/USB/Core/AVR8/../AVR8/Endpoint_AVR8.h **** 				uint8_t Number = (Address & ENDPOINT_EPNUM_MASK);
 206:/users/hunter/downloads/tmk_core/protocol/lufa/LUFA-git/LUFA/Drivers/USB/Core/AVR8/../AVR8/Endpoint_AVR8.h **** 
 207:/users/hunter/downloads/tmk_core/protocol/lufa/LUFA-git/LUFA/Drivers/USB/Core/AVR8/../AVR8/Endpoint_AVR8.h **** 				if (Number >= ENDPOINT_TOTAL_ENDPOINTS)
 208:/users/hunter/downloads/tmk_core/protocol/lufa/LUFA-git/LUFA/Drivers/USB/Core/AVR8/../AVR8/Endpoint_AVR8.h **** 				  return false;
 209:/users/hunter/downloads/tmk_core/protocol/lufa/LUFA-git/LUFA/Drivers/USB/Core/AVR8/../AVR8/Endpoint_AVR8.h **** 
 210:/users/hunter/downloads/tmk_core/protocol/lufa/LUFA-git/LUFA/Drivers/USB/Core/AVR8/../AVR8/Endpoint_AVR8.h **** 				return Endpoint_ConfigureEndpoint_Prv(Number,
 211:/users/hunter/downloads/tmk_core/protocol/lufa/LUFA-git/LUFA/Drivers/USB/Core/AVR8/../AVR8/Endpoint_AVR8.h **** 				                                      ((Type << EPTYPE0) | ((Address & ENDPOINT_DIR_IN) ? (1 <<
 212:/users/hunter/downloads/tmk_core/protocol/lufa/LUFA-git/LUFA/Drivers/USB/Core/AVR8/../AVR8/Endpoint_AVR8.h **** 				                                      ((1 << ALLOC) | ((Banks > 1) ? (1 << EPBK0) : 0) | Endpoi
 213:/users/hunter/downloads/tmk_core/protocol/lufa/LUFA-git/LUFA/Drivers/USB/Core/AVR8/../AVR8/Endpoint_AVR8.h **** 			}
 214:/users/hunter/downloads/tmk_core/protocol/lufa/LUFA-git/LUFA/Drivers/USB/Core/AVR8/../AVR8/Endpoint_AVR8.h **** 
 215:/users/hunter/downloads/tmk_core/protocol/lufa/LUFA-git/LUFA/Drivers/USB/Core/AVR8/../AVR8/Endpoint_AVR8.h **** 			/** Indicates the number of bytes currently stored in the current endpoint's selected bank.
 216:/users/hunter/downloads/tmk_core/protocol/lufa/LUFA-git/LUFA/Drivers/USB/Core/AVR8/../AVR8/Endpoint_AVR8.h **** 			 *
 217:/users/hunter/downloads/tmk_core/protocol/lufa/LUFA-git/LUFA/Drivers/USB/Core/AVR8/../AVR8/Endpoint_AVR8.h **** 			 *  \ingroup Group_EndpointRW_AVR8
 218:/users/hunter/downloads/tmk_core/protocol/lufa/LUFA-git/LUFA/Drivers/USB/Core/AVR8/../AVR8/Endpoint_AVR8.h **** 			 *
 219:/users/hunter/downloads/tmk_core/protocol/lufa/LUFA-git/LUFA/Drivers/USB/Core/AVR8/../AVR8/Endpoint_AVR8.h **** 			 *  \return Total number of bytes in the currently selected Endpoint's FIFO buffer.
 220:/users/hunter/downloads/tmk_core/protocol/lufa/LUFA-git/LUFA/Drivers/USB/Core/AVR8/../AVR8/Endpoint_AVR8.h **** 			 */
 221:/users/hunter/downloads/tmk_core/protocol/lufa/LUFA-git/LUFA/Drivers/USB/Core/AVR8/../AVR8/Endpoint_AVR8.h **** 			static inline uint16_t Endpoint_BytesInEndpoint(void) ATTR_WARN_UNUSED_RESULT ATTR_ALWAYS_INLINE
 222:/users/hunter/downloads/tmk_core/protocol/lufa/LUFA-git/LUFA/Drivers/USB/Core/AVR8/../AVR8/Endpoint_AVR8.h **** 			static inline uint16_t Endpoint_BytesInEndpoint(void)
 223:/users/hunter/downloads/tmk_core/protocol/lufa/LUFA-git/LUFA/Drivers/USB/Core/AVR8/../AVR8/Endpoint_AVR8.h **** 			{
 224:/users/hunter/downloads/tmk_core/protocol/lufa/LUFA-git/LUFA/Drivers/USB/Core/AVR8/../AVR8/Endpoint_AVR8.h **** 				#if (defined(USB_SERIES_6_AVR) || defined(USB_SERIES_7_AVR))
 225:/users/hunter/downloads/tmk_core/protocol/lufa/LUFA-git/LUFA/Drivers/USB/Core/AVR8/../AVR8/Endpoint_AVR8.h **** 					return UEBCX;
 226:/users/hunter/downloads/tmk_core/protocol/lufa/LUFA-git/LUFA/Drivers/USB/Core/AVR8/../AVR8/Endpoint_AVR8.h **** 				#elif defined(USB_SERIES_4_AVR)
 227:/users/hunter/downloads/tmk_core/protocol/lufa/LUFA-git/LUFA/Drivers/USB/Core/AVR8/../AVR8/Endpoint_AVR8.h **** 					return (((uint16_t)UEBCHX << 8) | UEBCLX);
 228:/users/hunter/downloads/tmk_core/protocol/lufa/LUFA-git/LUFA/Drivers/USB/Core/AVR8/../AVR8/Endpoint_AVR8.h **** 				#elif defined(USB_SERIES_2_AVR)
 229:/users/hunter/downloads/tmk_core/protocol/lufa/LUFA-git/LUFA/Drivers/USB/Core/AVR8/../AVR8/Endpoint_AVR8.h **** 					return UEBCLX;
 230:/users/hunter/downloads/tmk_core/protocol/lufa/LUFA-git/LUFA/Drivers/USB/Core/AVR8/../AVR8/Endpoint_AVR8.h **** 				#endif
 231:/users/hunter/downloads/tmk_core/protocol/lufa/LUFA-git/LUFA/Drivers/USB/Core/AVR8/../AVR8/Endpoint_AVR8.h **** 			}
 232:/users/hunter/downloads/tmk_core/protocol/lufa/LUFA-git/LUFA/Drivers/USB/Core/AVR8/../AVR8/Endpoint_AVR8.h **** 
 233:/users/hunter/downloads/tmk_core/protocol/lufa/LUFA-git/LUFA/Drivers/USB/Core/AVR8/../AVR8/Endpoint_AVR8.h **** 			/** Determines the currently selected endpoint's direction.
 234:/users/hunter/downloads/tmk_core/protocol/lufa/LUFA-git/LUFA/Drivers/USB/Core/AVR8/../AVR8/Endpoint_AVR8.h **** 			 *
 235:/users/hunter/downloads/tmk_core/protocol/lufa/LUFA-git/LUFA/Drivers/USB/Core/AVR8/../AVR8/Endpoint_AVR8.h **** 			 *  \return The currently selected endpoint's direction, as a \c ENDPOINT_DIR_* mask.
 236:/users/hunter/downloads/tmk_core/protocol/lufa/LUFA-git/LUFA/Drivers/USB/Core/AVR8/../AVR8/Endpoint_AVR8.h **** 			 */
 237:/users/hunter/downloads/tmk_core/protocol/lufa/LUFA-git/LUFA/Drivers/USB/Core/AVR8/../AVR8/Endpoint_AVR8.h **** 			static inline uint8_t Endpoint_GetEndpointDirection(void) ATTR_WARN_UNUSED_RESULT ATTR_ALWAYS_IN
 238:/users/hunter/downloads/tmk_core/protocol/lufa/LUFA-git/LUFA/Drivers/USB/Core/AVR8/../AVR8/Endpoint_AVR8.h **** 			static inline uint8_t Endpoint_GetEndpointDirection(void)
 239:/users/hunter/downloads/tmk_core/protocol/lufa/LUFA-git/LUFA/Drivers/USB/Core/AVR8/../AVR8/Endpoint_AVR8.h **** 			{
 240:/users/hunter/downloads/tmk_core/protocol/lufa/LUFA-git/LUFA/Drivers/USB/Core/AVR8/../AVR8/Endpoint_AVR8.h **** 				return (UECFG0X & (1 << EPDIR)) ? ENDPOINT_DIR_IN : ENDPOINT_DIR_OUT;
 241:/users/hunter/downloads/tmk_core/protocol/lufa/LUFA-git/LUFA/Drivers/USB/Core/AVR8/../AVR8/Endpoint_AVR8.h **** 			}
 242:/users/hunter/downloads/tmk_core/protocol/lufa/LUFA-git/LUFA/Drivers/USB/Core/AVR8/../AVR8/Endpoint_AVR8.h **** 
 243:/users/hunter/downloads/tmk_core/protocol/lufa/LUFA-git/LUFA/Drivers/USB/Core/AVR8/../AVR8/Endpoint_AVR8.h **** 			/** Get the endpoint address of the currently selected endpoint. This is typically used to save
 244:/users/hunter/downloads/tmk_core/protocol/lufa/LUFA-git/LUFA/Drivers/USB/Core/AVR8/../AVR8/Endpoint_AVR8.h **** 			 *  the currently selected endpoint so that it can be restored after another endpoint has been
 245:/users/hunter/downloads/tmk_core/protocol/lufa/LUFA-git/LUFA/Drivers/USB/Core/AVR8/../AVR8/Endpoint_AVR8.h **** 			 *  manipulated.
 246:/users/hunter/downloads/tmk_core/protocol/lufa/LUFA-git/LUFA/Drivers/USB/Core/AVR8/../AVR8/Endpoint_AVR8.h **** 			 *
 247:/users/hunter/downloads/tmk_core/protocol/lufa/LUFA-git/LUFA/Drivers/USB/Core/AVR8/../AVR8/Endpoint_AVR8.h **** 			 *  \return Index of the currently selected endpoint.
 248:/users/hunter/downloads/tmk_core/protocol/lufa/LUFA-git/LUFA/Drivers/USB/Core/AVR8/../AVR8/Endpoint_AVR8.h **** 			 */
 249:/users/hunter/downloads/tmk_core/protocol/lufa/LUFA-git/LUFA/Drivers/USB/Core/AVR8/../AVR8/Endpoint_AVR8.h **** 			static inline uint8_t Endpoint_GetCurrentEndpoint(void) ATTR_WARN_UNUSED_RESULT ATTR_ALWAYS_INLI
 250:/users/hunter/downloads/tmk_core/protocol/lufa/LUFA-git/LUFA/Drivers/USB/Core/AVR8/../AVR8/Endpoint_AVR8.h **** 			static inline uint8_t Endpoint_GetCurrentEndpoint(void)
 251:/users/hunter/downloads/tmk_core/protocol/lufa/LUFA-git/LUFA/Drivers/USB/Core/AVR8/../AVR8/Endpoint_AVR8.h **** 			{
 252:/users/hunter/downloads/tmk_core/protocol/lufa/LUFA-git/LUFA/Drivers/USB/Core/AVR8/../AVR8/Endpoint_AVR8.h **** 				#if !defined(CONTROL_ONLY_DEVICE)
 253:/users/hunter/downloads/tmk_core/protocol/lufa/LUFA-git/LUFA/Drivers/USB/Core/AVR8/../AVR8/Endpoint_AVR8.h **** 					return ((UENUM & ENDPOINT_EPNUM_MASK) | Endpoint_GetEndpointDirection());
  35               		.loc 2 253 0
  36 000a C091 E900 		lds r28,233
  37 000e CF70      		andi r28,lo8(15)
  38               	.LBB30:
  39               	.LBB31:
 240:/users/hunter/downloads/tmk_core/protocol/lufa/LUFA-git/LUFA/Drivers/USB/Core/AVR8/../AVR8/Endpoint_AVR8.h **** 			}
  40               		.loc 2 240 0
  41 0010 8091 EC00 		lds r24,236
  42 0014 80FD      		sbrc r24,0
  43 0016 00C0      		rjmp .L5
  44 0018 80E0      		ldi r24,0
  45               	.L3:
  46               	.LBE31:
  47               	.LBE30:
  48               		.loc 2 253 0
  49 001a C82B      		or r28,r24
  50               	.LVL0:
  51               	.LBE29:
  52               	.LBE28:
  53               	.LBB35:
  54               	.LBB36:
 254:/users/hunter/downloads/tmk_core/protocol/lufa/LUFA-git/LUFA/Drivers/USB/Core/AVR8/../AVR8/Endpoint_AVR8.h **** 				#else
 255:/users/hunter/downloads/tmk_core/protocol/lufa/LUFA-git/LUFA/Drivers/USB/Core/AVR8/../AVR8/Endpoint_AVR8.h **** 					return ENDPOINT_CONTROLEP;
 256:/users/hunter/downloads/tmk_core/protocol/lufa/LUFA-git/LUFA/Drivers/USB/Core/AVR8/../AVR8/Endpoint_AVR8.h **** 				#endif
 257:/users/hunter/downloads/tmk_core/protocol/lufa/LUFA-git/LUFA/Drivers/USB/Core/AVR8/../AVR8/Endpoint_AVR8.h **** 			}
 258:/users/hunter/downloads/tmk_core/protocol/lufa/LUFA-git/LUFA/Drivers/USB/Core/AVR8/../AVR8/Endpoint_AVR8.h **** 
 259:/users/hunter/downloads/tmk_core/protocol/lufa/LUFA-git/LUFA/Drivers/USB/Core/AVR8/../AVR8/Endpoint_AVR8.h **** 			/** Selects the given endpoint address.
 260:/users/hunter/downloads/tmk_core/protocol/lufa/LUFA-git/LUFA/Drivers/USB/Core/AVR8/../AVR8/Endpoint_AVR8.h **** 			 *
 261:/users/hunter/downloads/tmk_core/protocol/lufa/LUFA-git/LUFA/Drivers/USB/Core/AVR8/../AVR8/Endpoint_AVR8.h **** 			 *  Any endpoint operations which do not require the endpoint address to be indicated will opera
 262:/users/hunter/downloads/tmk_core/protocol/lufa/LUFA-git/LUFA/Drivers/USB/Core/AVR8/../AVR8/Endpoint_AVR8.h **** 			 *  the currently selected endpoint.
 263:/users/hunter/downloads/tmk_core/protocol/lufa/LUFA-git/LUFA/Drivers/USB/Core/AVR8/../AVR8/Endpoint_AVR8.h **** 			 *
 264:/users/hunter/downloads/tmk_core/protocol/lufa/LUFA-git/LUFA/Drivers/USB/Core/AVR8/../AVR8/Endpoint_AVR8.h **** 			 *  \param[in] Address Endpoint address to select.
 265:/users/hunter/downloads/tmk_core/protocol/lufa/LUFA-git/LUFA/Drivers/USB/Core/AVR8/../AVR8/Endpoint_AVR8.h **** 			 */
 266:/users/hunter/downloads/tmk_core/protocol/lufa/LUFA-git/LUFA/Drivers/USB/Core/AVR8/../AVR8/Endpoint_AVR8.h **** 			static inline void Endpoint_SelectEndpoint(const uint8_t Address) ATTR_ALWAYS_INLINE;
 267:/users/hunter/downloads/tmk_core/protocol/lufa/LUFA-git/LUFA/Drivers/USB/Core/AVR8/../AVR8/Endpoint_AVR8.h **** 			static inline void Endpoint_SelectEndpoint(const uint8_t Address)
 268:/users/hunter/downloads/tmk_core/protocol/lufa/LUFA-git/LUFA/Drivers/USB/Core/AVR8/../AVR8/Endpoint_AVR8.h **** 			{
 269:/users/hunter/downloads/tmk_core/protocol/lufa/LUFA-git/LUFA/Drivers/USB/Core/AVR8/../AVR8/Endpoint_AVR8.h **** 				#if !defined(CONTROL_ONLY_DEVICE)
 270:/users/hunter/downloads/tmk_core/protocol/lufa/LUFA-git/LUFA/Drivers/USB/Core/AVR8/../AVR8/Endpoint_AVR8.h **** 					UENUM = (Address & ENDPOINT_EPNUM_MASK);
  55               		.loc 2 270 0
  56 001c 1092 E900 		sts 233,__zero_reg__
  57               	.LVL1:
  58               	.LBE36:
  59               	.LBE35:
  60               	.LBB37:
  61               	.LBB38:
 271:/users/hunter/downloads/tmk_core/protocol/lufa/LUFA-git/LUFA/Drivers/USB/Core/AVR8/../AVR8/Endpoint_AVR8.h **** 				#endif
 272:/users/hunter/downloads/tmk_core/protocol/lufa/LUFA-git/LUFA/Drivers/USB/Core/AVR8/../AVR8/Endpoint_AVR8.h **** 			}
 273:/users/hunter/downloads/tmk_core/protocol/lufa/LUFA-git/LUFA/Drivers/USB/Core/AVR8/../AVR8/Endpoint_AVR8.h **** 
 274:/users/hunter/downloads/tmk_core/protocol/lufa/LUFA-git/LUFA/Drivers/USB/Core/AVR8/../AVR8/Endpoint_AVR8.h **** 			/** Resets the endpoint bank FIFO. This clears all the endpoint banks and resets the USB control
 275:/users/hunter/downloads/tmk_core/protocol/lufa/LUFA-git/LUFA/Drivers/USB/Core/AVR8/../AVR8/Endpoint_AVR8.h **** 			 *  data In and Out pointers to the bank's contents.
 276:/users/hunter/downloads/tmk_core/protocol/lufa/LUFA-git/LUFA/Drivers/USB/Core/AVR8/../AVR8/Endpoint_AVR8.h **** 			 *
 277:/users/hunter/downloads/tmk_core/protocol/lufa/LUFA-git/LUFA/Drivers/USB/Core/AVR8/../AVR8/Endpoint_AVR8.h **** 			 *  \param[in] Address  Endpoint address whose FIFO buffers are to be reset.
 278:/users/hunter/downloads/tmk_core/protocol/lufa/LUFA-git/LUFA/Drivers/USB/Core/AVR8/../AVR8/Endpoint_AVR8.h **** 			 */
 279:/users/hunter/downloads/tmk_core/protocol/lufa/LUFA-git/LUFA/Drivers/USB/Core/AVR8/../AVR8/Endpoint_AVR8.h **** 			static inline void Endpoint_ResetEndpoint(const uint8_t Address) ATTR_ALWAYS_INLINE;
 280:/users/hunter/downloads/tmk_core/protocol/lufa/LUFA-git/LUFA/Drivers/USB/Core/AVR8/../AVR8/Endpoint_AVR8.h **** 			static inline void Endpoint_ResetEndpoint(const uint8_t Address)
 281:/users/hunter/downloads/tmk_core/protocol/lufa/LUFA-git/LUFA/Drivers/USB/Core/AVR8/../AVR8/Endpoint_AVR8.h **** 			{
 282:/users/hunter/downloads/tmk_core/protocol/lufa/LUFA-git/LUFA/Drivers/USB/Core/AVR8/../AVR8/Endpoint_AVR8.h **** 				UERST = (1 << (Address & ENDPOINT_EPNUM_MASK));
 283:/users/hunter/downloads/tmk_core/protocol/lufa/LUFA-git/LUFA/Drivers/USB/Core/AVR8/../AVR8/Endpoint_AVR8.h **** 				UERST = 0;
 284:/users/hunter/downloads/tmk_core/protocol/lufa/LUFA-git/LUFA/Drivers/USB/Core/AVR8/../AVR8/Endpoint_AVR8.h **** 			}
 285:/users/hunter/downloads/tmk_core/protocol/lufa/LUFA-git/LUFA/Drivers/USB/Core/AVR8/../AVR8/Endpoint_AVR8.h **** 
 286:/users/hunter/downloads/tmk_core/protocol/lufa/LUFA-git/LUFA/Drivers/USB/Core/AVR8/../AVR8/Endpoint_AVR8.h **** 			/** Enables the currently selected endpoint so that data can be sent and received through it to
 287:/users/hunter/downloads/tmk_core/protocol/lufa/LUFA-git/LUFA/Drivers/USB/Core/AVR8/../AVR8/Endpoint_AVR8.h **** 			 *  and from a host.
 288:/users/hunter/downloads/tmk_core/protocol/lufa/LUFA-git/LUFA/Drivers/USB/Core/AVR8/../AVR8/Endpoint_AVR8.h **** 			 *
 289:/users/hunter/downloads/tmk_core/protocol/lufa/LUFA-git/LUFA/Drivers/USB/Core/AVR8/../AVR8/Endpoint_AVR8.h **** 			 *  \note Endpoints must first be configured properly via \ref Endpoint_ConfigureEndpoint().
 290:/users/hunter/downloads/tmk_core/protocol/lufa/LUFA-git/LUFA/Drivers/USB/Core/AVR8/../AVR8/Endpoint_AVR8.h **** 			 */
 291:/users/hunter/downloads/tmk_core/protocol/lufa/LUFA-git/LUFA/Drivers/USB/Core/AVR8/../AVR8/Endpoint_AVR8.h **** 			static inline void Endpoint_EnableEndpoint(void) ATTR_ALWAYS_INLINE;
 292:/users/hunter/downloads/tmk_core/protocol/lufa/LUFA-git/LUFA/Drivers/USB/Core/AVR8/../AVR8/Endpoint_AVR8.h **** 			static inline void Endpoint_EnableEndpoint(void)
 293:/users/hunter/downloads/tmk_core/protocol/lufa/LUFA-git/LUFA/Drivers/USB/Core/AVR8/../AVR8/Endpoint_AVR8.h **** 			{
 294:/users/hunter/downloads/tmk_core/protocol/lufa/LUFA-git/LUFA/Drivers/USB/Core/AVR8/../AVR8/Endpoint_AVR8.h **** 				UECONX |= (1 << EPEN);
 295:/users/hunter/downloads/tmk_core/protocol/lufa/LUFA-git/LUFA/Drivers/USB/Core/AVR8/../AVR8/Endpoint_AVR8.h **** 			}
 296:/users/hunter/downloads/tmk_core/protocol/lufa/LUFA-git/LUFA/Drivers/USB/Core/AVR8/../AVR8/Endpoint_AVR8.h **** 
 297:/users/hunter/downloads/tmk_core/protocol/lufa/LUFA-git/LUFA/Drivers/USB/Core/AVR8/../AVR8/Endpoint_AVR8.h **** 			/** Disables the currently selected endpoint so that data cannot be sent and received through it
 298:/users/hunter/downloads/tmk_core/protocol/lufa/LUFA-git/LUFA/Drivers/USB/Core/AVR8/../AVR8/Endpoint_AVR8.h **** 			 *  to and from a host.
 299:/users/hunter/downloads/tmk_core/protocol/lufa/LUFA-git/LUFA/Drivers/USB/Core/AVR8/../AVR8/Endpoint_AVR8.h **** 			 */
 300:/users/hunter/downloads/tmk_core/protocol/lufa/LUFA-git/LUFA/Drivers/USB/Core/AVR8/../AVR8/Endpoint_AVR8.h **** 			static inline void Endpoint_DisableEndpoint(void) ATTR_ALWAYS_INLINE;
 301:/users/hunter/downloads/tmk_core/protocol/lufa/LUFA-git/LUFA/Drivers/USB/Core/AVR8/../AVR8/Endpoint_AVR8.h **** 			static inline void Endpoint_DisableEndpoint(void)
 302:/users/hunter/downloads/tmk_core/protocol/lufa/LUFA-git/LUFA/Drivers/USB/Core/AVR8/../AVR8/Endpoint_AVR8.h **** 			{
 303:/users/hunter/downloads/tmk_core/protocol/lufa/LUFA-git/LUFA/Drivers/USB/Core/AVR8/../AVR8/Endpoint_AVR8.h **** 				UECONX &= ~(1 << EPEN);
 304:/users/hunter/downloads/tmk_core/protocol/lufa/LUFA-git/LUFA/Drivers/USB/Core/AVR8/../AVR8/Endpoint_AVR8.h **** 			}
 305:/users/hunter/downloads/tmk_core/protocol/lufa/LUFA-git/LUFA/Drivers/USB/Core/AVR8/../AVR8/Endpoint_AVR8.h **** 
 306:/users/hunter/downloads/tmk_core/protocol/lufa/LUFA-git/LUFA/Drivers/USB/Core/AVR8/../AVR8/Endpoint_AVR8.h **** 			/** Determines if the currently selected endpoint is enabled, but not necessarily configured.
 307:/users/hunter/downloads/tmk_core/protocol/lufa/LUFA-git/LUFA/Drivers/USB/Core/AVR8/../AVR8/Endpoint_AVR8.h **** 			 *
 308:/users/hunter/downloads/tmk_core/protocol/lufa/LUFA-git/LUFA/Drivers/USB/Core/AVR8/../AVR8/Endpoint_AVR8.h **** 			 * \return Boolean \c true if the currently selected endpoint is enabled, \c false otherwise.
 309:/users/hunter/downloads/tmk_core/protocol/lufa/LUFA-git/LUFA/Drivers/USB/Core/AVR8/../AVR8/Endpoint_AVR8.h **** 			 */
 310:/users/hunter/downloads/tmk_core/protocol/lufa/LUFA-git/LUFA/Drivers/USB/Core/AVR8/../AVR8/Endpoint_AVR8.h **** 			static inline bool Endpoint_IsEnabled(void) ATTR_WARN_UNUSED_RESULT ATTR_ALWAYS_INLINE;
 311:/users/hunter/downloads/tmk_core/protocol/lufa/LUFA-git/LUFA/Drivers/USB/Core/AVR8/../AVR8/Endpoint_AVR8.h **** 			static inline bool Endpoint_IsEnabled(void)
 312:/users/hunter/downloads/tmk_core/protocol/lufa/LUFA-git/LUFA/Drivers/USB/Core/AVR8/../AVR8/Endpoint_AVR8.h **** 			{
 313:/users/hunter/downloads/tmk_core/protocol/lufa/LUFA-git/LUFA/Drivers/USB/Core/AVR8/../AVR8/Endpoint_AVR8.h **** 				return ((UECONX & (1 << EPEN)) ? true : false);
 314:/users/hunter/downloads/tmk_core/protocol/lufa/LUFA-git/LUFA/Drivers/USB/Core/AVR8/../AVR8/Endpoint_AVR8.h **** 			}
 315:/users/hunter/downloads/tmk_core/protocol/lufa/LUFA-git/LUFA/Drivers/USB/Core/AVR8/../AVR8/Endpoint_AVR8.h **** 
 316:/users/hunter/downloads/tmk_core/protocol/lufa/LUFA-git/LUFA/Drivers/USB/Core/AVR8/../AVR8/Endpoint_AVR8.h **** 			/** Retrieves the number of busy banks in the currently selected endpoint, which have been queue
 317:/users/hunter/downloads/tmk_core/protocol/lufa/LUFA-git/LUFA/Drivers/USB/Core/AVR8/../AVR8/Endpoint_AVR8.h **** 			 *  transmission via the \ref Endpoint_ClearIN() command, or are awaiting acknowledgment via the
 318:/users/hunter/downloads/tmk_core/protocol/lufa/LUFA-git/LUFA/Drivers/USB/Core/AVR8/../AVR8/Endpoint_AVR8.h **** 			 *  \ref Endpoint_ClearOUT() command.
 319:/users/hunter/downloads/tmk_core/protocol/lufa/LUFA-git/LUFA/Drivers/USB/Core/AVR8/../AVR8/Endpoint_AVR8.h **** 			 *
 320:/users/hunter/downloads/tmk_core/protocol/lufa/LUFA-git/LUFA/Drivers/USB/Core/AVR8/../AVR8/Endpoint_AVR8.h **** 			 *  \ingroup Group_EndpointPacketManagement_AVR8
 321:/users/hunter/downloads/tmk_core/protocol/lufa/LUFA-git/LUFA/Drivers/USB/Core/AVR8/../AVR8/Endpoint_AVR8.h **** 			 *
 322:/users/hunter/downloads/tmk_core/protocol/lufa/LUFA-git/LUFA/Drivers/USB/Core/AVR8/../AVR8/Endpoint_AVR8.h **** 			 *  \return Total number of busy banks in the selected endpoint.
 323:/users/hunter/downloads/tmk_core/protocol/lufa/LUFA-git/LUFA/Drivers/USB/Core/AVR8/../AVR8/Endpoint_AVR8.h **** 			 */
 324:/users/hunter/downloads/tmk_core/protocol/lufa/LUFA-git/LUFA/Drivers/USB/Core/AVR8/../AVR8/Endpoint_AVR8.h **** 			static inline uint8_t Endpoint_GetBusyBanks(void) ATTR_ALWAYS_INLINE ATTR_WARN_UNUSED_RESULT;
 325:/users/hunter/downloads/tmk_core/protocol/lufa/LUFA-git/LUFA/Drivers/USB/Core/AVR8/../AVR8/Endpoint_AVR8.h **** 			static inline uint8_t Endpoint_GetBusyBanks(void)
 326:/users/hunter/downloads/tmk_core/protocol/lufa/LUFA-git/LUFA/Drivers/USB/Core/AVR8/../AVR8/Endpoint_AVR8.h **** 			{
 327:/users/hunter/downloads/tmk_core/protocol/lufa/LUFA-git/LUFA/Drivers/USB/Core/AVR8/../AVR8/Endpoint_AVR8.h **** 				return (UESTA0X & (0x03 << NBUSYBK0));
 328:/users/hunter/downloads/tmk_core/protocol/lufa/LUFA-git/LUFA/Drivers/USB/Core/AVR8/../AVR8/Endpoint_AVR8.h **** 			}
 329:/users/hunter/downloads/tmk_core/protocol/lufa/LUFA-git/LUFA/Drivers/USB/Core/AVR8/../AVR8/Endpoint_AVR8.h **** 
 330:/users/hunter/downloads/tmk_core/protocol/lufa/LUFA-git/LUFA/Drivers/USB/Core/AVR8/../AVR8/Endpoint_AVR8.h **** 			/** Aborts all pending IN transactions on the currently selected endpoint, once the bank
 331:/users/hunter/downloads/tmk_core/protocol/lufa/LUFA-git/LUFA/Drivers/USB/Core/AVR8/../AVR8/Endpoint_AVR8.h **** 			 *  has been queued for transmission to the host via \ref Endpoint_ClearIN(). This function
 332:/users/hunter/downloads/tmk_core/protocol/lufa/LUFA-git/LUFA/Drivers/USB/Core/AVR8/../AVR8/Endpoint_AVR8.h **** 			 *  will terminate all queued transactions, resetting the endpoint banks ready for a new
 333:/users/hunter/downloads/tmk_core/protocol/lufa/LUFA-git/LUFA/Drivers/USB/Core/AVR8/../AVR8/Endpoint_AVR8.h **** 			 *  packet.
 334:/users/hunter/downloads/tmk_core/protocol/lufa/LUFA-git/LUFA/Drivers/USB/Core/AVR8/../AVR8/Endpoint_AVR8.h **** 			 *
 335:/users/hunter/downloads/tmk_core/protocol/lufa/LUFA-git/LUFA/Drivers/USB/Core/AVR8/../AVR8/Endpoint_AVR8.h **** 			 *  \ingroup Group_EndpointPacketManagement_AVR8
 336:/users/hunter/downloads/tmk_core/protocol/lufa/LUFA-git/LUFA/Drivers/USB/Core/AVR8/../AVR8/Endpoint_AVR8.h **** 			 */
 337:/users/hunter/downloads/tmk_core/protocol/lufa/LUFA-git/LUFA/Drivers/USB/Core/AVR8/../AVR8/Endpoint_AVR8.h **** 			static inline void Endpoint_AbortPendingIN(void)
 338:/users/hunter/downloads/tmk_core/protocol/lufa/LUFA-git/LUFA/Drivers/USB/Core/AVR8/../AVR8/Endpoint_AVR8.h **** 			{
 339:/users/hunter/downloads/tmk_core/protocol/lufa/LUFA-git/LUFA/Drivers/USB/Core/AVR8/../AVR8/Endpoint_AVR8.h **** 				while (Endpoint_GetBusyBanks() != 0)
 340:/users/hunter/downloads/tmk_core/protocol/lufa/LUFA-git/LUFA/Drivers/USB/Core/AVR8/../AVR8/Endpoint_AVR8.h **** 				{
 341:/users/hunter/downloads/tmk_core/protocol/lufa/LUFA-git/LUFA/Drivers/USB/Core/AVR8/../AVR8/Endpoint_AVR8.h **** 					UEINTX |= (1 << RXOUTI);
 342:/users/hunter/downloads/tmk_core/protocol/lufa/LUFA-git/LUFA/Drivers/USB/Core/AVR8/../AVR8/Endpoint_AVR8.h **** 					while (UEINTX & (1 << RXOUTI));
 343:/users/hunter/downloads/tmk_core/protocol/lufa/LUFA-git/LUFA/Drivers/USB/Core/AVR8/../AVR8/Endpoint_AVR8.h **** 				}
 344:/users/hunter/downloads/tmk_core/protocol/lufa/LUFA-git/LUFA/Drivers/USB/Core/AVR8/../AVR8/Endpoint_AVR8.h **** 			}
 345:/users/hunter/downloads/tmk_core/protocol/lufa/LUFA-git/LUFA/Drivers/USB/Core/AVR8/../AVR8/Endpoint_AVR8.h **** 
 346:/users/hunter/downloads/tmk_core/protocol/lufa/LUFA-git/LUFA/Drivers/USB/Core/AVR8/../AVR8/Endpoint_AVR8.h **** 			/** Determines if the currently selected endpoint may be read from (if data is waiting in the en
 347:/users/hunter/downloads/tmk_core/protocol/lufa/LUFA-git/LUFA/Drivers/USB/Core/AVR8/../AVR8/Endpoint_AVR8.h **** 			 *  bank and the endpoint is an OUT direction, or if the bank is not yet full if the endpoint is
 348:/users/hunter/downloads/tmk_core/protocol/lufa/LUFA-git/LUFA/Drivers/USB/Core/AVR8/../AVR8/Endpoint_AVR8.h **** 			 *  direction). This function will return false if an error has occurred in the endpoint, if the
 349:/users/hunter/downloads/tmk_core/protocol/lufa/LUFA-git/LUFA/Drivers/USB/Core/AVR8/../AVR8/Endpoint_AVR8.h **** 			 *  is an OUT direction and no packet (or an empty packet) has been received, or if the endpoint
 350:/users/hunter/downloads/tmk_core/protocol/lufa/LUFA-git/LUFA/Drivers/USB/Core/AVR8/../AVR8/Endpoint_AVR8.h **** 			 *  direction and the endpoint bank is full.
 351:/users/hunter/downloads/tmk_core/protocol/lufa/LUFA-git/LUFA/Drivers/USB/Core/AVR8/../AVR8/Endpoint_AVR8.h **** 			 *
 352:/users/hunter/downloads/tmk_core/protocol/lufa/LUFA-git/LUFA/Drivers/USB/Core/AVR8/../AVR8/Endpoint_AVR8.h **** 			 *  \ingroup Group_EndpointPacketManagement_AVR8
 353:/users/hunter/downloads/tmk_core/protocol/lufa/LUFA-git/LUFA/Drivers/USB/Core/AVR8/../AVR8/Endpoint_AVR8.h **** 			 *
 354:/users/hunter/downloads/tmk_core/protocol/lufa/LUFA-git/LUFA/Drivers/USB/Core/AVR8/../AVR8/Endpoint_AVR8.h **** 			 *  \return Boolean \c true if the currently selected endpoint may be read from or written to, d
 355:/users/hunter/downloads/tmk_core/protocol/lufa/LUFA-git/LUFA/Drivers/USB/Core/AVR8/../AVR8/Endpoint_AVR8.h **** 			 *          on its direction.
 356:/users/hunter/downloads/tmk_core/protocol/lufa/LUFA-git/LUFA/Drivers/USB/Core/AVR8/../AVR8/Endpoint_AVR8.h **** 			 */
 357:/users/hunter/downloads/tmk_core/protocol/lufa/LUFA-git/LUFA/Drivers/USB/Core/AVR8/../AVR8/Endpoint_AVR8.h **** 			static inline bool Endpoint_IsReadWriteAllowed(void) ATTR_WARN_UNUSED_RESULT ATTR_ALWAYS_INLINE;
 358:/users/hunter/downloads/tmk_core/protocol/lufa/LUFA-git/LUFA/Drivers/USB/Core/AVR8/../AVR8/Endpoint_AVR8.h **** 			static inline bool Endpoint_IsReadWriteAllowed(void)
 359:/users/hunter/downloads/tmk_core/protocol/lufa/LUFA-git/LUFA/Drivers/USB/Core/AVR8/../AVR8/Endpoint_AVR8.h **** 			{
 360:/users/hunter/downloads/tmk_core/protocol/lufa/LUFA-git/LUFA/Drivers/USB/Core/AVR8/../AVR8/Endpoint_AVR8.h **** 				return ((UEINTX & (1 << RWAL)) ? true : false);
 361:/users/hunter/downloads/tmk_core/protocol/lufa/LUFA-git/LUFA/Drivers/USB/Core/AVR8/../AVR8/Endpoint_AVR8.h **** 			}
 362:/users/hunter/downloads/tmk_core/protocol/lufa/LUFA-git/LUFA/Drivers/USB/Core/AVR8/../AVR8/Endpoint_AVR8.h **** 
 363:/users/hunter/downloads/tmk_core/protocol/lufa/LUFA-git/LUFA/Drivers/USB/Core/AVR8/../AVR8/Endpoint_AVR8.h **** 			/** Determines if the currently selected endpoint is configured.
 364:/users/hunter/downloads/tmk_core/protocol/lufa/LUFA-git/LUFA/Drivers/USB/Core/AVR8/../AVR8/Endpoint_AVR8.h **** 			 *
 365:/users/hunter/downloads/tmk_core/protocol/lufa/LUFA-git/LUFA/Drivers/USB/Core/AVR8/../AVR8/Endpoint_AVR8.h **** 			 *  \return Boolean \c true if the currently selected endpoint has been configured, \c false oth
 366:/users/hunter/downloads/tmk_core/protocol/lufa/LUFA-git/LUFA/Drivers/USB/Core/AVR8/../AVR8/Endpoint_AVR8.h **** 			 */
 367:/users/hunter/downloads/tmk_core/protocol/lufa/LUFA-git/LUFA/Drivers/USB/Core/AVR8/../AVR8/Endpoint_AVR8.h **** 			static inline bool Endpoint_IsConfigured(void) ATTR_WARN_UNUSED_RESULT ATTR_ALWAYS_INLINE;
 368:/users/hunter/downloads/tmk_core/protocol/lufa/LUFA-git/LUFA/Drivers/USB/Core/AVR8/../AVR8/Endpoint_AVR8.h **** 			static inline bool Endpoint_IsConfigured(void)
 369:/users/hunter/downloads/tmk_core/protocol/lufa/LUFA-git/LUFA/Drivers/USB/Core/AVR8/../AVR8/Endpoint_AVR8.h **** 			{
 370:/users/hunter/downloads/tmk_core/protocol/lufa/LUFA-git/LUFA/Drivers/USB/Core/AVR8/../AVR8/Endpoint_AVR8.h **** 				return ((UESTA0X & (1 << CFGOK)) ? true : false);
 371:/users/hunter/downloads/tmk_core/protocol/lufa/LUFA-git/LUFA/Drivers/USB/Core/AVR8/../AVR8/Endpoint_AVR8.h **** 			}
 372:/users/hunter/downloads/tmk_core/protocol/lufa/LUFA-git/LUFA/Drivers/USB/Core/AVR8/../AVR8/Endpoint_AVR8.h **** 
 373:/users/hunter/downloads/tmk_core/protocol/lufa/LUFA-git/LUFA/Drivers/USB/Core/AVR8/../AVR8/Endpoint_AVR8.h **** 			/** Returns a mask indicating which INTERRUPT type endpoints have interrupted - i.e. their
 374:/users/hunter/downloads/tmk_core/protocol/lufa/LUFA-git/LUFA/Drivers/USB/Core/AVR8/../AVR8/Endpoint_AVR8.h **** 			 *  interrupt duration has elapsed. Which endpoints have interrupted can be determined by
 375:/users/hunter/downloads/tmk_core/protocol/lufa/LUFA-git/LUFA/Drivers/USB/Core/AVR8/../AVR8/Endpoint_AVR8.h **** 			 *  masking the return value against <tt>(1 << <i>{Endpoint Number}</i>)</tt>.
 376:/users/hunter/downloads/tmk_core/protocol/lufa/LUFA-git/LUFA/Drivers/USB/Core/AVR8/../AVR8/Endpoint_AVR8.h **** 			 *
 377:/users/hunter/downloads/tmk_core/protocol/lufa/LUFA-git/LUFA/Drivers/USB/Core/AVR8/../AVR8/Endpoint_AVR8.h **** 			 *  \return Mask whose bits indicate which endpoints have interrupted.
 378:/users/hunter/downloads/tmk_core/protocol/lufa/LUFA-git/LUFA/Drivers/USB/Core/AVR8/../AVR8/Endpoint_AVR8.h **** 			 */
 379:/users/hunter/downloads/tmk_core/protocol/lufa/LUFA-git/LUFA/Drivers/USB/Core/AVR8/../AVR8/Endpoint_AVR8.h **** 			static inline uint8_t Endpoint_GetEndpointInterrupts(void) ATTR_WARN_UNUSED_RESULT ATTR_ALWAYS_I
 380:/users/hunter/downloads/tmk_core/protocol/lufa/LUFA-git/LUFA/Drivers/USB/Core/AVR8/../AVR8/Endpoint_AVR8.h **** 			static inline uint8_t Endpoint_GetEndpointInterrupts(void)
 381:/users/hunter/downloads/tmk_core/protocol/lufa/LUFA-git/LUFA/Drivers/USB/Core/AVR8/../AVR8/Endpoint_AVR8.h **** 			{
 382:/users/hunter/downloads/tmk_core/protocol/lufa/LUFA-git/LUFA/Drivers/USB/Core/AVR8/../AVR8/Endpoint_AVR8.h **** 				return UEINT;
 383:/users/hunter/downloads/tmk_core/protocol/lufa/LUFA-git/LUFA/Drivers/USB/Core/AVR8/../AVR8/Endpoint_AVR8.h **** 			}
 384:/users/hunter/downloads/tmk_core/protocol/lufa/LUFA-git/LUFA/Drivers/USB/Core/AVR8/../AVR8/Endpoint_AVR8.h **** 
 385:/users/hunter/downloads/tmk_core/protocol/lufa/LUFA-git/LUFA/Drivers/USB/Core/AVR8/../AVR8/Endpoint_AVR8.h **** 			/** Determines if the specified endpoint number has interrupted (valid only for INTERRUPT type
 386:/users/hunter/downloads/tmk_core/protocol/lufa/LUFA-git/LUFA/Drivers/USB/Core/AVR8/../AVR8/Endpoint_AVR8.h **** 			 *  endpoints).
 387:/users/hunter/downloads/tmk_core/protocol/lufa/LUFA-git/LUFA/Drivers/USB/Core/AVR8/../AVR8/Endpoint_AVR8.h **** 			 *
 388:/users/hunter/downloads/tmk_core/protocol/lufa/LUFA-git/LUFA/Drivers/USB/Core/AVR8/../AVR8/Endpoint_AVR8.h **** 			 *  \param[in] Address  Address of the endpoint whose interrupt flag should be tested.
 389:/users/hunter/downloads/tmk_core/protocol/lufa/LUFA-git/LUFA/Drivers/USB/Core/AVR8/../AVR8/Endpoint_AVR8.h **** 			 *
 390:/users/hunter/downloads/tmk_core/protocol/lufa/LUFA-git/LUFA/Drivers/USB/Core/AVR8/../AVR8/Endpoint_AVR8.h **** 			 *  \return Boolean \c true if the specified endpoint has interrupted, \c false otherwise.
 391:/users/hunter/downloads/tmk_core/protocol/lufa/LUFA-git/LUFA/Drivers/USB/Core/AVR8/../AVR8/Endpoint_AVR8.h **** 			 */
 392:/users/hunter/downloads/tmk_core/protocol/lufa/LUFA-git/LUFA/Drivers/USB/Core/AVR8/../AVR8/Endpoint_AVR8.h **** 			static inline bool Endpoint_HasEndpointInterrupted(const uint8_t Address) ATTR_WARN_UNUSED_RESUL
 393:/users/hunter/downloads/tmk_core/protocol/lufa/LUFA-git/LUFA/Drivers/USB/Core/AVR8/../AVR8/Endpoint_AVR8.h **** 			static inline bool Endpoint_HasEndpointInterrupted(const uint8_t Address)
 394:/users/hunter/downloads/tmk_core/protocol/lufa/LUFA-git/LUFA/Drivers/USB/Core/AVR8/../AVR8/Endpoint_AVR8.h **** 			{
 395:/users/hunter/downloads/tmk_core/protocol/lufa/LUFA-git/LUFA/Drivers/USB/Core/AVR8/../AVR8/Endpoint_AVR8.h **** 				return ((Endpoint_GetEndpointInterrupts() & (1 << (Address & ENDPOINT_EPNUM_MASK))) ? true : fa
 396:/users/hunter/downloads/tmk_core/protocol/lufa/LUFA-git/LUFA/Drivers/USB/Core/AVR8/../AVR8/Endpoint_AVR8.h **** 			}
 397:/users/hunter/downloads/tmk_core/protocol/lufa/LUFA-git/LUFA/Drivers/USB/Core/AVR8/../AVR8/Endpoint_AVR8.h **** 
 398:/users/hunter/downloads/tmk_core/protocol/lufa/LUFA-git/LUFA/Drivers/USB/Core/AVR8/../AVR8/Endpoint_AVR8.h **** 			/** Determines if the selected IN endpoint is ready for a new packet to be sent to the host.
 399:/users/hunter/downloads/tmk_core/protocol/lufa/LUFA-git/LUFA/Drivers/USB/Core/AVR8/../AVR8/Endpoint_AVR8.h **** 			 *
 400:/users/hunter/downloads/tmk_core/protocol/lufa/LUFA-git/LUFA/Drivers/USB/Core/AVR8/../AVR8/Endpoint_AVR8.h **** 			 *  \ingroup Group_EndpointPacketManagement_AVR8
 401:/users/hunter/downloads/tmk_core/protocol/lufa/LUFA-git/LUFA/Drivers/USB/Core/AVR8/../AVR8/Endpoint_AVR8.h **** 			 *
 402:/users/hunter/downloads/tmk_core/protocol/lufa/LUFA-git/LUFA/Drivers/USB/Core/AVR8/../AVR8/Endpoint_AVR8.h **** 			 *  \return Boolean \c true if the current endpoint is ready for an IN packet, \c false otherwis
 403:/users/hunter/downloads/tmk_core/protocol/lufa/LUFA-git/LUFA/Drivers/USB/Core/AVR8/../AVR8/Endpoint_AVR8.h **** 			 */
 404:/users/hunter/downloads/tmk_core/protocol/lufa/LUFA-git/LUFA/Drivers/USB/Core/AVR8/../AVR8/Endpoint_AVR8.h **** 			static inline bool Endpoint_IsINReady(void) ATTR_WARN_UNUSED_RESULT ATTR_ALWAYS_INLINE;
 405:/users/hunter/downloads/tmk_core/protocol/lufa/LUFA-git/LUFA/Drivers/USB/Core/AVR8/../AVR8/Endpoint_AVR8.h **** 			static inline bool Endpoint_IsINReady(void)
 406:/users/hunter/downloads/tmk_core/protocol/lufa/LUFA-git/LUFA/Drivers/USB/Core/AVR8/../AVR8/Endpoint_AVR8.h **** 			{
 407:/users/hunter/downloads/tmk_core/protocol/lufa/LUFA-git/LUFA/Drivers/USB/Core/AVR8/../AVR8/Endpoint_AVR8.h **** 				return ((UEINTX & (1 << TXINI)) ? true : false);
 408:/users/hunter/downloads/tmk_core/protocol/lufa/LUFA-git/LUFA/Drivers/USB/Core/AVR8/../AVR8/Endpoint_AVR8.h **** 			}
 409:/users/hunter/downloads/tmk_core/protocol/lufa/LUFA-git/LUFA/Drivers/USB/Core/AVR8/../AVR8/Endpoint_AVR8.h **** 
 410:/users/hunter/downloads/tmk_core/protocol/lufa/LUFA-git/LUFA/Drivers/USB/Core/AVR8/../AVR8/Endpoint_AVR8.h **** 			/** Determines if the selected OUT endpoint has received new packet from the host.
 411:/users/hunter/downloads/tmk_core/protocol/lufa/LUFA-git/LUFA/Drivers/USB/Core/AVR8/../AVR8/Endpoint_AVR8.h **** 			 *
 412:/users/hunter/downloads/tmk_core/protocol/lufa/LUFA-git/LUFA/Drivers/USB/Core/AVR8/../AVR8/Endpoint_AVR8.h **** 			 *  \ingroup Group_EndpointPacketManagement_AVR8
 413:/users/hunter/downloads/tmk_core/protocol/lufa/LUFA-git/LUFA/Drivers/USB/Core/AVR8/../AVR8/Endpoint_AVR8.h **** 			 *
 414:/users/hunter/downloads/tmk_core/protocol/lufa/LUFA-git/LUFA/Drivers/USB/Core/AVR8/../AVR8/Endpoint_AVR8.h **** 			 *  \return Boolean \c true if current endpoint is has received an OUT packet, \c false otherwis
 415:/users/hunter/downloads/tmk_core/protocol/lufa/LUFA-git/LUFA/Drivers/USB/Core/AVR8/../AVR8/Endpoint_AVR8.h **** 			 */
 416:/users/hunter/downloads/tmk_core/protocol/lufa/LUFA-git/LUFA/Drivers/USB/Core/AVR8/../AVR8/Endpoint_AVR8.h **** 			static inline bool Endpoint_IsOUTReceived(void) ATTR_WARN_UNUSED_RESULT ATTR_ALWAYS_INLINE;
 417:/users/hunter/downloads/tmk_core/protocol/lufa/LUFA-git/LUFA/Drivers/USB/Core/AVR8/../AVR8/Endpoint_AVR8.h **** 			static inline bool Endpoint_IsOUTReceived(void)
 418:/users/hunter/downloads/tmk_core/protocol/lufa/LUFA-git/LUFA/Drivers/USB/Core/AVR8/../AVR8/Endpoint_AVR8.h **** 			{
 419:/users/hunter/downloads/tmk_core/protocol/lufa/LUFA-git/LUFA/Drivers/USB/Core/AVR8/../AVR8/Endpoint_AVR8.h **** 				return ((UEINTX & (1 << RXOUTI)) ? true : false);
 420:/users/hunter/downloads/tmk_core/protocol/lufa/LUFA-git/LUFA/Drivers/USB/Core/AVR8/../AVR8/Endpoint_AVR8.h **** 			}
 421:/users/hunter/downloads/tmk_core/protocol/lufa/LUFA-git/LUFA/Drivers/USB/Core/AVR8/../AVR8/Endpoint_AVR8.h **** 
 422:/users/hunter/downloads/tmk_core/protocol/lufa/LUFA-git/LUFA/Drivers/USB/Core/AVR8/../AVR8/Endpoint_AVR8.h **** 			/** Determines if the current CONTROL type endpoint has received a SETUP packet.
 423:/users/hunter/downloads/tmk_core/protocol/lufa/LUFA-git/LUFA/Drivers/USB/Core/AVR8/../AVR8/Endpoint_AVR8.h **** 			 *
 424:/users/hunter/downloads/tmk_core/protocol/lufa/LUFA-git/LUFA/Drivers/USB/Core/AVR8/../AVR8/Endpoint_AVR8.h **** 			 *  \ingroup Group_EndpointPacketManagement_AVR8
 425:/users/hunter/downloads/tmk_core/protocol/lufa/LUFA-git/LUFA/Drivers/USB/Core/AVR8/../AVR8/Endpoint_AVR8.h **** 			 *
 426:/users/hunter/downloads/tmk_core/protocol/lufa/LUFA-git/LUFA/Drivers/USB/Core/AVR8/../AVR8/Endpoint_AVR8.h **** 			 *  \return Boolean \c true if the selected endpoint has received a SETUP packet, \c false other
 427:/users/hunter/downloads/tmk_core/protocol/lufa/LUFA-git/LUFA/Drivers/USB/Core/AVR8/../AVR8/Endpoint_AVR8.h **** 			 */
 428:/users/hunter/downloads/tmk_core/protocol/lufa/LUFA-git/LUFA/Drivers/USB/Core/AVR8/../AVR8/Endpoint_AVR8.h **** 			static inline bool Endpoint_IsSETUPReceived(void) ATTR_WARN_UNUSED_RESULT ATTR_ALWAYS_INLINE;
 429:/users/hunter/downloads/tmk_core/protocol/lufa/LUFA-git/LUFA/Drivers/USB/Core/AVR8/../AVR8/Endpoint_AVR8.h **** 			static inline bool Endpoint_IsSETUPReceived(void)
 430:/users/hunter/downloads/tmk_core/protocol/lufa/LUFA-git/LUFA/Drivers/USB/Core/AVR8/../AVR8/Endpoint_AVR8.h **** 			{
 431:/users/hunter/downloads/tmk_core/protocol/lufa/LUFA-git/LUFA/Drivers/USB/Core/AVR8/../AVR8/Endpoint_AVR8.h **** 				return ((UEINTX & (1 << RXSTPI)) ? true : false);
  62               		.loc 2 431 0
  63 0020 8091 E800 		lds r24,232
  64               	.LBE38:
  65               	.LBE37:
  64:/users/hunter/downloads/tmk_core/protocol/lufa/LUFA-git/LUFA/Drivers/USB/Core/USBTask.c **** 	  return;
  65:/users/hunter/downloads/tmk_core/protocol/lufa/LUFA-git/LUFA/Drivers/USB/Core/USBTask.c **** 
  66:/users/hunter/downloads/tmk_core/protocol/lufa/LUFA-git/LUFA/Drivers/USB/Core/USBTask.c **** 	uint8_t PrevEndpoint = Endpoint_GetCurrentEndpoint();
  67:/users/hunter/downloads/tmk_core/protocol/lufa/LUFA-git/LUFA/Drivers/USB/Core/USBTask.c **** 
  68:/users/hunter/downloads/tmk_core/protocol/lufa/LUFA-git/LUFA/Drivers/USB/Core/USBTask.c **** 	Endpoint_SelectEndpoint(ENDPOINT_CONTROLEP);
  69:/users/hunter/downloads/tmk_core/protocol/lufa/LUFA-git/LUFA/Drivers/USB/Core/USBTask.c **** 
  70:/users/hunter/downloads/tmk_core/protocol/lufa/LUFA-git/LUFA/Drivers/USB/Core/USBTask.c **** 	if (Endpoint_IsSETUPReceived())
  66               		.loc 1 70 0
  67 0024 83FD      		sbrc r24,3
  71:/users/hunter/downloads/tmk_core/protocol/lufa/LUFA-git/LUFA/Drivers/USB/Core/USBTask.c **** 	  USB_Device_ProcessControlRequest();
  68               		.loc 1 71 0
  69 0026 0E94 0000 		call USB_Device_ProcessControlRequest
  70               	.LVL2:
  71               	.L4:
  72               	.LBB39:
  73               	.LBB40:
 270:/users/hunter/downloads/tmk_core/protocol/lufa/LUFA-git/LUFA/Drivers/USB/Core/AVR8/../AVR8/Endpoint_AVR8.h **** 				#endif
  74               		.loc 2 270 0
  75 002a CF70      		andi r28,lo8(15)
  76               	.LVL3:
  77 002c C093 E900 		sts 233,r28
  78               	.L1:
  79               	/* epilogue start */
  80               	.LBE40:
  81               	.LBE39:
  82               	.LBE27:
  83               	.LBE26:
  58:/users/hunter/downloads/tmk_core/protocol/lufa/LUFA-git/LUFA/Drivers/USB/Core/USBTask.c **** 
  84               		.loc 1 58 0
  85 0030 CF91      		pop r28
  86 0032 0895      		ret
  87               	.L5:
  88               	.LBB43:
  89               	.LBB42:
  90               	.LBB41:
  91               	.LBB34:
  92               	.LBB33:
  93               	.LBB32:
 240:/users/hunter/downloads/tmk_core/protocol/lufa/LUFA-git/LUFA/Drivers/USB/Core/AVR8/../AVR8/Endpoint_AVR8.h **** 			}
  94               		.loc 2 240 0
  95 0034 80E8      		ldi r24,lo8(-128)
  96 0036 00C0      		rjmp .L3
  97               	.LBE32:
  98               	.LBE33:
  99               	.LBE34:
 100               	.LBE41:
 101               	.LBE42:
 102               	.LBE43:
 103               		.cfi_endproc
 104               	.LFE85:
 106               		.comm	USB_DeviceState,1,1
 107               		.comm	USB_ControlRequest,8,1
 108               		.comm	USB_IsInitialized,1,1
 109               		.text
 110               	.Letext0:
 111               		.file 3 "/opt/local/avr/include/stdint.h"
 112               		.file 4 "/users/hunter/downloads/tmk_core/protocol/lufa/LUFA-git/LUFA/Drivers/USB/Core/AVR8/../Std
 113               		.file 5 "/users/hunter/downloads/tmk_core/protocol/lufa/LUFA-git/LUFA/Drivers/USB/Core/AVR8/../Dev
 114               		.file 6 "/users/hunter/downloads/tmk_core/protocol/lufa/LUFA-git/LUFA/Drivers/USB/Core/USBTask.h"
 115               		.file 7 "/users/hunter/downloads/tmk_core/protocol/lufa/LUFA-git/LUFA/Drivers/USB/Core/AVR8/../Dev
DEFINED SYMBOLS
                            *ABS*:0000000000000000 USBTask.c
/var/folders/qj/kb_cqn1j20vbbrqdphlhjt3c0000gn/T//ccyiaw0f.s:2      *ABS*:000000000000003e __SP_H__
/var/folders/qj/kb_cqn1j20vbbrqdphlhjt3c0000gn/T//ccyiaw0f.s:3      *ABS*:000000000000003d __SP_L__
/var/folders/qj/kb_cqn1j20vbbrqdphlhjt3c0000gn/T//ccyiaw0f.s:4      *ABS*:000000000000003f __SREG__
/var/folders/qj/kb_cqn1j20vbbrqdphlhjt3c0000gn/T//ccyiaw0f.s:5      *ABS*:0000000000000000 __tmp_reg__
/var/folders/qj/kb_cqn1j20vbbrqdphlhjt3c0000gn/T//ccyiaw0f.s:6      *ABS*:0000000000000001 __zero_reg__
/var/folders/qj/kb_cqn1j20vbbrqdphlhjt3c0000gn/T//ccyiaw0f.s:13     .text.USB_USBTask:0000000000000000 USB_USBTask
                            *COM*:0000000000000001 USB_DeviceState
                            *COM*:0000000000000008 USB_ControlRequest
                            *COM*:0000000000000001 USB_IsInitialized

UNDEFINED SYMBOLS
USB_Device_ProcessControlRequest
__do_clear_bss
